[0.623s] DEBUG:colcon:Command line arguments: ['/usr/bin/colcon', 'list', '-p', '--base-paths', '/home/stinky/Documents/ros2_ws']
[0.623s] DEBUG:colcon:Parsed command line arguments: Namespace(log_base=None, log_level=None, verb_name='list', build_base='build', ignore_user_meta=False, metas=['./colcon.meta'], base_paths=['/home/stinky/Documents/ros2_ws'], packages_ignore=None, packages_ignore_regex=None, paths=None, packages_up_to=None, packages_up_to_regex=None, packages_above=None, packages_above_and_dependencies=None, packages_above_depth=None, packages_select_by_dep=None, packages_skip_by_dep=None, packages_skip_up_to=None, packages_select_build_failed=False, packages_skip_build_finished=False, packages_select_test_failures=False, packages_skip_test_passed=False, packages_select=None, packages_skip=None, packages_select_regex=None, packages_skip_regex=None, packages_start=None, packages_end=None, allow_overriding=[], topological_order=False, names_only=False, paths_only=True, topological_graph=False, topological_graph_dot=False, topological_graph_density=False, topological_graph_legend=False, topological_graph_dot_cluster=False, topological_graph_dot_include_skipped=False, verb_parser=<colcon_defaults.argument_parser.defaults.DefaultArgumentsDecorator object at 0x7fe0564c6f50>, verb_extension=<colcon_package_information.verb.list.ListVerb object at 0x7fe056472410>, main=<bound method ListVerb.main of <colcon_package_information.verb.list.ListVerb object at 0x7fe056472410>>)
[0.662s] Level 1:colcon.colcon_core.package_discovery:discover_packages(colcon_meta) check parameters
[0.662s] Level 1:colcon.colcon_core.package_discovery:discover_packages(recursive) check parameters
[0.662s] Level 1:colcon.colcon_core.package_discovery:discover_packages(ignore) check parameters
[0.662s] Level 1:colcon.colcon_core.package_discovery:discover_packages(path) check parameters
[0.662s] Level 1:colcon.colcon_core.package_discovery:discover_packages(recursive) discover
[0.662s] INFO:colcon.colcon_core.package_discovery:Crawling recursively for packages in '/home/stinky/Documents/ros2_ws'
[0.663s] Level 1:colcon.colcon_core.package_identification:_identify(/home/stinky/Documents/ros2_ws) by extensions ['ignore', 'ignore_ament_install']
[0.663s] Level 1:colcon.colcon_core.package_identification:_identify(/home/stinky/Documents/ros2_ws) by extension 'ignore'
[0.663s] Level 1:colcon.colcon_core.package_identification:_identify(/home/stinky/Documents/ros2_ws) by extension 'ignore_ament_install'
[0.663s] Level 1:colcon.colcon_core.package_identification:_identify(/home/stinky/Documents/ros2_ws) by extensions ['colcon_pkg']
[0.663s] Level 1:colcon.colcon_core.package_identification:_identify(/home/stinky/Documents/ros2_ws) by extension 'colcon_pkg'
[0.663s] Level 1:colcon.colcon_core.package_identification:_identify(/home/stinky/Documents/ros2_ws) by extensions ['colcon_meta']
[0.663s] Level 1:colcon.colcon_core.package_identification:_identify(/home/stinky/Documents/ros2_ws) by extension 'colcon_meta'
[0.663s] Level 1:colcon.colcon_core.package_identification:_identify(/home/stinky/Documents/ros2_ws) by extensions ['ros']
[0.663s] Level 1:colcon.colcon_core.package_identification:_identify(/home/stinky/Documents/ros2_ws) by extension 'ros'
[0.695s] Level 1:colcon.colcon_core.package_identification:_identify(/home/stinky/Documents/ros2_ws) by extensions ['cmake', 'python']
[0.695s] Level 1:colcon.colcon_core.package_identification:_identify(/home/stinky/Documents/ros2_ws) by extension 'cmake'
[0.695s] Level 1:colcon.colcon_core.package_identification:_identify(/home/stinky/Documents/ros2_ws) by extension 'python'
[0.695s] Level 1:colcon.colcon_core.package_identification:_identify(/home/stinky/Documents/ros2_ws) by extensions ['python_setup_py']
[0.695s] Level 1:colcon.colcon_core.package_identification:_identify(/home/stinky/Documents/ros2_ws) by extension 'python_setup_py'
[0.695s] Level 1:colcon.colcon_core.package_identification:_identify(/home/stinky/Documents/ros2_ws/build) by extensions ['ignore', 'ignore_ament_install']
[0.696s] Level 1:colcon.colcon_core.package_identification:_identify(/home/stinky/Documents/ros2_ws/build) by extension 'ignore'
[0.696s] Level 1:colcon.colcon_core.package_identification:_identify(/home/stinky/Documents/ros2_ws/build) ignored
[0.696s] Level 1:colcon.colcon_core.package_identification:_identify(/home/stinky/Documents/ros2_ws/install) by extensions ['ignore', 'ignore_ament_install']
[0.696s] Level 1:colcon.colcon_core.package_identification:_identify(/home/stinky/Documents/ros2_ws/install) by extension 'ignore'
[0.696s] Level 1:colcon.colcon_core.package_identification:_identify(/home/stinky/Documents/ros2_ws/install) ignored
[0.696s] Level 1:colcon.colcon_core.package_identification:_identify(/home/stinky/Documents/ros2_ws/log) by extensions ['ignore', 'ignore_ament_install']
[0.696s] Level 1:colcon.colcon_core.package_identification:_identify(/home/stinky/Documents/ros2_ws/log) by extension 'ignore'
[0.696s] Level 1:colcon.colcon_core.package_identification:_identify(/home/stinky/Documents/ros2_ws/log) ignored
[0.697s] Level 1:colcon.colcon_core.package_identification:_identify(/home/stinky/Documents/ros2_ws/src) by extensions ['ignore', 'ignore_ament_install']
[0.697s] Level 1:colcon.colcon_core.package_identification:_identify(/home/stinky/Documents/ros2_ws/src) by extension 'ignore'
[0.697s] Level 1:colcon.colcon_core.package_identification:_identify(/home/stinky/Documents/ros2_ws/src) by extension 'ignore_ament_install'
[0.697s] Level 1:colcon.colcon_core.package_identification:_identify(/home/stinky/Documents/ros2_ws/src) by extensions ['colcon_pkg']
[0.697s] Level 1:colcon.colcon_core.package_identification:_identify(/home/stinky/Documents/ros2_ws/src) by extension 'colcon_pkg'
[0.697s] Level 1:colcon.colcon_core.package_identification:_identify(/home/stinky/Documents/ros2_ws/src) by extensions ['colcon_meta']
[0.697s] Level 1:colcon.colcon_core.package_identification:_identify(/home/stinky/Documents/ros2_ws/src) by extension 'colcon_meta'
[0.697s] Level 1:colcon.colcon_core.package_identification:_identify(/home/stinky/Documents/ros2_ws/src) by extensions ['ros']
[0.697s] Level 1:colcon.colcon_core.package_identification:_identify(/home/stinky/Documents/ros2_ws/src) by extension 'ros'
[0.697s] Level 1:colcon.colcon_core.package_identification:_identify(/home/stinky/Documents/ros2_ws/src) by extensions ['cmake', 'python']
[0.697s] Level 1:colcon.colcon_core.package_identification:_identify(/home/stinky/Documents/ros2_ws/src) by extension 'cmake'
[0.697s] Level 1:colcon.colcon_core.package_identification:_identify(/home/stinky/Documents/ros2_ws/src) by extension 'python'
[0.697s] Level 1:colcon.colcon_core.package_identification:_identify(/home/stinky/Documents/ros2_ws/src) by extensions ['python_setup_py']
[0.697s] Level 1:colcon.colcon_core.package_identification:_identify(/home/stinky/Documents/ros2_ws/src) by extension 'python_setup_py'
[0.698s] Level 1:colcon.colcon_core.package_identification:_identify(/home/stinky/Documents/ros2_ws/src/cpp_pubsub) by extensions ['ignore', 'ignore_ament_install']
[0.698s] Level 1:colcon.colcon_core.package_identification:_identify(/home/stinky/Documents/ros2_ws/src/cpp_pubsub) by extension 'ignore'
[0.698s] Level 1:colcon.colcon_core.package_identification:_identify(/home/stinky/Documents/ros2_ws/src/cpp_pubsub) by extension 'ignore_ament_install'
[0.698s] Level 1:colcon.colcon_core.package_identification:_identify(/home/stinky/Documents/ros2_ws/src/cpp_pubsub) by extensions ['colcon_pkg']
[0.698s] Level 1:colcon.colcon_core.package_identification:_identify(/home/stinky/Documents/ros2_ws/src/cpp_pubsub) by extension 'colcon_pkg'
[0.698s] Level 1:colcon.colcon_core.package_identification:_identify(/home/stinky/Documents/ros2_ws/src/cpp_pubsub) by extensions ['colcon_meta']
[0.698s] Level 1:colcon.colcon_core.package_identification:_identify(/home/stinky/Documents/ros2_ws/src/cpp_pubsub) by extension 'colcon_meta'
[0.698s] Level 1:colcon.colcon_core.package_identification:_identify(/home/stinky/Documents/ros2_ws/src/cpp_pubsub) by extensions ['ros']
[0.698s] Level 1:colcon.colcon_core.package_identification:_identify(/home/stinky/Documents/ros2_ws/src/cpp_pubsub) by extension 'ros'
[0.702s] DEBUG:colcon.colcon_core.package_identification:Package '/home/stinky/Documents/ros2_ws/src/cpp_pubsub' with type 'ros.ament_cmake' and name 'cpp_pubsub'
[0.703s] Level 1:colcon.colcon_core.package_identification:_identify(/home/stinky/Documents/ros2_ws/src/cpp_srvcli) by extensions ['ignore', 'ignore_ament_install']
[0.703s] Level 1:colcon.colcon_core.package_identification:_identify(/home/stinky/Documents/ros2_ws/src/cpp_srvcli) by extension 'ignore'
[0.703s] Level 1:colcon.colcon_core.package_identification:_identify(/home/stinky/Documents/ros2_ws/src/cpp_srvcli) by extension 'ignore_ament_install'
[0.703s] Level 1:colcon.colcon_core.package_identification:_identify(/home/stinky/Documents/ros2_ws/src/cpp_srvcli) by extensions ['colcon_pkg']
[0.703s] Level 1:colcon.colcon_core.package_identification:_identify(/home/stinky/Documents/ros2_ws/src/cpp_srvcli) by extension 'colcon_pkg'
[0.703s] Level 1:colcon.colcon_core.package_identification:_identify(/home/stinky/Documents/ros2_ws/src/cpp_srvcli) by extensions ['colcon_meta']
[0.703s] Level 1:colcon.colcon_core.package_identification:_identify(/home/stinky/Documents/ros2_ws/src/cpp_srvcli) by extension 'colcon_meta'
[0.703s] Level 1:colcon.colcon_core.package_identification:_identify(/home/stinky/Documents/ros2_ws/src/cpp_srvcli) by extensions ['ros']
[0.703s] Level 1:colcon.colcon_core.package_identification:_identify(/home/stinky/Documents/ros2_ws/src/cpp_srvcli) by extension 'ros'
[0.705s] DEBUG:colcon.colcon_core.package_identification:Package '/home/stinky/Documents/ros2_ws/src/cpp_srvcli' with type 'ros.ament_cmake' and name 'cpp_srvcli'
[0.705s] Level 1:colcon.colcon_core.package_identification:_identify(/home/stinky/Documents/ros2_ws/src/ros_tutorials) by extensions ['ignore', 'ignore_ament_install']
[0.706s] Level 1:colcon.colcon_core.package_identification:_identify(/home/stinky/Documents/ros2_ws/src/ros_tutorials) by extension 'ignore'
[0.706s] Level 1:colcon.colcon_core.package_identification:_identify(/home/stinky/Documents/ros2_ws/src/ros_tutorials) by extension 'ignore_ament_install'
[0.706s] Level 1:colcon.colcon_core.package_identification:_identify(/home/stinky/Documents/ros2_ws/src/ros_tutorials) by extensions ['colcon_pkg']
[0.706s] Level 1:colcon.colcon_core.package_identification:_identify(/home/stinky/Documents/ros2_ws/src/ros_tutorials) by extension 'colcon_pkg'
[0.706s] Level 1:colcon.colcon_core.package_identification:_identify(/home/stinky/Documents/ros2_ws/src/ros_tutorials) by extensions ['colcon_meta']
[0.706s] Level 1:colcon.colcon_core.package_identification:_identify(/home/stinky/Documents/ros2_ws/src/ros_tutorials) by extension 'colcon_meta'
[0.706s] Level 1:colcon.colcon_core.package_identification:_identify(/home/stinky/Documents/ros2_ws/src/ros_tutorials) by extensions ['ros']
[0.706s] Level 1:colcon.colcon_core.package_identification:_identify(/home/stinky/Documents/ros2_ws/src/ros_tutorials) by extension 'ros'
[0.707s] Level 1:colcon.colcon_core.package_identification:_identify(/home/stinky/Documents/ros2_ws/src/ros_tutorials) by extensions ['cmake', 'python']
[0.707s] Level 1:colcon.colcon_core.package_identification:_identify(/home/stinky/Documents/ros2_ws/src/ros_tutorials) by extension 'cmake'
[0.707s] Level 1:colcon.colcon_core.package_identification:_identify(/home/stinky/Documents/ros2_ws/src/ros_tutorials) by extension 'python'
[0.707s] Level 1:colcon.colcon_core.package_identification:_identify(/home/stinky/Documents/ros2_ws/src/ros_tutorials) by extensions ['python_setup_py']
[0.707s] Level 1:colcon.colcon_core.package_identification:_identify(/home/stinky/Documents/ros2_ws/src/ros_tutorials) by extension 'python_setup_py'
[0.707s] Level 1:colcon.colcon_core.package_identification:_identify(/home/stinky/Documents/ros2_ws/src/ros_tutorials/ros_tutorials) by extensions ['ignore', 'ignore_ament_install']
[0.707s] Level 1:colcon.colcon_core.package_identification:_identify(/home/stinky/Documents/ros2_ws/src/ros_tutorials/ros_tutorials) by extension 'ignore'
[0.708s] Level 1:colcon.colcon_core.package_identification:_identify(/home/stinky/Documents/ros2_ws/src/ros_tutorials/ros_tutorials) ignored
[0.708s] Level 1:colcon.colcon_core.package_identification:_identify(/home/stinky/Documents/ros2_ws/src/ros_tutorials/roscpp_tutorials) by extensions ['ignore', 'ignore_ament_install']
[0.708s] Level 1:colcon.colcon_core.package_identification:_identify(/home/stinky/Documents/ros2_ws/src/ros_tutorials/roscpp_tutorials) by extension 'ignore'
[0.708s] Level 1:colcon.colcon_core.package_identification:_identify(/home/stinky/Documents/ros2_ws/src/ros_tutorials/roscpp_tutorials) ignored
[0.709s] Level 1:colcon.colcon_core.package_identification:_identify(/home/stinky/Documents/ros2_ws/src/ros_tutorials/rospy_tutorials) by extensions ['ignore', 'ignore_ament_install']
[0.709s] Level 1:colcon.colcon_core.package_identification:_identify(/home/stinky/Documents/ros2_ws/src/ros_tutorials/rospy_tutorials) by extension 'ignore'
[0.709s] Level 1:colcon.colcon_core.package_identification:_identify(/home/stinky/Documents/ros2_ws/src/ros_tutorials/rospy_tutorials) ignored
[0.709s] Level 1:colcon.colcon_core.package_identification:_identify(/home/stinky/Documents/ros2_ws/src/ros_tutorials/turtlesim) by extensions ['ignore', 'ignore_ament_install']
[0.710s] Level 1:colcon.colcon_core.package_identification:_identify(/home/stinky/Documents/ros2_ws/src/ros_tutorials/turtlesim) by extension 'ignore'
[0.710s] Level 1:colcon.colcon_core.package_identification:_identify(/home/stinky/Documents/ros2_ws/src/ros_tutorials/turtlesim) by extension 'ignore_ament_install'
[0.710s] Level 1:colcon.colcon_core.package_identification:_identify(/home/stinky/Documents/ros2_ws/src/ros_tutorials/turtlesim) by extensions ['colcon_pkg']
[0.710s] Level 1:colcon.colcon_core.package_identification:_identify(/home/stinky/Documents/ros2_ws/src/ros_tutorials/turtlesim) by extension 'colcon_pkg'
[0.710s] Level 1:colcon.colcon_core.package_identification:_identify(/home/stinky/Documents/ros2_ws/src/ros_tutorials/turtlesim) by extensions ['colcon_meta']
[0.710s] Level 1:colcon.colcon_core.package_identification:_identify(/home/stinky/Documents/ros2_ws/src/ros_tutorials/turtlesim) by extension 'colcon_meta'
[0.710s] Level 1:colcon.colcon_core.package_identification:_identify(/home/stinky/Documents/ros2_ws/src/ros_tutorials/turtlesim) by extensions ['ros']
[0.710s] Level 1:colcon.colcon_core.package_identification:_identify(/home/stinky/Documents/ros2_ws/src/ros_tutorials/turtlesim) by extension 'ros'
[0.713s] DEBUG:colcon.colcon_core.package_identification:Package '/home/stinky/Documents/ros2_ws/src/ros_tutorials/turtlesim' with type 'ros.ament_cmake' and name 'turtlesim'
[0.713s] Level 1:colcon.colcon_core.package_discovery:discover_packages(recursive) using defaults
