[0.032s] Invoking command in '/home/stinky/Documents/ros2_ws/build/tutorials_interfaces': CMAKE_PREFIX_PATH=/opt/ros/humble /usr/bin/cmake --build /home/stinky/Documents/ros2_ws/build/tutorials_interfaces -- -j8 -l8
[0.110s] [35m[1mConsolidate compiler generated dependencies of target tutorials_interfaces__rosidl_generator_c[0m
[0.135s] [  6%] Built target tutorials_interfaces__cpp
[0.137s] [ 12%] Built target tutorials_interfaces__rosidl_generator_c
[0.150s] [ 12%] Built target ament_cmake_python_copy_tutorials_interfaces
[0.155s] [35m[1mConsolidate compiler generated dependencies of target tutorials_interfaces__rosidl_typesupport_cpp[0m
[0.159s] [35m[1mConsolidate compiler generated dependencies of target tutorials_interfaces__rosidl_typesupport_fastrtps_cpp[0m
[0.170s] [35m[1mConsolidate compiler generated dependencies of target tutorials_interfaces__rosidl_typesupport_introspection_cpp[0m
[0.186s] [35m[1mConsolidate compiler generated dependencies of target tutorials_interfaces__rosidl_typesupport_fastrtps_c[0m
[0.193s] [ 23%] Built target tutorials_interfaces__rosidl_typesupport_cpp
[0.196s] [ 34%] Built target tutorials_interfaces__rosidl_typesupport_fastrtps_cpp
[0.205s] [35m[1mConsolidate compiler generated dependencies of target tutorials_interfaces__rosidl_typesupport_introspection_c[0m
[0.219s] [ 44%] Built target tutorials_interfaces__rosidl_typesupport_introspection_cpp
[0.245s] [ 57%] Built target tutorials_interfaces__rosidl_typesupport_introspection_c
[0.246s] [ 65%] Built target tutorials_interfaces__rosidl_typesupport_fastrtps_c
[0.249s] [35m[1mConsolidate compiler generated dependencies of target tutorials_interfaces__rosidl_typesupport_c[0m
[0.274s] [ 76%] Built target tutorials_interfaces__rosidl_typesupport_c
[0.331s] [ 76%] Built target tutorials_interfaces
[0.424s] [ 78%] Built target tutorials_interfaces__py
[0.436s] [35m[1mConsolidate compiler generated dependencies of target tutorials_interfaces__rosidl_generator_py[0m
[0.507s] [ 87%] Built target tutorials_interfaces__rosidl_generator_py
[0.537s] [35m[1mConsolidate compiler generated dependencies of target tutorials_interfaces__rosidl_typesupport_c__pyext[0m
[0.543s] [35m[1mConsolidate compiler generated dependencies of target tutorials_interfaces__rosidl_typesupport_introspection_c__pyext[0m
[0.550s] [35m[1mConsolidate compiler generated dependencies of target tutorials_interfaces__rosidl_typesupport_fastrtps_c__pyext[0m
[0.586s] [ 91%] Built target tutorials_interfaces__rosidl_typesupport_c__pyext
[0.607s] [ 95%] Built target tutorials_interfaces__rosidl_typesupport_fastrtps_c__pyext
[0.608s] [100%] Built target tutorials_interfaces__rosidl_typesupport_introspection_c__pyext
[0.790s] running egg_info
[0.792s] writing tutorials_interfaces.egg-info/PKG-INFO
[0.792s] writing dependency_links to tutorials_interfaces.egg-info/dependency_links.txt
[0.792s] writing top-level names to tutorials_interfaces.egg-info/top_level.txt
[0.796s] reading manifest file 'tutorials_interfaces.egg-info/SOURCES.txt'
[0.796s] writing manifest file 'tutorials_interfaces.egg-info/SOURCES.txt'
[0.839s] [100%] Built target ament_cmake_python_build_tutorials_interfaces_egg
[0.854s] Invoked command in '/home/stinky/Documents/ros2_ws/build/tutorials_interfaces' returned '0': CMAKE_PREFIX_PATH=/opt/ros/humble /usr/bin/cmake --build /home/stinky/Documents/ros2_ws/build/tutorials_interfaces -- -j8 -l8
[0.958s] Invoking command in '/home/stinky/Documents/ros2_ws/build/tutorials_interfaces': CMAKE_PREFIX_PATH=/opt/ros/humble /usr/bin/cmake --install /home/stinky/Documents/ros2_ws/build/tutorials_interfaces
[0.969s] -- Install configuration: ""
[0.970s] -- Up-to-date: /home/stinky/Documents/ros2_ws/install/tutorials_interfaces/share/ament_index/resource_index/rosidl_interfaces/tutorials_interfaces
[0.970s] -- Up-to-date: /home/stinky/Documents/ros2_ws/install/tutorials_interfaces/include/tutorials_interfaces/tutorials_interfaces
[0.970s] -- Up-to-date: /home/stinky/Documents/ros2_ws/install/tutorials_interfaces/include/tutorials_interfaces/tutorials_interfaces/srv
[0.970s] -- Up-to-date: /home/stinky/Documents/ros2_ws/install/tutorials_interfaces/include/tutorials_interfaces/tutorials_interfaces/srv/detail
[0.970s] -- Up-to-date: /home/stinky/Documents/ros2_ws/install/tutorials_interfaces/include/tutorials_interfaces/tutorials_interfaces/srv/detail/add_three_ints__struct.h
[0.971s] -- Up-to-date: /home/stinky/Documents/ros2_ws/install/tutorials_interfaces/include/tutorials_interfaces/tutorials_interfaces/srv/detail/add_three_ints__functions.h
[0.971s] -- Up-to-date: /home/stinky/Documents/ros2_ws/install/tutorials_interfaces/include/tutorials_interfaces/tutorials_interfaces/srv/detail/add_three_ints__type_support.h
[0.971s] -- Up-to-date: /home/stinky/Documents/ros2_ws/install/tutorials_interfaces/include/tutorials_interfaces/tutorials_interfaces/srv/detail/add_three_ints__functions.c
[0.972s] -- Up-to-date: /home/stinky/Documents/ros2_ws/install/tutorials_interfaces/include/tutorials_interfaces/tutorials_interfaces/srv/add_three_ints.h
[0.973s] -- Up-to-date: /home/stinky/Documents/ros2_ws/install/tutorials_interfaces/include/tutorials_interfaces/tutorials_interfaces/msg
[0.974s] -- Up-to-date: /home/stinky/Documents/ros2_ws/install/tutorials_interfaces/include/tutorials_interfaces/tutorials_interfaces/msg/detail
[0.975s] -- Up-to-date: /home/stinky/Documents/ros2_ws/install/tutorials_interfaces/include/tutorials_interfaces/tutorials_interfaces/msg/detail/num__type_support.h
[0.975s] -- Up-to-date: /home/stinky/Documents/ros2_ws/install/tutorials_interfaces/include/tutorials_interfaces/tutorials_interfaces/msg/detail/sphere__type_support.h
[0.978s] -- Up-to-date: /home/stinky/Documents/ros2_ws/install/tutorials_interfaces/include/tutorials_interfaces/tutorials_interfaces/msg/detail/num__functions.c
[0.980s] -- Up-to-date: /home/stinky/Documents/ros2_ws/install/tutorials_interfaces/include/tutorials_interfaces/tutorials_interfaces/msg/detail/sphere__struct.h
[0.980s] -- Up-to-date: /home/stinky/Documents/ros2_ws/install/tutorials_interfaces/include/tutorials_interfaces/tutorials_interfaces/msg/detail/num__struct.h
[0.980s] -- Up-to-date: /home/stinky/Documents/ros2_ws/install/tutorials_interfaces/include/tutorials_interfaces/tutorials_interfaces/msg/detail/sphere__functions.h
[0.980s] -- Up-to-date: /home/stinky/Documents/ros2_ws/install/tutorials_interfaces/include/tutorials_interfaces/tutorials_interfaces/msg/detail/num__functions.h
[0.980s] -- Up-to-date: /home/stinky/Documents/ros2_ws/install/tutorials_interfaces/include/tutorials_interfaces/tutorials_interfaces/msg/detail/sphere__functions.c
[0.981s] -- Up-to-date: /home/stinky/Documents/ros2_ws/install/tutorials_interfaces/include/tutorials_interfaces/tutorials_interfaces/msg/rosidl_generator_c__visibility_control.h
[0.981s] -- Up-to-date: /home/stinky/Documents/ros2_ws/install/tutorials_interfaces/include/tutorials_interfaces/tutorials_interfaces/msg/num.h
[0.981s] -- Up-to-date: /home/stinky/Documents/ros2_ws/install/tutorials_interfaces/include/tutorials_interfaces/tutorials_interfaces/msg/sphere.h
[0.981s] -- Up-to-date: /home/stinky/Documents/ros2_ws/install/tutorials_interfaces/share/tutorials_interfaces/environment/library_path.sh
[0.981s] -- Up-to-date: /home/stinky/Documents/ros2_ws/install/tutorials_interfaces/share/tutorials_interfaces/environment/library_path.dsv
[0.981s] -- Up-to-date: /home/stinky/Documents/ros2_ws/install/tutorials_interfaces/lib/libtutorials_interfaces__rosidl_generator_c.so
[0.981s] -- Up-to-date: /home/stinky/Documents/ros2_ws/install/tutorials_interfaces/include/tutorials_interfaces/tutorials_interfaces
[0.982s] -- Up-to-date: /home/stinky/Documents/ros2_ws/install/tutorials_interfaces/include/tutorials_interfaces/tutorials_interfaces/srv
[0.982s] -- Up-to-date: /home/stinky/Documents/ros2_ws/install/tutorials_interfaces/include/tutorials_interfaces/tutorials_interfaces/srv/detail
[0.982s] -- Up-to-date: /home/stinky/Documents/ros2_ws/install/tutorials_interfaces/include/tutorials_interfaces/tutorials_interfaces/srv/detail/add_three_ints__rosidl_typesupport_fastrtps_c.h
[0.982s] -- Up-to-date: /home/stinky/Documents/ros2_ws/install/tutorials_interfaces/include/tutorials_interfaces/tutorials_interfaces/msg
[0.982s] -- Up-to-date: /home/stinky/Documents/ros2_ws/install/tutorials_interfaces/include/tutorials_interfaces/tutorials_interfaces/msg/detail
[0.982s] -- Up-to-date: /home/stinky/Documents/ros2_ws/install/tutorials_interfaces/include/tutorials_interfaces/tutorials_interfaces/msg/detail/sphere__rosidl_typesupport_fastrtps_c.h
[0.982s] -- Up-to-date: /home/stinky/Documents/ros2_ws/install/tutorials_interfaces/include/tutorials_interfaces/tutorials_interfaces/msg/detail/num__rosidl_typesupport_fastrtps_c.h
[0.983s] -- Up-to-date: /home/stinky/Documents/ros2_ws/install/tutorials_interfaces/include/tutorials_interfaces/tutorials_interfaces/msg/rosidl_typesupport_fastrtps_c__visibility_control.h
[0.983s] -- Up-to-date: /home/stinky/Documents/ros2_ws/install/tutorials_interfaces/lib/libtutorials_interfaces__rosidl_typesupport_fastrtps_c.so
[0.983s] -- Up-to-date: /home/stinky/Documents/ros2_ws/install/tutorials_interfaces/include/tutorials_interfaces/tutorials_interfaces
[0.983s] -- Up-to-date: /home/stinky/Documents/ros2_ws/install/tutorials_interfaces/include/tutorials_interfaces/tutorials_interfaces/srv
[0.983s] -- Up-to-date: /home/stinky/Documents/ros2_ws/install/tutorials_interfaces/include/tutorials_interfaces/tutorials_interfaces/srv/detail
[0.984s] -- Up-to-date: /home/stinky/Documents/ros2_ws/install/tutorials_interfaces/include/tutorials_interfaces/tutorials_interfaces/srv/detail/add_three_ints__builder.hpp
[0.984s] -- Up-to-date: /home/stinky/Documents/ros2_ws/install/tutorials_interfaces/include/tutorials_interfaces/tutorials_interfaces/srv/detail/add_three_ints__traits.hpp
[0.984s] -- Up-to-date: /home/stinky/Documents/ros2_ws/install/tutorials_interfaces/include/tutorials_interfaces/tutorials_interfaces/srv/detail/add_three_ints__struct.hpp
[0.984s] -- Up-to-date: /home/stinky/Documents/ros2_ws/install/tutorials_interfaces/include/tutorials_interfaces/tutorials_interfaces/srv/add_three_ints.hpp
[0.984s] -- Up-to-date: /home/stinky/Documents/ros2_ws/install/tutorials_interfaces/include/tutorials_interfaces/tutorials_interfaces/msg
[0.984s] -- Up-to-date: /home/stinky/Documents/ros2_ws/install/tutorials_interfaces/include/tutorials_interfaces/tutorials_interfaces/msg/detail
[0.984s] -- Up-to-date: /home/stinky/Documents/ros2_ws/install/tutorials_interfaces/include/tutorials_interfaces/tutorials_interfaces/msg/detail/num__struct.hpp
[0.984s] -- Up-to-date: /home/stinky/Documents/ros2_ws/install/tutorials_interfaces/include/tutorials_interfaces/tutorials_interfaces/msg/detail/sphere__traits.hpp
[0.985s] -- Up-to-date: /home/stinky/Documents/ros2_ws/install/tutorials_interfaces/include/tutorials_interfaces/tutorials_interfaces/msg/detail/num__builder.hpp
[0.985s] -- Up-to-date: /home/stinky/Documents/ros2_ws/install/tutorials_interfaces/include/tutorials_interfaces/tutorials_interfaces/msg/detail/sphere__struct.hpp
[0.986s] -- Up-to-date: /home/stinky/Documents/ros2_ws/install/tutorials_interfaces/include/tutorials_interfaces/tutorials_interfaces/msg/detail/sphere__builder.hpp
[0.986s] -- Up-to-date: /home/stinky/Documents/ros2_ws/install/tutorials_interfaces/include/tutorials_interfaces/tutorials_interfaces/msg/detail/num__traits.hpp
[0.986s] -- Up-to-date: /home/stinky/Documents/ros2_ws/install/tutorials_interfaces/include/tutorials_interfaces/tutorials_interfaces/msg/num.hpp
[0.986s] -- Up-to-date: /home/stinky/Documents/ros2_ws/install/tutorials_interfaces/include/tutorials_interfaces/tutorials_interfaces/msg/sphere.hpp
[0.986s] -- Up-to-date: /home/stinky/Documents/ros2_ws/install/tutorials_interfaces/include/tutorials_interfaces/tutorials_interfaces
[0.986s] -- Up-to-date: /home/stinky/Documents/ros2_ws/install/tutorials_interfaces/include/tutorials_interfaces/tutorials_interfaces/srv
[0.986s] -- Up-to-date: /home/stinky/Documents/ros2_ws/install/tutorials_interfaces/include/tutorials_interfaces/tutorials_interfaces/srv/detail
[0.986s] -- Up-to-date: /home/stinky/Documents/ros2_ws/install/tutorials_interfaces/include/tutorials_interfaces/tutorials_interfaces/srv/detail/dds_fastrtps
[0.986s] -- Up-to-date: /home/stinky/Documents/ros2_ws/install/tutorials_interfaces/include/tutorials_interfaces/tutorials_interfaces/srv/detail/add_three_ints__rosidl_typesupport_fastrtps_cpp.hpp
[0.987s] -- Up-to-date: /home/stinky/Documents/ros2_ws/install/tutorials_interfaces/include/tutorials_interfaces/tutorials_interfaces/msg
[0.987s] -- Up-to-date: /home/stinky/Documents/ros2_ws/install/tutorials_interfaces/include/tutorials_interfaces/tutorials_interfaces/msg/detail
[0.987s] -- Up-to-date: /home/stinky/Documents/ros2_ws/install/tutorials_interfaces/include/tutorials_interfaces/tutorials_interfaces/msg/detail/sphere__rosidl_typesupport_fastrtps_cpp.hpp
[0.988s] -- Up-to-date: /home/stinky/Documents/ros2_ws/install/tutorials_interfaces/include/tutorials_interfaces/tutorials_interfaces/msg/detail/dds_fastrtps
[0.988s] -- Up-to-date: /home/stinky/Documents/ros2_ws/install/tutorials_interfaces/include/tutorials_interfaces/tutorials_interfaces/msg/detail/num__rosidl_typesupport_fastrtps_cpp.hpp
[0.988s] -- Up-to-date: /home/stinky/Documents/ros2_ws/install/tutorials_interfaces/include/tutorials_interfaces/tutorials_interfaces/msg/rosidl_typesupport_fastrtps_cpp__visibility_control.h
[0.988s] -- Up-to-date: /home/stinky/Documents/ros2_ws/install/tutorials_interfaces/lib/libtutorials_interfaces__rosidl_typesupport_fastrtps_cpp.so
[0.988s] -- Up-to-date: /home/stinky/Documents/ros2_ws/install/tutorials_interfaces/include/tutorials_interfaces/tutorials_interfaces
[0.989s] -- Up-to-date: /home/stinky/Documents/ros2_ws/install/tutorials_interfaces/include/tutorials_interfaces/tutorials_interfaces/srv
[0.989s] -- Up-to-date: /home/stinky/Documents/ros2_ws/install/tutorials_interfaces/include/tutorials_interfaces/tutorials_interfaces/srv/detail
[0.989s] -- Up-to-date: /home/stinky/Documents/ros2_ws/install/tutorials_interfaces/include/tutorials_interfaces/tutorials_interfaces/srv/detail/add_three_ints__rosidl_typesupport_introspection_c.h
[0.989s] -- Up-to-date: /home/stinky/Documents/ros2_ws/install/tutorials_interfaces/include/tutorials_interfaces/tutorials_interfaces/srv/detail/add_three_ints__type_support.c
[0.990s] -- Up-to-date: /home/stinky/Documents/ros2_ws/install/tutorials_interfaces/include/tutorials_interfaces/tutorials_interfaces/msg
[0.990s] -- Up-to-date: /home/stinky/Documents/ros2_ws/install/tutorials_interfaces/include/tutorials_interfaces/tutorials_interfaces/msg/detail
[0.990s] -- Up-to-date: /home/stinky/Documents/ros2_ws/install/tutorials_interfaces/include/tutorials_interfaces/tutorials_interfaces/msg/detail/sphere__rosidl_typesupport_introspection_c.h
[0.990s] -- Up-to-date: /home/stinky/Documents/ros2_ws/install/tutorials_interfaces/include/tutorials_interfaces/tutorials_interfaces/msg/detail/num__type_support.c
[0.990s] -- Up-to-date: /home/stinky/Documents/ros2_ws/install/tutorials_interfaces/include/tutorials_interfaces/tutorials_interfaces/msg/detail/num__rosidl_typesupport_introspection_c.h
[0.990s] -- Up-to-date: /home/stinky/Documents/ros2_ws/install/tutorials_interfaces/include/tutorials_interfaces/tutorials_interfaces/msg/detail/sphere__type_support.c
[0.991s] -- Up-to-date: /home/stinky/Documents/ros2_ws/install/tutorials_interfaces/include/tutorials_interfaces/tutorials_interfaces/msg/rosidl_typesupport_introspection_c__visibility_control.h
[0.991s] -- Up-to-date: /home/stinky/Documents/ros2_ws/install/tutorials_interfaces/lib/libtutorials_interfaces__rosidl_typesupport_introspection_c.so
[0.991s] -- Up-to-date: /home/stinky/Documents/ros2_ws/install/tutorials_interfaces/lib/libtutorials_interfaces__rosidl_typesupport_c.so
[0.991s] -- Up-to-date: /home/stinky/Documents/ros2_ws/install/tutorials_interfaces/include/tutorials_interfaces/tutorials_interfaces
[0.991s] -- Up-to-date: /home/stinky/Documents/ros2_ws/install/tutorials_interfaces/include/tutorials_interfaces/tutorials_interfaces/srv
[0.991s] -- Up-to-date: /home/stinky/Documents/ros2_ws/install/tutorials_interfaces/include/tutorials_interfaces/tutorials_interfaces/srv/detail
[0.991s] -- Up-to-date: /home/stinky/Documents/ros2_ws/install/tutorials_interfaces/include/tutorials_interfaces/tutorials_interfaces/srv/detail/add_three_ints__rosidl_typesupport_introspection_cpp.hpp
[0.991s] -- Up-to-date: /home/stinky/Documents/ros2_ws/install/tutorials_interfaces/include/tutorials_interfaces/tutorials_interfaces/srv/detail/add_three_ints__type_support.cpp
[0.991s] -- Up-to-date: /home/stinky/Documents/ros2_ws/install/tutorials_interfaces/include/tutorials_interfaces/tutorials_interfaces/msg
[0.992s] -- Up-to-date: /home/stinky/Documents/ros2_ws/install/tutorials_interfaces/include/tutorials_interfaces/tutorials_interfaces/msg/detail
[0.992s] -- Up-to-date: /home/stinky/Documents/ros2_ws/install/tutorials_interfaces/include/tutorials_interfaces/tutorials_interfaces/msg/detail/num__rosidl_typesupport_introspection_cpp.hpp
[0.992s] -- Up-to-date: /home/stinky/Documents/ros2_ws/install/tutorials_interfaces/include/tutorials_interfaces/tutorials_interfaces/msg/detail/num__type_support.cpp
[0.992s] -- Up-to-date: /home/stinky/Documents/ros2_ws/install/tutorials_interfaces/include/tutorials_interfaces/tutorials_interfaces/msg/detail/sphere__type_support.cpp
[0.992s] -- Up-to-date: /home/stinky/Documents/ros2_ws/install/tutorials_interfaces/include/tutorials_interfaces/tutorials_interfaces/msg/detail/sphere__rosidl_typesupport_introspection_cpp.hpp
[0.992s] -- Up-to-date: /home/stinky/Documents/ros2_ws/install/tutorials_interfaces/lib/libtutorials_interfaces__rosidl_typesupport_introspection_cpp.so
[0.992s] -- Up-to-date: /home/stinky/Documents/ros2_ws/install/tutorials_interfaces/lib/libtutorials_interfaces__rosidl_typesupport_cpp.so
[0.992s] -- Up-to-date: /home/stinky/Documents/ros2_ws/install/tutorials_interfaces/share/tutorials_interfaces/environment/pythonpath.sh
[0.993s] -- Up-to-date: /home/stinky/Documents/ros2_ws/install/tutorials_interfaces/share/tutorials_interfaces/environment/pythonpath.dsv
[0.993s] -- Up-to-date: /home/stinky/Documents/ros2_ws/install/tutorials_interfaces/local/lib/python3.10/dist-packages/tutorials_interfaces-0.0.0-py3.10.egg-info
[0.993s] -- Installing: /home/stinky/Documents/ros2_ws/install/tutorials_interfaces/local/lib/python3.10/dist-packages/tutorials_interfaces-0.0.0-py3.10.egg-info/dependency_links.txt
[0.993s] -- Installing: /home/stinky/Documents/ros2_ws/install/tutorials_interfaces/local/lib/python3.10/dist-packages/tutorials_interfaces-0.0.0-py3.10.egg-info/top_level.txt
[0.993s] -- Installing: /home/stinky/Documents/ros2_ws/install/tutorials_interfaces/local/lib/python3.10/dist-packages/tutorials_interfaces-0.0.0-py3.10.egg-info/PKG-INFO
[0.993s] -- Installing: /home/stinky/Documents/ros2_ws/install/tutorials_interfaces/local/lib/python3.10/dist-packages/tutorials_interfaces-0.0.0-py3.10.egg-info/SOURCES.txt
[0.994s] -- Up-to-date: /home/stinky/Documents/ros2_ws/install/tutorials_interfaces/local/lib/python3.10/dist-packages/tutorials_interfaces
[0.994s] -- Up-to-date: /home/stinky/Documents/ros2_ws/install/tutorials_interfaces/local/lib/python3.10/dist-packages/tutorials_interfaces/srv
[0.994s] -- Up-to-date: /home/stinky/Documents/ros2_ws/install/tutorials_interfaces/local/lib/python3.10/dist-packages/tutorials_interfaces/srv/_add_three_ints_s.c
[0.994s] -- Up-to-date: /home/stinky/Documents/ros2_ws/install/tutorials_interfaces/local/lib/python3.10/dist-packages/tutorials_interfaces/srv/_add_three_ints.py
[0.994s] -- Up-to-date: /home/stinky/Documents/ros2_ws/install/tutorials_interfaces/local/lib/python3.10/dist-packages/tutorials_interfaces/srv/__init__.py
[0.994s] -- Up-to-date: /home/stinky/Documents/ros2_ws/install/tutorials_interfaces/local/lib/python3.10/dist-packages/tutorials_interfaces/libtutorials_interfaces__rosidl_generator_py.so
[0.994s] -- Up-to-date: /home/stinky/Documents/ros2_ws/install/tutorials_interfaces/local/lib/python3.10/dist-packages/tutorials_interfaces/msg
[0.994s] -- Up-to-date: /home/stinky/Documents/ros2_ws/install/tutorials_interfaces/local/lib/python3.10/dist-packages/tutorials_interfaces/msg/_sphere_s.c
[0.995s] -- Up-to-date: /home/stinky/Documents/ros2_ws/install/tutorials_interfaces/local/lib/python3.10/dist-packages/tutorials_interfaces/msg/_sphere.py
[0.995s] -- Up-to-date: /home/stinky/Documents/ros2_ws/install/tutorials_interfaces/local/lib/python3.10/dist-packages/tutorials_interfaces/msg/_num.py
[0.995s] -- Up-to-date: /home/stinky/Documents/ros2_ws/install/tutorials_interfaces/local/lib/python3.10/dist-packages/tutorials_interfaces/msg/__init__.py
[0.995s] -- Up-to-date: /home/stinky/Documents/ros2_ws/install/tutorials_interfaces/local/lib/python3.10/dist-packages/tutorials_interfaces/msg/_num_s.c
[0.995s] -- Up-to-date: /home/stinky/Documents/ros2_ws/install/tutorials_interfaces/local/lib/python3.10/dist-packages/tutorials_interfaces/_tutorials_interfaces_s.ep.rosidl_typesupport_fastrtps_c.c
[0.995s] -- Up-to-date: /home/stinky/Documents/ros2_ws/install/tutorials_interfaces/local/lib/python3.10/dist-packages/tutorials_interfaces/tutorials_interfaces_s__rosidl_typesupport_c.cpython-310-x86_64-linux-gnu.so
[0.995s] -- Up-to-date: /home/stinky/Documents/ros2_ws/install/tutorials_interfaces/local/lib/python3.10/dist-packages/tutorials_interfaces/__init__.py
[0.995s] -- Up-to-date: /home/stinky/Documents/ros2_ws/install/tutorials_interfaces/local/lib/python3.10/dist-packages/tutorials_interfaces/tutorials_interfaces_s__rosidl_typesupport_introspection_c.cpython-310-x86_64-linux-gnu.so
[0.995s] -- Up-to-date: /home/stinky/Documents/ros2_ws/install/tutorials_interfaces/local/lib/python3.10/dist-packages/tutorials_interfaces/_tutorials_interfaces_s.ep.rosidl_typesupport_introspection_c.c
[0.996s] -- Up-to-date: /home/stinky/Documents/ros2_ws/install/tutorials_interfaces/local/lib/python3.10/dist-packages/tutorials_interfaces/_tutorials_interfaces_s.ep.rosidl_typesupport_c.c
[0.996s] -- Up-to-date: /home/stinky/Documents/ros2_ws/install/tutorials_interfaces/local/lib/python3.10/dist-packages/tutorials_interfaces/tutorials_interfaces_s__rosidl_typesupport_fastrtps_c.cpython-310-x86_64-linux-gnu.so
[1.022s] Listing '/home/stinky/Documents/ros2_ws/install/tutorials_interfaces/local/lib/python3.10/dist-packages/tutorials_interfaces'...
[1.022s] Listing '/home/stinky/Documents/ros2_ws/install/tutorials_interfaces/local/lib/python3.10/dist-packages/tutorials_interfaces/msg'...
[1.022s] Listing '/home/stinky/Documents/ros2_ws/install/tutorials_interfaces/local/lib/python3.10/dist-packages/tutorials_interfaces/srv'...
[1.032s] -- Up-to-date: /home/stinky/Documents/ros2_ws/install/tutorials_interfaces/local/lib/python3.10/dist-packages/tutorials_interfaces/tutorials_interfaces_s__rosidl_typesupport_fastrtps_c.cpython-310-x86_64-linux-gnu.so
[1.032s] -- Up-to-date: /home/stinky/Documents/ros2_ws/install/tutorials_interfaces/local/lib/python3.10/dist-packages/tutorials_interfaces/tutorials_interfaces_s__rosidl_typesupport_introspection_c.cpython-310-x86_64-linux-gnu.so
[1.033s] -- Up-to-date: /home/stinky/Documents/ros2_ws/install/tutorials_interfaces/local/lib/python3.10/dist-packages/tutorials_interfaces/tutorials_interfaces_s__rosidl_typesupport_c.cpython-310-x86_64-linux-gnu.so
[1.033s] -- Up-to-date: /home/stinky/Documents/ros2_ws/install/tutorials_interfaces/lib/libtutorials_interfaces__rosidl_generator_py.so
[1.034s] -- Up-to-date: /home/stinky/Documents/ros2_ws/install/tutorials_interfaces/share/tutorials_interfaces/msg/Num.idl
[1.034s] -- Up-to-date: /home/stinky/Documents/ros2_ws/install/tutorials_interfaces/share/tutorials_interfaces/msg/Sphere.idl
[1.034s] -- Up-to-date: /home/stinky/Documents/ros2_ws/install/tutorials_interfaces/share/tutorials_interfaces/srv/AddThreeInts.idl
[1.034s] -- Up-to-date: /home/stinky/Documents/ros2_ws/install/tutorials_interfaces/share/tutorials_interfaces/msg/Num.msg
[1.034s] -- Up-to-date: /home/stinky/Documents/ros2_ws/install/tutorials_interfaces/share/tutorials_interfaces/msg/Sphere.msg
[1.035s] -- Up-to-date: /home/stinky/Documents/ros2_ws/install/tutorials_interfaces/share/tutorials_interfaces/srv/AddThreeInts.srv
[1.035s] -- Up-to-date: /home/stinky/Documents/ros2_ws/install/tutorials_interfaces/share/tutorials_interfaces/srv/AddThreeInts_Request.msg
[1.035s] -- Up-to-date: /home/stinky/Documents/ros2_ws/install/tutorials_interfaces/share/tutorials_interfaces/srv/AddThreeInts_Response.msg
[1.035s] -- Up-to-date: /home/stinky/Documents/ros2_ws/install/tutorials_interfaces/share/ament_index/resource_index/package_run_dependencies/tutorials_interfaces
[1.035s] -- Up-to-date: /home/stinky/Documents/ros2_ws/install/tutorials_interfaces/share/ament_index/resource_index/parent_prefix_path/tutorials_interfaces
[1.036s] -- Up-to-date: /home/stinky/Documents/ros2_ws/install/tutorials_interfaces/share/tutorials_interfaces/environment/ament_prefix_path.sh
[1.036s] -- Up-to-date: /home/stinky/Documents/ros2_ws/install/tutorials_interfaces/share/tutorials_interfaces/environment/ament_prefix_path.dsv
[1.036s] -- Up-to-date: /home/stinky/Documents/ros2_ws/install/tutorials_interfaces/share/tutorials_interfaces/environment/path.sh
[1.037s] -- Up-to-date: /home/stinky/Documents/ros2_ws/install/tutorials_interfaces/share/tutorials_interfaces/environment/path.dsv
[1.037s] -- Up-to-date: /home/stinky/Documents/ros2_ws/install/tutorials_interfaces/share/tutorials_interfaces/local_setup.bash
[1.037s] -- Up-to-date: /home/stinky/Documents/ros2_ws/install/tutorials_interfaces/share/tutorials_interfaces/local_setup.sh
[1.037s] -- Up-to-date: /home/stinky/Documents/ros2_ws/install/tutorials_interfaces/share/tutorials_interfaces/local_setup.zsh
[1.038s] -- Up-to-date: /home/stinky/Documents/ros2_ws/install/tutorials_interfaces/share/tutorials_interfaces/local_setup.dsv
[1.038s] -- Installing: /home/stinky/Documents/ros2_ws/install/tutorials_interfaces/share/tutorials_interfaces/package.dsv
[1.038s] -- Up-to-date: /home/stinky/Documents/ros2_ws/install/tutorials_interfaces/share/ament_index/resource_index/packages/tutorials_interfaces
[1.038s] -- Up-to-date: /home/stinky/Documents/ros2_ws/install/tutorials_interfaces/share/tutorials_interfaces/cmake/export_tutorials_interfaces__rosidl_generator_cExport.cmake
[1.038s] -- Up-to-date: /home/stinky/Documents/ros2_ws/install/tutorials_interfaces/share/tutorials_interfaces/cmake/export_tutorials_interfaces__rosidl_generator_cExport-noconfig.cmake
[1.038s] -- Up-to-date: /home/stinky/Documents/ros2_ws/install/tutorials_interfaces/share/tutorials_interfaces/cmake/export_tutorials_interfaces__rosidl_typesupport_fastrtps_cExport.cmake
[1.039s] -- Up-to-date: /home/stinky/Documents/ros2_ws/install/tutorials_interfaces/share/tutorials_interfaces/cmake/export_tutorials_interfaces__rosidl_typesupport_fastrtps_cExport-noconfig.cmake
[1.039s] -- Up-to-date: /home/stinky/Documents/ros2_ws/install/tutorials_interfaces/share/tutorials_interfaces/cmake/export_tutorials_interfaces__rosidl_generator_cppExport.cmake
[1.039s] -- Up-to-date: /home/stinky/Documents/ros2_ws/install/tutorials_interfaces/share/tutorials_interfaces/cmake/export_tutorials_interfaces__rosidl_typesupport_fastrtps_cppExport.cmake
[1.039s] -- Up-to-date: /home/stinky/Documents/ros2_ws/install/tutorials_interfaces/share/tutorials_interfaces/cmake/export_tutorials_interfaces__rosidl_typesupport_fastrtps_cppExport-noconfig.cmake
[1.039s] -- Up-to-date: /home/stinky/Documents/ros2_ws/install/tutorials_interfaces/share/tutorials_interfaces/cmake/tutorials_interfaces__rosidl_typesupport_introspection_cExport.cmake
[1.039s] -- Up-to-date: /home/stinky/Documents/ros2_ws/install/tutorials_interfaces/share/tutorials_interfaces/cmake/tutorials_interfaces__rosidl_typesupport_introspection_cExport-noconfig.cmake
[1.040s] -- Up-to-date: /home/stinky/Documents/ros2_ws/install/tutorials_interfaces/share/tutorials_interfaces/cmake/tutorials_interfaces__rosidl_typesupport_cExport.cmake
[1.040s] -- Up-to-date: /home/stinky/Documents/ros2_ws/install/tutorials_interfaces/share/tutorials_interfaces/cmake/tutorials_interfaces__rosidl_typesupport_cExport-noconfig.cmake
[1.040s] -- Up-to-date: /home/stinky/Documents/ros2_ws/install/tutorials_interfaces/share/tutorials_interfaces/cmake/tutorials_interfaces__rosidl_typesupport_introspection_cppExport.cmake
[1.040s] -- Up-to-date: /home/stinky/Documents/ros2_ws/install/tutorials_interfaces/share/tutorials_interfaces/cmake/tutorials_interfaces__rosidl_typesupport_introspection_cppExport-noconfig.cmake
[1.041s] -- Up-to-date: /home/stinky/Documents/ros2_ws/install/tutorials_interfaces/share/tutorials_interfaces/cmake/tutorials_interfaces__rosidl_typesupport_cppExport.cmake
[1.041s] -- Up-to-date: /home/stinky/Documents/ros2_ws/install/tutorials_interfaces/share/tutorials_interfaces/cmake/tutorials_interfaces__rosidl_typesupport_cppExport-noconfig.cmake
[1.041s] -- Up-to-date: /home/stinky/Documents/ros2_ws/install/tutorials_interfaces/share/tutorials_interfaces/cmake/export_tutorials_interfaces__rosidl_generator_pyExport.cmake
[1.041s] -- Up-to-date: /home/stinky/Documents/ros2_ws/install/tutorials_interfaces/share/tutorials_interfaces/cmake/export_tutorials_interfaces__rosidl_generator_pyExport-noconfig.cmake
[1.042s] -- Up-to-date: /home/stinky/Documents/ros2_ws/install/tutorials_interfaces/share/tutorials_interfaces/cmake/rosidl_cmake-extras.cmake
[1.046s] -- Up-to-date: /home/stinky/Documents/ros2_ws/install/tutorials_interfaces/share/tutorials_interfaces/cmake/ament_cmake_export_dependencies-extras.cmake
[1.047s] -- Up-to-date: /home/stinky/Documents/ros2_ws/install/tutorials_interfaces/share/tutorials_interfaces/cmake/ament_cmake_export_include_directories-extras.cmake
[1.047s] -- Up-to-date: /home/stinky/Documents/ros2_ws/install/tutorials_interfaces/share/tutorials_interfaces/cmake/ament_cmake_export_libraries-extras.cmake
[1.047s] -- Up-to-date: /home/stinky/Documents/ros2_ws/install/tutorials_interfaces/share/tutorials_interfaces/cmake/ament_cmake_export_targets-extras.cmake
[1.048s] -- Up-to-date: /home/stinky/Documents/ros2_ws/install/tutorials_interfaces/share/tutorials_interfaces/cmake/rosidl_cmake_export_typesupport_targets-extras.cmake
[1.048s] -- Up-to-date: /home/stinky/Documents/ros2_ws/install/tutorials_interfaces/share/tutorials_interfaces/cmake/rosidl_cmake_export_typesupport_libraries-extras.cmake
[1.048s] -- Up-to-date: /home/stinky/Documents/ros2_ws/install/tutorials_interfaces/share/tutorials_interfaces/cmake/tutorials_interfacesConfig.cmake
[1.048s] -- Up-to-date: /home/stinky/Documents/ros2_ws/install/tutorials_interfaces/share/tutorials_interfaces/cmake/tutorials_interfacesConfig-version.cmake
[1.049s] -- Up-to-date: /home/stinky/Documents/ros2_ws/install/tutorials_interfaces/share/tutorials_interfaces/package.xml
[1.049s] Invoked command in '/home/stinky/Documents/ros2_ws/build/tutorials_interfaces' returned '0': CMAKE_PREFIX_PATH=/opt/ros/humble /usr/bin/cmake --install /home/stinky/Documents/ros2_ws/build/tutorials_interfaces
