[0.410s] DEBUG:colcon:Command line arguments: ['/usr/bin/colcon', 'build', '--packages-select', 'cpp_pubsub']
[0.410s] DEBUG:colcon:Parsed command line arguments: Namespace(log_base=None, log_level=None, verb_name='build', build_base='build', install_base='install', merge_install=False, symlink_install=False, test_result_base=None, continue_on_error=False, executor='parallel', parallel_workers=8, event_handlers=None, ignore_user_meta=False, metas=['./colcon.meta'], base_paths=['.'], packages_ignore=None, packages_ignore_regex=None, paths=None, packages_up_to=None, packages_up_to_regex=None, packages_above=None, packages_above_and_dependencies=None, packages_above_depth=None, packages_select_by_dep=None, packages_skip_by_dep=None, packages_skip_up_to=None, packages_select_build_failed=False, packages_skip_build_finished=False, packages_select_test_failures=False, packages_skip_test_passed=False, packages_select=['cpp_pubsub'], packages_skip=None, packages_select_regex=None, packages_skip_regex=None, packages_start=None, packages_end=None, allow_overriding=[], cmake_args=None, cmake_target=None, cmake_target_skip_unavailable=False, cmake_clean_cache=False, cmake_clean_first=False, cmake_force_configure=False, ament_cmake_args=None, catkin_cmake_args=None, catkin_skip_building_tests=False, verb_parser=<colcon_defaults.argument_parser.defaults.DefaultArgumentsDecorator object at 0x7ff5ff5c5d80>, verb_extension=<colcon_core.verb.build.BuildVerb object at 0x7ff5ffdd7b80>, main=<bound method BuildVerb.main of <colcon_core.verb.build.BuildVerb object at 0x7ff5ffdd7b80>>)
[0.470s] Level 1:colcon.colcon_core.package_discovery:discover_packages(colcon_meta) check parameters
[0.470s] Level 1:colcon.colcon_core.package_discovery:discover_packages(recursive) check parameters
[0.470s] Level 1:colcon.colcon_core.package_discovery:discover_packages(ignore) check parameters
[0.470s] Level 1:colcon.colcon_core.package_discovery:discover_packages(path) check parameters
[0.470s] Level 1:colcon.colcon_core.package_discovery:discover_packages(colcon_meta) discover
[0.470s] Level 1:colcon.colcon_core.package_discovery:discover_packages(recursive) discover
[0.470s] INFO:colcon.colcon_core.package_discovery:Crawling recursively for packages in '/home/stinky/Documents/ros2_ws'
[0.471s] Level 1:colcon.colcon_core.package_identification:_identify(.) by extensions ['ignore', 'ignore_ament_install']
[0.471s] Level 1:colcon.colcon_core.package_identification:_identify(.) by extension 'ignore'
[0.471s] Level 1:colcon.colcon_core.package_identification:_identify(.) by extension 'ignore_ament_install'
[0.471s] Level 1:colcon.colcon_core.package_identification:_identify(.) by extensions ['colcon_pkg']
[0.471s] Level 1:colcon.colcon_core.package_identification:_identify(.) by extension 'colcon_pkg'
[0.471s] Level 1:colcon.colcon_core.package_identification:_identify(.) by extensions ['colcon_meta']
[0.471s] Level 1:colcon.colcon_core.package_identification:_identify(.) by extension 'colcon_meta'
[0.471s] Level 1:colcon.colcon_core.package_identification:_identify(.) by extensions ['ros']
[0.471s] Level 1:colcon.colcon_core.package_identification:_identify(.) by extension 'ros'
[0.484s] Level 1:colcon.colcon_core.package_identification:_identify(.) by extensions ['cmake', 'python']
[0.484s] Level 1:colcon.colcon_core.package_identification:_identify(.) by extension 'cmake'
[0.484s] Level 1:colcon.colcon_core.package_identification:_identify(.) by extension 'python'
[0.484s] Level 1:colcon.colcon_core.package_identification:_identify(.) by extensions ['python_setup_py']
[0.484s] Level 1:colcon.colcon_core.package_identification:_identify(.) by extension 'python_setup_py'
[0.484s] Level 1:colcon.colcon_core.package_identification:_identify(build) by extensions ['ignore', 'ignore_ament_install']
[0.484s] Level 1:colcon.colcon_core.package_identification:_identify(build) by extension 'ignore'
[0.484s] Level 1:colcon.colcon_core.package_identification:_identify(build) ignored
[0.484s] Level 1:colcon.colcon_core.package_identification:_identify(install) by extensions ['ignore', 'ignore_ament_install']
[0.484s] Level 1:colcon.colcon_core.package_identification:_identify(install) by extension 'ignore'
[0.484s] Level 1:colcon.colcon_core.package_identification:_identify(install) ignored
[0.485s] Level 1:colcon.colcon_core.package_identification:_identify(log) by extensions ['ignore', 'ignore_ament_install']
[0.485s] Level 1:colcon.colcon_core.package_identification:_identify(log) by extension 'ignore'
[0.485s] Level 1:colcon.colcon_core.package_identification:_identify(log) ignored
[0.485s] Level 1:colcon.colcon_core.package_identification:_identify(src) by extensions ['ignore', 'ignore_ament_install']
[0.485s] Level 1:colcon.colcon_core.package_identification:_identify(src) by extension 'ignore'
[0.485s] Level 1:colcon.colcon_core.package_identification:_identify(src) by extension 'ignore_ament_install'
[0.485s] Level 1:colcon.colcon_core.package_identification:_identify(src) by extensions ['colcon_pkg']
[0.485s] Level 1:colcon.colcon_core.package_identification:_identify(src) by extension 'colcon_pkg'
[0.485s] Level 1:colcon.colcon_core.package_identification:_identify(src) by extensions ['colcon_meta']
[0.485s] Level 1:colcon.colcon_core.package_identification:_identify(src) by extension 'colcon_meta'
[0.485s] Level 1:colcon.colcon_core.package_identification:_identify(src) by extensions ['ros']
[0.485s] Level 1:colcon.colcon_core.package_identification:_identify(src) by extension 'ros'
[0.485s] Level 1:colcon.colcon_core.package_identification:_identify(src) by extensions ['cmake', 'python']
[0.485s] Level 1:colcon.colcon_core.package_identification:_identify(src) by extension 'cmake'
[0.485s] Level 1:colcon.colcon_core.package_identification:_identify(src) by extension 'python'
[0.485s] Level 1:colcon.colcon_core.package_identification:_identify(src) by extensions ['python_setup_py']
[0.485s] Level 1:colcon.colcon_core.package_identification:_identify(src) by extension 'python_setup_py'
[0.486s] Level 1:colcon.colcon_core.package_identification:_identify(src/cpp_pubsub) by extensions ['ignore', 'ignore_ament_install']
[0.486s] Level 1:colcon.colcon_core.package_identification:_identify(src/cpp_pubsub) by extension 'ignore'
[0.486s] Level 1:colcon.colcon_core.package_identification:_identify(src/cpp_pubsub) by extension 'ignore_ament_install'
[0.486s] Level 1:colcon.colcon_core.package_identification:_identify(src/cpp_pubsub) by extensions ['colcon_pkg']
[0.486s] Level 1:colcon.colcon_core.package_identification:_identify(src/cpp_pubsub) by extension 'colcon_pkg'
[0.486s] Level 1:colcon.colcon_core.package_identification:_identify(src/cpp_pubsub) by extensions ['colcon_meta']
[0.486s] Level 1:colcon.colcon_core.package_identification:_identify(src/cpp_pubsub) by extension 'colcon_meta'
[0.486s] Level 1:colcon.colcon_core.package_identification:_identify(src/cpp_pubsub) by extensions ['ros']
[0.486s] Level 1:colcon.colcon_core.package_identification:_identify(src/cpp_pubsub) by extension 'ros'
[0.489s] DEBUG:colcon.colcon_core.package_identification:Package 'src/cpp_pubsub' with type 'ros.ament_cmake' and name 'cpp_pubsub'
[0.489s] Level 1:colcon.colcon_core.package_identification:_identify(src/ros_tutorials) by extensions ['ignore', 'ignore_ament_install']
[0.490s] Level 1:colcon.colcon_core.package_identification:_identify(src/ros_tutorials) by extension 'ignore'
[0.490s] Level 1:colcon.colcon_core.package_identification:_identify(src/ros_tutorials) by extension 'ignore_ament_install'
[0.490s] Level 1:colcon.colcon_core.package_identification:_identify(src/ros_tutorials) by extensions ['colcon_pkg']
[0.490s] Level 1:colcon.colcon_core.package_identification:_identify(src/ros_tutorials) by extension 'colcon_pkg'
[0.490s] Level 1:colcon.colcon_core.package_identification:_identify(src/ros_tutorials) by extensions ['colcon_meta']
[0.490s] Level 1:colcon.colcon_core.package_identification:_identify(src/ros_tutorials) by extension 'colcon_meta'
[0.490s] Level 1:colcon.colcon_core.package_identification:_identify(src/ros_tutorials) by extensions ['ros']
[0.490s] Level 1:colcon.colcon_core.package_identification:_identify(src/ros_tutorials) by extension 'ros'
[0.490s] Level 1:colcon.colcon_core.package_identification:_identify(src/ros_tutorials) by extensions ['cmake', 'python']
[0.490s] Level 1:colcon.colcon_core.package_identification:_identify(src/ros_tutorials) by extension 'cmake'
[0.490s] Level 1:colcon.colcon_core.package_identification:_identify(src/ros_tutorials) by extension 'python'
[0.490s] Level 1:colcon.colcon_core.package_identification:_identify(src/ros_tutorials) by extensions ['python_setup_py']
[0.490s] Level 1:colcon.colcon_core.package_identification:_identify(src/ros_tutorials) by extension 'python_setup_py'
[0.490s] Level 1:colcon.colcon_core.package_identification:_identify(src/ros_tutorials/ros_tutorials) by extensions ['ignore', 'ignore_ament_install']
[0.490s] Level 1:colcon.colcon_core.package_identification:_identify(src/ros_tutorials/ros_tutorials) by extension 'ignore'
[0.490s] Level 1:colcon.colcon_core.package_identification:_identify(src/ros_tutorials/ros_tutorials) ignored
[0.491s] Level 1:colcon.colcon_core.package_identification:_identify(src/ros_tutorials/roscpp_tutorials) by extensions ['ignore', 'ignore_ament_install']
[0.491s] Level 1:colcon.colcon_core.package_identification:_identify(src/ros_tutorials/roscpp_tutorials) by extension 'ignore'
[0.491s] Level 1:colcon.colcon_core.package_identification:_identify(src/ros_tutorials/roscpp_tutorials) ignored
[0.491s] Level 1:colcon.colcon_core.package_identification:_identify(src/ros_tutorials/rospy_tutorials) by extensions ['ignore', 'ignore_ament_install']
[0.491s] Level 1:colcon.colcon_core.package_identification:_identify(src/ros_tutorials/rospy_tutorials) by extension 'ignore'
[0.491s] Level 1:colcon.colcon_core.package_identification:_identify(src/ros_tutorials/rospy_tutorials) ignored
[0.491s] Level 1:colcon.colcon_core.package_identification:_identify(src/ros_tutorials/turtlesim) by extensions ['ignore', 'ignore_ament_install']
[0.491s] Level 1:colcon.colcon_core.package_identification:_identify(src/ros_tutorials/turtlesim) by extension 'ignore'
[0.491s] Level 1:colcon.colcon_core.package_identification:_identify(src/ros_tutorials/turtlesim) by extension 'ignore_ament_install'
[0.491s] Level 1:colcon.colcon_core.package_identification:_identify(src/ros_tutorials/turtlesim) by extensions ['colcon_pkg']
[0.491s] Level 1:colcon.colcon_core.package_identification:_identify(src/ros_tutorials/turtlesim) by extension 'colcon_pkg'
[0.491s] Level 1:colcon.colcon_core.package_identification:_identify(src/ros_tutorials/turtlesim) by extensions ['colcon_meta']
[0.491s] Level 1:colcon.colcon_core.package_identification:_identify(src/ros_tutorials/turtlesim) by extension 'colcon_meta'
[0.491s] Level 1:colcon.colcon_core.package_identification:_identify(src/ros_tutorials/turtlesim) by extensions ['ros']
[0.491s] Level 1:colcon.colcon_core.package_identification:_identify(src/ros_tutorials/turtlesim) by extension 'ros'
[0.493s] DEBUG:colcon.colcon_core.package_identification:Package 'src/ros_tutorials/turtlesim' with type 'ros.ament_cmake' and name 'turtlesim'
[0.493s] Level 1:colcon.colcon_core.package_discovery:discover_packages(recursive) using defaults
[0.493s] Level 1:colcon.colcon_core.package_discovery:discover_packages(ignore) discover
[0.493s] Level 1:colcon.colcon_core.package_discovery:discover_packages(ignore) using defaults
[0.493s] Level 1:colcon.colcon_core.package_discovery:discover_packages(path) discover
[0.493s] Level 1:colcon.colcon_core.package_discovery:discover_packages(path) using defaults
[0.527s] INFO:colcon.colcon_core.package_selection:Skipping not selected package 'turtlesim' in 'src/ros_tutorials/turtlesim'
[0.528s] Level 1:colcon.colcon_core.package_discovery:discover_packages(prefix_path) check parameters
[0.528s] Level 1:colcon.colcon_core.package_discovery:discover_packages(prefix_path) discover
[0.532s] DEBUG:colcon.colcon_installed_package_information.package_discovery:Found 270 installed packages in /opt/ros/humble
[0.535s] Level 1:colcon.colcon_core.package_discovery:discover_packages(prefix_path) using defaults
[0.596s] Level 5:colcon.colcon_core.verb:set package 'cpp_pubsub' build argument 'cmake_args' from command line to 'None'
[0.596s] Level 5:colcon.colcon_core.verb:set package 'cpp_pubsub' build argument 'cmake_target' from command line to 'None'
[0.596s] Level 5:colcon.colcon_core.verb:set package 'cpp_pubsub' build argument 'cmake_target_skip_unavailable' from command line to 'False'
[0.596s] Level 5:colcon.colcon_core.verb:set package 'cpp_pubsub' build argument 'cmake_clean_cache' from command line to 'False'
[0.596s] Level 5:colcon.colcon_core.verb:set package 'cpp_pubsub' build argument 'cmake_clean_first' from command line to 'False'
[0.596s] Level 5:colcon.colcon_core.verb:set package 'cpp_pubsub' build argument 'cmake_force_configure' from command line to 'False'
[0.596s] Level 5:colcon.colcon_core.verb:set package 'cpp_pubsub' build argument 'ament_cmake_args' from command line to 'None'
[0.596s] Level 5:colcon.colcon_core.verb:set package 'cpp_pubsub' build argument 'catkin_cmake_args' from command line to 'None'
[0.596s] Level 5:colcon.colcon_core.verb:set package 'cpp_pubsub' build argument 'catkin_skip_building_tests' from command line to 'False'
[0.596s] DEBUG:colcon.colcon_core.verb:Building package 'cpp_pubsub' with the following arguments: {'ament_cmake_args': None, 'build_base': '/home/stinky/Documents/ros2_ws/build/cpp_pubsub', 'catkin_cmake_args': None, 'catkin_skip_building_tests': False, 'cmake_args': None, 'cmake_clean_cache': False, 'cmake_clean_first': False, 'cmake_force_configure': False, 'cmake_target': None, 'cmake_target_skip_unavailable': False, 'install_base': '/home/stinky/Documents/ros2_ws/install/cpp_pubsub', 'merge_install': False, 'path': '/home/stinky/Documents/ros2_ws/src/cpp_pubsub', 'symlink_install': False, 'test_result_base': None}
[0.597s] INFO:colcon.colcon_core.executor:Executing jobs using 'parallel' executor
[0.601s] DEBUG:colcon.colcon_parallel_executor.executor.parallel:run_until_complete
[0.601s] INFO:colcon.colcon_ros.task.ament_cmake.build:Building ROS package in '/home/stinky/Documents/ros2_ws/src/cpp_pubsub' with build type 'ament_cmake'
[0.601s] INFO:colcon.colcon_cmake.task.cmake.build:Building CMake package in '/home/stinky/Documents/ros2_ws/src/cpp_pubsub'
[0.613s] INFO:colcon.colcon_core.plugin_system:Skipping extension 'colcon_core.shell.bat': Not used on non-Windows systems
[0.614s] INFO:colcon.colcon_core.shell:Skip shell extension 'powershell' for command environment: Not usable outside of PowerShell
[0.614s] DEBUG:colcon.colcon_core.shell:Skip shell extension 'dsv' for command environment
[0.627s] DEBUG:colcon.colcon_core.event_handler.log_command:Invoking command in '/home/stinky/Documents/ros2_ws/build/cpp_pubsub': CMAKE_PREFIX_PATH=/opt/ros/humble /usr/bin/cmake /home/stinky/Documents/ros2_ws/src/cpp_pubsub -DCMAKE_INSTALL_PREFIX=/home/stinky/Documents/ros2_ws/install/cpp_pubsub
[2.652s] DEBUG:colcon.colcon_core.event_handler.log_command:Invoked command in '/home/stinky/Documents/ros2_ws/build/cpp_pubsub' returned '0': CMAKE_PREFIX_PATH=/opt/ros/humble /usr/bin/cmake /home/stinky/Documents/ros2_ws/src/cpp_pubsub -DCMAKE_INSTALL_PREFIX=/home/stinky/Documents/ros2_ws/install/cpp_pubsub
[2.655s] DEBUG:colcon.colcon_core.event_handler.log_command:Invoking command in '/home/stinky/Documents/ros2_ws/build/cpp_pubsub': CMAKE_PREFIX_PATH=/opt/ros/humble /usr/bin/cmake --build /home/stinky/Documents/ros2_ws/build/cpp_pubsub -- -j8 -l8
[12.753s] DEBUG:colcon.colcon_core.event_handler.log_command:Invoked command in '/home/stinky/Documents/ros2_ws/build/cpp_pubsub' returned '0': CMAKE_PREFIX_PATH=/opt/ros/humble /usr/bin/cmake --build /home/stinky/Documents/ros2_ws/build/cpp_pubsub -- -j8 -l8
[12.805s] DEBUG:colcon.colcon_core.event_handler.log_command:Invoking command in '/home/stinky/Documents/ros2_ws/build/cpp_pubsub': CMAKE_PREFIX_PATH=/opt/ros/humble /usr/bin/cmake --install /home/stinky/Documents/ros2_ws/build/cpp_pubsub
[12.826s] Level 1:colcon.colcon_core.environment:create_environment_scripts_only(cpp_pubsub)
[12.827s] DEBUG:colcon.colcon_core.event_handler.log_command:Invoked command in '/home/stinky/Documents/ros2_ws/build/cpp_pubsub' returned '0': CMAKE_PREFIX_PATH=/opt/ros/humble /usr/bin/cmake --install /home/stinky/Documents/ros2_ws/build/cpp_pubsub
[12.832s] Level 1:colcon.colcon_core.environment:checking '/home/stinky/Documents/ros2_ws/install/cpp_pubsub' for CMake module files
[12.832s] Level 1:colcon.colcon_core.environment:checking '/home/stinky/Documents/ros2_ws/install/cpp_pubsub' for CMake config files
[12.832s] Level 1:colcon.colcon_core.shell:create_environment_hook('cpp_pubsub', 'cmake_prefix_path')
[12.834s] INFO:colcon.colcon_core.shell:Creating environment hook '/home/stinky/Documents/ros2_ws/install/cpp_pubsub/share/cpp_pubsub/hook/cmake_prefix_path.ps1'
[12.835s] INFO:colcon.colcon_core.shell:Creating environment descriptor '/home/stinky/Documents/ros2_ws/install/cpp_pubsub/share/cpp_pubsub/hook/cmake_prefix_path.dsv'
[12.835s] INFO:colcon.colcon_core.shell:Creating environment hook '/home/stinky/Documents/ros2_ws/install/cpp_pubsub/share/cpp_pubsub/hook/cmake_prefix_path.sh'
[12.836s] Level 1:colcon.colcon_core.environment:checking '/home/stinky/Documents/ros2_ws/install/cpp_pubsub/lib'
[12.836s] Level 1:colcon.colcon_core.environment:checking '/home/stinky/Documents/ros2_ws/install/cpp_pubsub/bin'
[12.836s] Level 1:colcon.colcon_core.environment:checking '/home/stinky/Documents/ros2_ws/install/cpp_pubsub/lib/pkgconfig/cpp_pubsub.pc'
[12.836s] Level 1:colcon.colcon_core.environment:checking '/home/stinky/Documents/ros2_ws/install/cpp_pubsub/lib/python3.10/site-packages'
[12.837s] Level 1:colcon.colcon_core.environment:checking '/home/stinky/Documents/ros2_ws/install/cpp_pubsub/bin'
[12.838s] INFO:colcon.colcon_core.shell:Creating package script '/home/stinky/Documents/ros2_ws/install/cpp_pubsub/share/cpp_pubsub/package.ps1'
[12.839s] INFO:colcon.colcon_core.shell:Creating package descriptor '/home/stinky/Documents/ros2_ws/install/cpp_pubsub/share/cpp_pubsub/package.dsv'
[12.840s] INFO:colcon.colcon_core.shell:Creating package script '/home/stinky/Documents/ros2_ws/install/cpp_pubsub/share/cpp_pubsub/package.sh'
[12.840s] INFO:colcon.colcon_core.shell:Creating package script '/home/stinky/Documents/ros2_ws/install/cpp_pubsub/share/cpp_pubsub/package.bash'
[12.841s] INFO:colcon.colcon_core.shell:Creating package script '/home/stinky/Documents/ros2_ws/install/cpp_pubsub/share/cpp_pubsub/package.zsh'
[12.842s] Level 1:colcon.colcon_core.environment:create_file_with_runtime_dependencies(/home/stinky/Documents/ros2_ws/install/cpp_pubsub/share/colcon-core/packages/cpp_pubsub)
[12.880s] Level 1:colcon.colcon_core.environment:create_environment_scripts_only(cpp_pubsub)
[12.884s] Level 1:colcon.colcon_core.environment:checking '/home/stinky/Documents/ros2_ws/install/cpp_pubsub' for CMake module files
[12.886s] Level 1:colcon.colcon_core.environment:checking '/home/stinky/Documents/ros2_ws/install/cpp_pubsub' for CMake config files
[12.886s] Level 1:colcon.colcon_core.shell:create_environment_hook('cpp_pubsub', 'cmake_prefix_path')
[12.890s] INFO:colcon.colcon_core.shell:Creating environment hook '/home/stinky/Documents/ros2_ws/install/cpp_pubsub/share/cpp_pubsub/hook/cmake_prefix_path.ps1'
[12.891s] INFO:colcon.colcon_core.shell:Creating environment descriptor '/home/stinky/Documents/ros2_ws/install/cpp_pubsub/share/cpp_pubsub/hook/cmake_prefix_path.dsv'
[12.891s] INFO:colcon.colcon_core.shell:Creating environment hook '/home/stinky/Documents/ros2_ws/install/cpp_pubsub/share/cpp_pubsub/hook/cmake_prefix_path.sh'
[12.893s] Level 1:colcon.colcon_core.environment:checking '/home/stinky/Documents/ros2_ws/install/cpp_pubsub/lib'
[12.893s] Level 1:colcon.colcon_core.environment:checking '/home/stinky/Documents/ros2_ws/install/cpp_pubsub/bin'
[12.893s] Level 1:colcon.colcon_core.environment:checking '/home/stinky/Documents/ros2_ws/install/cpp_pubsub/lib/pkgconfig/cpp_pubsub.pc'
[12.894s] Level 1:colcon.colcon_core.environment:checking '/home/stinky/Documents/ros2_ws/install/cpp_pubsub/lib/python3.10/site-packages'
[12.894s] Level 1:colcon.colcon_core.environment:checking '/home/stinky/Documents/ros2_ws/install/cpp_pubsub/bin'
[12.898s] INFO:colcon.colcon_core.shell:Creating package script '/home/stinky/Documents/ros2_ws/install/cpp_pubsub/share/cpp_pubsub/package.ps1'
[12.899s] INFO:colcon.colcon_core.shell:Creating package descriptor '/home/stinky/Documents/ros2_ws/install/cpp_pubsub/share/cpp_pubsub/package.dsv'
[12.900s] INFO:colcon.colcon_core.shell:Creating package script '/home/stinky/Documents/ros2_ws/install/cpp_pubsub/share/cpp_pubsub/package.sh'
[12.901s] INFO:colcon.colcon_core.shell:Creating package script '/home/stinky/Documents/ros2_ws/install/cpp_pubsub/share/cpp_pubsub/package.bash'
[12.902s] INFO:colcon.colcon_core.shell:Creating package script '/home/stinky/Documents/ros2_ws/install/cpp_pubsub/share/cpp_pubsub/package.zsh'
[12.903s] Level 1:colcon.colcon_core.environment:create_file_with_runtime_dependencies(/home/stinky/Documents/ros2_ws/install/cpp_pubsub/share/colcon-core/packages/cpp_pubsub)
[12.903s] DEBUG:colcon.colcon_parallel_executor.executor.parallel:closing loop
[12.904s] DEBUG:colcon.colcon_parallel_executor.executor.parallel:loop closed
[12.904s] DEBUG:colcon.colcon_parallel_executor.executor.parallel:run_until_complete finished with '0'
[12.904s] DEBUG:colcon.colcon_core.event_reactor:joining thread
[12.912s] INFO:colcon.colcon_core.plugin_system:Skipping extension 'colcon_notification.desktop_notification.terminal_notifier': Not used on non-Darwin systems
[12.912s] INFO:colcon.colcon_core.plugin_system:Skipping extension 'colcon_notification.desktop_notification.win32': Not used on non-Windows systems
[12.912s] INFO:colcon.colcon_notification.desktop_notification:Sending desktop notification using 'notify2'
[12.932s] DEBUG:colcon.colcon_core.event_reactor:joined thread
[12.933s] INFO:colcon.colcon_core.shell:Creating prefix script '/home/stinky/Documents/ros2_ws/install/local_setup.ps1'
[12.935s] INFO:colcon.colcon_core.shell:Creating prefix util module '/home/stinky/Documents/ros2_ws/install/_local_setup_util_ps1.py'
[12.937s] INFO:colcon.colcon_core.shell:Creating prefix chain script '/home/stinky/Documents/ros2_ws/install/setup.ps1'
[12.939s] INFO:colcon.colcon_core.shell:Creating prefix script '/home/stinky/Documents/ros2_ws/install/local_setup.sh'
[12.939s] INFO:colcon.colcon_core.shell:Creating prefix util module '/home/stinky/Documents/ros2_ws/install/_local_setup_util_sh.py'
[12.940s] INFO:colcon.colcon_core.shell:Creating prefix chain script '/home/stinky/Documents/ros2_ws/install/setup.sh'
[12.942s] INFO:colcon.colcon_core.shell:Creating prefix script '/home/stinky/Documents/ros2_ws/install/local_setup.bash'
[12.943s] INFO:colcon.colcon_core.shell:Creating prefix chain script '/home/stinky/Documents/ros2_ws/install/setup.bash'
[12.945s] INFO:colcon.colcon_core.shell:Creating prefix script '/home/stinky/Documents/ros2_ws/install/local_setup.zsh'
[12.946s] INFO:colcon.colcon_core.shell:Creating prefix chain script '/home/stinky/Documents/ros2_ws/install/setup.zsh'
