[0.023s] Invoking command in '/home/stinky/Documents/ros2_ws/build/action_tutorials_cpp': AMENT_PREFIX_PATH=/home/stinky/Documents/ros2_ws/install/action_tutorials_interfaces:${AMENT_PREFIX_PATH} CMAKE_PREFIX_PATH=/home/stinky/Documents/ros2_ws/install/action_tutorials_interfaces:/home/stinky/Documents/ros2_ws/install/tutorials_interfaces:/home/stinky/Documents/ros2_ws/install/cpp_srvcli:/home/stinky/Documents/ros2_ws/install/cpp_pubsub:/home/stinky/Documents/ros2_ws/install/tutorial_interfaces:/home/stinky/Documents/ros2_ws/install/turtlesim:/home/stinky/Documents/ros2_ws/install/cpp_parameters:/opt/ros/humble LD_LIBRARY_PATH=/home/stinky/Documents/ros2_ws/install/action_tutorials_interfaces/lib:${LD_LIBRARY_PATH} PYTHONPATH=/home/stinky/Documents/ros2_ws/install/action_tutorials_interfaces/local/lib/python3.10/dist-packages:${PYTHONPATH} /usr/bin/cmake --build /home/stinky/Documents/ros2_ws/build/action_tutorials_cpp -- -j8 -l8
[0.092s] [35m[1mConsolidate compiler generated dependencies of target action_server[0m
[0.108s] [ 50%] Built target fibonacci_action_server
[0.124s] [ 75%] [32mBuilding CXX object CMakeFiles/action_server.dir/src/fibonacci_action_server.cpp.o[0m
[4.598s] [100%] [32m[1mLinking CXX shared library libaction_server.so[0m
[4.828s] [100%] Built target action_server
[4.840s] Invoked command in '/home/stinky/Documents/ros2_ws/build/action_tutorials_cpp' returned '0': AMENT_PREFIX_PATH=/home/stinky/Documents/ros2_ws/install/action_tutorials_interfaces:${AMENT_PREFIX_PATH} CMAKE_PREFIX_PATH=/home/stinky/Documents/ros2_ws/install/action_tutorials_interfaces:/home/stinky/Documents/ros2_ws/install/tutorials_interfaces:/home/stinky/Documents/ros2_ws/install/cpp_srvcli:/home/stinky/Documents/ros2_ws/install/cpp_pubsub:/home/stinky/Documents/ros2_ws/install/tutorial_interfaces:/home/stinky/Documents/ros2_ws/install/turtlesim:/home/stinky/Documents/ros2_ws/install/cpp_parameters:/opt/ros/humble LD_LIBRARY_PATH=/home/stinky/Documents/ros2_ws/install/action_tutorials_interfaces/lib:${LD_LIBRARY_PATH} PYTHONPATH=/home/stinky/Documents/ros2_ws/install/action_tutorials_interfaces/local/lib/python3.10/dist-packages:${PYTHONPATH} /usr/bin/cmake --build /home/stinky/Documents/ros2_ws/build/action_tutorials_cpp -- -j8 -l8
[4.900s] Invoking command in '/home/stinky/Documents/ros2_ws/build/action_tutorials_cpp': AMENT_PREFIX_PATH=/home/stinky/Documents/ros2_ws/install/action_tutorials_interfaces:${AMENT_PREFIX_PATH} CMAKE_PREFIX_PATH=/home/stinky/Documents/ros2_ws/install/action_tutorials_interfaces:/home/stinky/Documents/ros2_ws/install/tutorials_interfaces:/home/stinky/Documents/ros2_ws/install/cpp_srvcli:/home/stinky/Documents/ros2_ws/install/cpp_pubsub:/home/stinky/Documents/ros2_ws/install/tutorial_interfaces:/home/stinky/Documents/ros2_ws/install/turtlesim:/home/stinky/Documents/ros2_ws/install/cpp_parameters:/opt/ros/humble LD_LIBRARY_PATH=/home/stinky/Documents/ros2_ws/install/action_tutorials_interfaces/lib:${LD_LIBRARY_PATH} PYTHONPATH=/home/stinky/Documents/ros2_ws/install/action_tutorials_interfaces/local/lib/python3.10/dist-packages:${PYTHONPATH} /usr/bin/cmake --install /home/stinky/Documents/ros2_ws/build/action_tutorials_cpp
[4.910s] -- Install configuration: ""
[4.910s] -- Installing: /home/stinky/Documents/ros2_ws/install/action_tutorials_cpp/lib/action_tutorials_cpp/fibonacci_action_server
[4.911s] -- Set runtime path of "/home/stinky/Documents/ros2_ws/install/action_tutorials_cpp/lib/action_tutorials_cpp/fibonacci_action_server" to ""
[4.911s] -- Installing: /home/stinky/Documents/ros2_ws/install/action_tutorials_cpp/lib/libaction_server.so
[4.913s] -- Set runtime path of "/home/stinky/Documents/ros2_ws/install/action_tutorials_cpp/lib/libaction_server.so" to ""
[4.913s] -- Installing: /home/stinky/Documents/ros2_ws/install/action_tutorials_cpp/share/ament_index/resource_index/package_run_dependencies/action_tutorials_cpp
[4.913s] -- Installing: /home/stinky/Documents/ros2_ws/install/action_tutorials_cpp/share/ament_index/resource_index/parent_prefix_path/action_tutorials_cpp
[4.913s] -- Installing: /home/stinky/Documents/ros2_ws/install/action_tutorials_cpp/share/action_tutorials_cpp/environment/ament_prefix_path.sh
[4.914s] -- Installing: /home/stinky/Documents/ros2_ws/install/action_tutorials_cpp/share/action_tutorials_cpp/environment/ament_prefix_path.dsv
[4.914s] -- Installing: /home/stinky/Documents/ros2_ws/install/action_tutorials_cpp/share/action_tutorials_cpp/environment/path.sh
[4.914s] -- Installing: /home/stinky/Documents/ros2_ws/install/action_tutorials_cpp/share/action_tutorials_cpp/environment/path.dsv
[4.914s] -- Installing: /home/stinky/Documents/ros2_ws/install/action_tutorials_cpp/share/action_tutorials_cpp/local_setup.bash
[4.915s] -- Installing: /home/stinky/Documents/ros2_ws/install/action_tutorials_cpp/share/action_tutorials_cpp/local_setup.sh
[4.915s] -- Installing: /home/stinky/Documents/ros2_ws/install/action_tutorials_cpp/share/action_tutorials_cpp/local_setup.zsh
[4.915s] -- Installing: /home/stinky/Documents/ros2_ws/install/action_tutorials_cpp/share/action_tutorials_cpp/local_setup.dsv
[4.915s] -- Installing: /home/stinky/Documents/ros2_ws/install/action_tutorials_cpp/share/action_tutorials_cpp/package.dsv
[4.915s] -- Installing: /home/stinky/Documents/ros2_ws/install/action_tutorials_cpp/share/ament_index/resource_index/packages/action_tutorials_cpp
[4.915s] -- Installing: /home/stinky/Documents/ros2_ws/install/action_tutorials_cpp/share/ament_index/resource_index/rclcpp_components/action_tutorials_cpp
[4.916s] -- Installing: /home/stinky/Documents/ros2_ws/install/action_tutorials_cpp/share/action_tutorials_cpp/cmake/action_tutorials_cppConfig.cmake
[4.916s] -- Installing: /home/stinky/Documents/ros2_ws/install/action_tutorials_cpp/share/action_tutorials_cpp/cmake/action_tutorials_cppConfig-version.cmake
[4.916s] -- Installing: /home/stinky/Documents/ros2_ws/install/action_tutorials_cpp/share/action_tutorials_cpp/package.xml
[4.918s] Invoked command in '/home/stinky/Documents/ros2_ws/build/action_tutorials_cpp' returned '0': AMENT_PREFIX_PATH=/home/stinky/Documents/ros2_ws/install/action_tutorials_interfaces:${AMENT_PREFIX_PATH} CMAKE_PREFIX_PATH=/home/stinky/Documents/ros2_ws/install/action_tutorials_interfaces:/home/stinky/Documents/ros2_ws/install/tutorials_interfaces:/home/stinky/Documents/ros2_ws/install/cpp_srvcli:/home/stinky/Documents/ros2_ws/install/cpp_pubsub:/home/stinky/Documents/ros2_ws/install/tutorial_interfaces:/home/stinky/Documents/ros2_ws/install/turtlesim:/home/stinky/Documents/ros2_ws/install/cpp_parameters:/opt/ros/humble LD_LIBRARY_PATH=/home/stinky/Documents/ros2_ws/install/action_tutorials_interfaces/lib:${LD_LIBRARY_PATH} PYTHONPATH=/home/stinky/Documents/ros2_ws/install/action_tutorials_interfaces/local/lib/python3.10/dist-packages:${PYTHONPATH} /usr/bin/cmake --install /home/stinky/Documents/ros2_ws/build/action_tutorials_cpp
