[0.016s] Invoking command in '/home/stinky/Documents/ros2_ws/build/tutorials_interfaces': CMAKE_PREFIX_PATH=/opt/ros/humble /usr/bin/cmake /home/stinky/Documents/ros2_ws/src/tutorials_interfaces -DCMAKE_INSTALL_PREFIX=/home/stinky/Documents/ros2_ws/install/tutorials_interfaces
[0.091s] -- The C compiler identification is GNU 11.4.0
[0.178s] -- The CXX compiler identification is GNU 11.4.0
[0.194s] -- Detecting C compiler ABI info
[0.313s] -- Detecting C compiler ABI info - done
[0.335s] -- Check for working C compiler: /usr/bin/cc - skipped
[0.336s] -- Detecting C compile features
[0.337s] -- Detecting C compile features - done
[0.344s] -- Detecting CXX compiler ABI info
[0.463s] -- Detecting CXX compiler ABI info - done
[0.473s] -- Check for working CXX compiler: /usr/bin/c++ - skipped
[0.473s] -- Detecting CXX compile features
[0.473s] -- Detecting CXX compile features - done
[0.476s] -- Found ament_cmake: 1.3.5 (/opt/ros/humble/share/ament_cmake/cmake)
[0.699s] -- Found Python3: /usr/bin/python3.10 (found version "3.10.12") found components: Interpreter 
[0.824s] -- Found geometry_msgs: 4.2.3 (/opt/ros/humble/share/geometry_msgs/cmake)
[0.869s] -- Found rosidl_generator_c: 3.1.5 (/opt/ros/humble/share/rosidl_generator_c/cmake)
[0.874s] -- Found rosidl_adapter: 3.1.5 (/opt/ros/humble/share/rosidl_adapter/cmake)
[0.882s] -- Found rosidl_generator_cpp: 3.1.5 (/opt/ros/humble/share/rosidl_generator_cpp/cmake)
[0.897s] -- Using all available rosidl_typesupport_c: rosidl_typesupport_fastrtps_c;rosidl_typesupport_introspection_c
[0.918s] -- Using all available rosidl_typesupport_cpp: rosidl_typesupport_fastrtps_cpp;rosidl_typesupport_introspection_cpp
[1.070s] -- Found rosidl_default_generators: 1.2.0 (/opt/ros/humble/share/rosidl_default_generators/cmake)
[1.552s] -- Found ament_cmake_ros: 0.10.0 (/opt/ros/humble/share/ament_cmake_ros/cmake)
[2.248s] -- Using all available rosidl_typesupport_c: rosidl_typesupport_fastrtps_c;rosidl_typesupport_introspection_c
[2.541s] -- Using all available rosidl_typesupport_cpp: rosidl_typesupport_fastrtps_cpp;rosidl_typesupport_introspection_cpp
[2.587s] -- Found PythonInterp: /usr/bin/python3 (found suitable version "3.10.12", minimum required is "3.6") 
[2.591s] -- Found python_cmake_module: 0.10.0 (/opt/ros/humble/share/python_cmake_module/cmake)
[2.640s] -- Found PythonLibs: /usr/lib/x86_64-linux-gnu/libpython3.10.so (found suitable version "3.10.12", minimum required is "3.5") 
[2.641s] -- Using PYTHON_EXECUTABLE: /usr/bin/python3
[2.641s] -- Using PYTHON_INCLUDE_DIRS: /usr/include/python3.10
[2.641s] -- Using PYTHON_LIBRARIES: /usr/lib/x86_64-linux-gnu/libpython3.10.so
[2.672s] -- Found PythonExtra: .so  
[2.800s] -- Configuring done
[2.853s] -- Generating done
[2.858s] -- Build files have been written to: /home/stinky/Documents/ros2_ws/build/tutorials_interfaces
[2.873s] Invoked command in '/home/stinky/Documents/ros2_ws/build/tutorials_interfaces' returned '0': CMAKE_PREFIX_PATH=/opt/ros/humble /usr/bin/cmake /home/stinky/Documents/ros2_ws/src/tutorials_interfaces -DCMAKE_INSTALL_PREFIX=/home/stinky/Documents/ros2_ws/install/tutorials_interfaces
[2.877s] Invoking command in '/home/stinky/Documents/ros2_ws/build/tutorials_interfaces': CMAKE_PREFIX_PATH=/opt/ros/humble /usr/bin/cmake --build /home/stinky/Documents/ros2_ws/build/tutorials_interfaces -- -j8 -l8
[2.943s] [  2%] [34m[1mGenerating C code for ROS interfaces[0m
[2.958s] [  4%] [34m[1mGenerating C++ code for ROS interfaces[0m
[2.964s] [  4%] Built target ament_cmake_python_copy_tutorials_interfaces
[3.292s] running egg_info
[3.293s] creating tutorials_interfaces.egg-info
[3.293s] writing tutorials_interfaces.egg-info/PKG-INFO
[3.294s] writing dependency_links to tutorials_interfaces.egg-info/dependency_links.txt
[3.294s] writing top-level names to tutorials_interfaces.egg-info/top_level.txt
[3.294s] writing manifest file 'tutorials_interfaces.egg-info/SOURCES.txt'
[3.298s] reading manifest file 'tutorials_interfaces.egg-info/SOURCES.txt'
[3.299s] writing manifest file 'tutorials_interfaces.egg-info/SOURCES.txt'
[3.341s] [  4%] Built target ament_cmake_python_build_tutorials_interfaces_egg
[3.453s] [  4%] Built target tutorials_interfaces__cpp
[3.469s] [  8%] [34m[1mGenerating C++ type support for eProsima Fast-RTPS[0m
[3.469s] [  8%] [34m[1mGenerating C++ type support dispatch for ROS interfaces[0m
[3.472s] [ 10%] [34m[1mGenerating C++ introspection for ROS interfaces[0m
[3.531s] [ 12%] [32mBuilding C object CMakeFiles/tutorials_interfaces__rosidl_generator_c.dir/rosidl_generator_c/tutorials_interfaces/msg/detail/num__functions.c.o[0m
[3.532s] [ 17%] [32mBuilding C object CMakeFiles/tutorials_interfaces__rosidl_generator_c.dir/rosidl_generator_c/tutorials_interfaces/srv/detail/add_three_ints__functions.c.o[0m
[3.532s] [ 17%] [32mBuilding C object CMakeFiles/tutorials_interfaces__rosidl_generator_c.dir/rosidl_generator_c/tutorials_interfaces/msg/detail/sphere__functions.c.o[0m
[3.621s] [ 19%] [32m[1mLinking C shared library libtutorials_interfaces__rosidl_generator_c.so[0m
[3.674s] [ 19%] Built target tutorials_interfaces__rosidl_generator_c
[3.688s] [ 21%] [34m[1mGenerating C type support for eProsima Fast-RTPS[0m
[3.689s] [ 25%] [34m[1mGenerating C type support dispatch for ROS interfaces[0m
[3.690s] [ 25%] [34m[1mGenerating C introspection for ROS interfaces[0m
[3.907s] [ 31%] [32mBuilding CXX object CMakeFiles/tutorials_interfaces__rosidl_typesupport_cpp.dir/rosidl_typesupport_cpp/tutorials_interfaces/msg/num__type_support.cpp.o[0m
[3.908s] [ 31%] [32mBuilding CXX object CMakeFiles/tutorials_interfaces__rosidl_typesupport_cpp.dir/rosidl_typesupport_cpp/tutorials_interfaces/msg/sphere__type_support.cpp.o[0m
[3.910s] [ 31%] [32mBuilding CXX object CMakeFiles/tutorials_interfaces__rosidl_typesupport_cpp.dir/rosidl_typesupport_cpp/tutorials_interfaces/srv/add_three_ints__type_support.cpp.o[0m
[4.232s] [ 34%] [32mBuilding CXX object CMakeFiles/tutorials_interfaces__rosidl_typesupport_fastrtps_cpp.dir/rosidl_typesupport_fastrtps_cpp/tutorials_interfaces/msg/detail/dds_fastrtps/num__type_support.cpp.o[0m
[4.261s] [ 36%] [32mBuilding CXX object CMakeFiles/tutorials_interfaces__rosidl_typesupport_introspection_cpp.dir/rosidl_typesupport_introspection_cpp/tutorials_interfaces/msg/detail/num__type_support.cpp.o[0m
[4.274s] [ 38%] [32mBuilding CXX object CMakeFiles/tutorials_interfaces__rosidl_typesupport_c.dir/rosidl_typesupport_c/tutorials_interfaces/msg/num__type_support.cpp.o[0m
[4.409s] [ 40%] [32mBuilding CXX object CMakeFiles/tutorials_interfaces__rosidl_typesupport_c.dir/rosidl_typesupport_c/tutorials_interfaces/msg/sphere__type_support.cpp.o[0m
[4.495s] [ 42%] [32mBuilding CXX object CMakeFiles/tutorials_interfaces__rosidl_typesupport_introspection_cpp.dir/rosidl_typesupport_introspection_cpp/tutorials_interfaces/msg/detail/sphere__type_support.cpp.o[0m
[4.506s] [ 44%] [32mBuilding CXX object CMakeFiles/tutorials_interfaces__rosidl_typesupport_c.dir/rosidl_typesupport_c/tutorials_interfaces/srv/add_three_ints__type_support.cpp.o[0m
[4.518s] [ 46%] [32m[1mLinking CXX shared library libtutorials_interfaces__rosidl_typesupport_cpp.so[0m
[4.570s] [ 48%] [32mBuilding CXX object CMakeFiles/tutorials_interfaces__rosidl_typesupport_introspection_cpp.dir/rosidl_typesupport_introspection_cpp/tutorials_interfaces/srv/detail/add_three_ints__type_support.cpp.o[0m
[4.573s] [ 51%] [32m[1mLinking CXX shared library libtutorials_interfaces__rosidl_typesupport_c.so[0m
[4.591s] [ 53%] [32mBuilding C object CMakeFiles/tutorials_interfaces__rosidl_typesupport_introspection_c.dir/rosidl_typesupport_introspection_c/tutorials_interfaces/msg/detail/num__type_support.c.o[0m
[4.617s] [ 53%] Built target tutorials_interfaces__rosidl_typesupport_cpp
[4.629s] [ 55%] [32mBuilding CXX object CMakeFiles/tutorials_interfaces__rosidl_typesupport_fastrtps_c.dir/rosidl_typesupport_fastrtps_c/tutorials_interfaces/msg/detail/num__type_support_c.cpp.o[0m
[4.656s] [ 57%] [32mBuilding CXX object CMakeFiles/tutorials_interfaces__rosidl_typesupport_fastrtps_c.dir/rosidl_typesupport_fastrtps_c/tutorials_interfaces/msg/detail/sphere__type_support_c.cpp.o[0m
[4.673s] [ 59%] [32mBuilding C object CMakeFiles/tutorials_interfaces__rosidl_typesupport_introspection_c.dir/rosidl_typesupport_introspection_c/tutorials_interfaces/msg/detail/sphere__type_support.c.o[0m
[4.676s] [ 59%] Built target tutorials_interfaces__rosidl_typesupport_c
[4.693s] [ 61%] [32mBuilding CXX object CMakeFiles/tutorials_interfaces__rosidl_typesupport_fastrtps_c.dir/rosidl_typesupport_fastrtps_c/tutorials_interfaces/srv/detail/add_three_ints__type_support_c.cpp.o[0m
[4.807s] [ 63%] [32mBuilding C object CMakeFiles/tutorials_interfaces__rosidl_typesupport_introspection_c.dir/rosidl_typesupport_introspection_c/tutorials_interfaces/srv/detail/add_three_ints__type_support.c.o[0m
[4.967s] [ 65%] [32m[1mLinking C shared library libtutorials_interfaces__rosidl_typesupport_introspection_c.so[0m
[5.091s] [ 68%] [32mBuilding CXX object CMakeFiles/tutorials_interfaces__rosidl_typesupport_fastrtps_cpp.dir/rosidl_typesupport_fastrtps_cpp/tutorials_interfaces/msg/detail/dds_fastrtps/sphere__type_support.cpp.o[0m
[5.115s] [ 70%] [32mBuilding CXX object CMakeFiles/tutorials_interfaces__rosidl_typesupport_fastrtps_cpp.dir/rosidl_typesupport_fastrtps_cpp/tutorials_interfaces/srv/detail/dds_fastrtps/add_three_ints__type_support.cpp.o[0m
[5.180s] [ 70%] Built target tutorials_interfaces__rosidl_typesupport_introspection_c
[5.436s] [ 72%] [32m[1mLinking CXX shared library libtutorials_interfaces__rosidl_typesupport_fastrtps_c.so[0m
[5.469s] [ 74%] [32m[1mLinking CXX shared library libtutorials_interfaces__rosidl_typesupport_introspection_cpp.so[0m
[5.581s] [ 74%] Built target tutorials_interfaces__rosidl_typesupport_introspection_cpp
[5.581s] [ 74%] Built target tutorials_interfaces__rosidl_typesupport_fastrtps_c
[5.834s] [ 76%] [32m[1mLinking CXX shared library libtutorials_interfaces__rosidl_typesupport_fastrtps_cpp.so[0m
[5.958s] [ 76%] Built target tutorials_interfaces__rosidl_typesupport_fastrtps_cpp
[5.991s] [ 76%] Built target tutorials_interfaces
[6.023s] [ 78%] [34m[1mGenerating Python code for ROS interfaces[0m
[6.724s] [ 78%] Built target tutorials_interfaces__py
[6.755s] [ 80%] [32mBuilding C object CMakeFiles/tutorials_interfaces__rosidl_generator_py.dir/rosidl_generator_py/tutorials_interfaces/srv/_add_three_ints_s.c.o[0m
[6.761s] [ 82%] [32mBuilding C object CMakeFiles/tutorials_interfaces__rosidl_generator_py.dir/rosidl_generator_py/tutorials_interfaces/msg/_num_s.c.o[0m
[6.763s] [ 85%] [32mBuilding C object CMakeFiles/tutorials_interfaces__rosidl_generator_py.dir/rosidl_generator_py/tutorials_interfaces/msg/_sphere_s.c.o[0m
[6.922s] [ 87%] [32m[1mLinking C shared library rosidl_generator_py/tutorials_interfaces/libtutorials_interfaces__rosidl_generator_py.so[0m
[6.982s] [ 87%] Built target tutorials_interfaces__rosidl_generator_py
[7.008s] [ 91%] [32mBuilding C object CMakeFiles/tutorials_interfaces__rosidl_typesupport_introspection_c__pyext.dir/rosidl_generator_py/tutorials_interfaces/_tutorials_interfaces_s.ep.rosidl_typesupport_introspection_c.c.o[0m
[7.008s] [ 91%] [32mBuilding C object CMakeFiles/tutorials_interfaces__rosidl_typesupport_fastrtps_c__pyext.dir/rosidl_generator_py/tutorials_interfaces/_tutorials_interfaces_s.ep.rosidl_typesupport_fastrtps_c.c.o[0m
[7.015s] [ 93%] [32mBuilding C object CMakeFiles/tutorials_interfaces__rosidl_typesupport_c__pyext.dir/rosidl_generator_py/tutorials_interfaces/_tutorials_interfaces_s.ep.rosidl_typesupport_c.c.o[0m
[7.144s] [ 97%] [32m[1mLinking C shared library rosidl_generator_py/tutorials_interfaces/tutorials_interfaces_s__rosidl_typesupport_introspection_c.cpython-310-x86_64-linux-gnu.so[0m
[7.144s] [ 97%] [32m[1mLinking C shared library rosidl_generator_py/tutorials_interfaces/tutorials_interfaces_s__rosidl_typesupport_fastrtps_c.cpython-310-x86_64-linux-gnu.so[0m
[7.159s] [100%] [32m[1mLinking C shared library rosidl_generator_py/tutorials_interfaces/tutorials_interfaces_s__rosidl_typesupport_c.cpython-310-x86_64-linux-gnu.so[0m
[7.199s] [100%] Built target tutorials_interfaces__rosidl_typesupport_introspection_c__pyext
[7.199s] [100%] Built target tutorials_interfaces__rosidl_typesupport_fastrtps_c__pyext
[7.211s] [100%] Built target tutorials_interfaces__rosidl_typesupport_c__pyext
[7.226s] Invoked command in '/home/stinky/Documents/ros2_ws/build/tutorials_interfaces' returned '0': CMAKE_PREFIX_PATH=/opt/ros/humble /usr/bin/cmake --build /home/stinky/Documents/ros2_ws/build/tutorials_interfaces -- -j8 -l8
[7.360s] Invoking command in '/home/stinky/Documents/ros2_ws/build/tutorials_interfaces': CMAKE_PREFIX_PATH=/opt/ros/humble /usr/bin/cmake --install /home/stinky/Documents/ros2_ws/build/tutorials_interfaces
[7.371s] -- Install configuration: ""
[7.371s] -- Installing: /home/stinky/Documents/ros2_ws/install/tutorials_interfaces/share/ament_index/resource_index/rosidl_interfaces/tutorials_interfaces
[7.372s] -- Installing: /home/stinky/Documents/ros2_ws/install/tutorials_interfaces/include/tutorials_interfaces/tutorials_interfaces
[7.372s] -- Installing: /home/stinky/Documents/ros2_ws/install/tutorials_interfaces/include/tutorials_interfaces/tutorials_interfaces/srv
[7.372s] -- Installing: /home/stinky/Documents/ros2_ws/install/tutorials_interfaces/include/tutorials_interfaces/tutorials_interfaces/srv/detail
[7.372s] -- Installing: /home/stinky/Documents/ros2_ws/install/tutorials_interfaces/include/tutorials_interfaces/tutorials_interfaces/srv/detail/add_three_ints__struct.h
[7.372s] -- Installing: /home/stinky/Documents/ros2_ws/install/tutorials_interfaces/include/tutorials_interfaces/tutorials_interfaces/srv/detail/add_three_ints__functions.h
[7.373s] -- Installing: /home/stinky/Documents/ros2_ws/install/tutorials_interfaces/include/tutorials_interfaces/tutorials_interfaces/srv/detail/add_three_ints__type_support.h
[7.373s] -- Installing: /home/stinky/Documents/ros2_ws/install/tutorials_interfaces/include/tutorials_interfaces/tutorials_interfaces/srv/detail/add_three_ints__functions.c
[7.373s] -- Installing: /home/stinky/Documents/ros2_ws/install/tutorials_interfaces/include/tutorials_interfaces/tutorials_interfaces/srv/add_three_ints.h
[7.373s] -- Installing: /home/stinky/Documents/ros2_ws/install/tutorials_interfaces/include/tutorials_interfaces/tutorials_interfaces/msg
[7.373s] -- Installing: /home/stinky/Documents/ros2_ws/install/tutorials_interfaces/include/tutorials_interfaces/tutorials_interfaces/msg/detail
[7.373s] -- Installing: /home/stinky/Documents/ros2_ws/install/tutorials_interfaces/include/tutorials_interfaces/tutorials_interfaces/msg/detail/num__type_support.h
[7.374s] -- Installing: /home/stinky/Documents/ros2_ws/install/tutorials_interfaces/include/tutorials_interfaces/tutorials_interfaces/msg/detail/sphere__type_support.h
[7.374s] -- Installing: /home/stinky/Documents/ros2_ws/install/tutorials_interfaces/include/tutorials_interfaces/tutorials_interfaces/msg/detail/num__functions.c
[7.374s] -- Installing: /home/stinky/Documents/ros2_ws/install/tutorials_interfaces/include/tutorials_interfaces/tutorials_interfaces/msg/detail/sphere__struct.h
[7.374s] -- Installing: /home/stinky/Documents/ros2_ws/install/tutorials_interfaces/include/tutorials_interfaces/tutorials_interfaces/msg/detail/num__struct.h
[7.374s] -- Installing: /home/stinky/Documents/ros2_ws/install/tutorials_interfaces/include/tutorials_interfaces/tutorials_interfaces/msg/detail/sphere__functions.h
[7.374s] -- Installing: /home/stinky/Documents/ros2_ws/install/tutorials_interfaces/include/tutorials_interfaces/tutorials_interfaces/msg/detail/num__functions.h
[7.374s] -- Installing: /home/stinky/Documents/ros2_ws/install/tutorials_interfaces/include/tutorials_interfaces/tutorials_interfaces/msg/detail/sphere__functions.c
[7.375s] -- Installing: /home/stinky/Documents/ros2_ws/install/tutorials_interfaces/include/tutorials_interfaces/tutorials_interfaces/msg/rosidl_generator_c__visibility_control.h
[7.375s] -- Installing: /home/stinky/Documents/ros2_ws/install/tutorials_interfaces/include/tutorials_interfaces/tutorials_interfaces/msg/num.h
[7.375s] -- Installing: /home/stinky/Documents/ros2_ws/install/tutorials_interfaces/include/tutorials_interfaces/tutorials_interfaces/msg/sphere.h
[7.375s] -- Installing: /home/stinky/Documents/ros2_ws/install/tutorials_interfaces/share/tutorials_interfaces/environment/library_path.sh
[7.375s] -- Installing: /home/stinky/Documents/ros2_ws/install/tutorials_interfaces/share/tutorials_interfaces/environment/library_path.dsv
[7.376s] -- Installing: /home/stinky/Documents/ros2_ws/install/tutorials_interfaces/lib/libtutorials_interfaces__rosidl_generator_c.so
[7.376s] -- Set runtime path of "/home/stinky/Documents/ros2_ws/install/tutorials_interfaces/lib/libtutorials_interfaces__rosidl_generator_c.so" to ""
[7.377s] -- Up-to-date: /home/stinky/Documents/ros2_ws/install/tutorials_interfaces/include/tutorials_interfaces/tutorials_interfaces
[7.377s] -- Up-to-date: /home/stinky/Documents/ros2_ws/install/tutorials_interfaces/include/tutorials_interfaces/tutorials_interfaces/srv
[7.377s] -- Up-to-date: /home/stinky/Documents/ros2_ws/install/tutorials_interfaces/include/tutorials_interfaces/tutorials_interfaces/srv/detail
[7.377s] -- Installing: /home/stinky/Documents/ros2_ws/install/tutorials_interfaces/include/tutorials_interfaces/tutorials_interfaces/srv/detail/add_three_ints__rosidl_typesupport_fastrtps_c.h
[7.377s] -- Up-to-date: /home/stinky/Documents/ros2_ws/install/tutorials_interfaces/include/tutorials_interfaces/tutorials_interfaces/msg
[7.377s] -- Up-to-date: /home/stinky/Documents/ros2_ws/install/tutorials_interfaces/include/tutorials_interfaces/tutorials_interfaces/msg/detail
[7.377s] -- Installing: /home/stinky/Documents/ros2_ws/install/tutorials_interfaces/include/tutorials_interfaces/tutorials_interfaces/msg/detail/sphere__rosidl_typesupport_fastrtps_c.h
[7.378s] -- Installing: /home/stinky/Documents/ros2_ws/install/tutorials_interfaces/include/tutorials_interfaces/tutorials_interfaces/msg/detail/num__rosidl_typesupport_fastrtps_c.h
[7.378s] -- Installing: /home/stinky/Documents/ros2_ws/install/tutorials_interfaces/include/tutorials_interfaces/tutorials_interfaces/msg/rosidl_typesupport_fastrtps_c__visibility_control.h
[7.378s] -- Installing: /home/stinky/Documents/ros2_ws/install/tutorials_interfaces/lib/libtutorials_interfaces__rosidl_typesupport_fastrtps_c.so
[7.378s] -- Set runtime path of "/home/stinky/Documents/ros2_ws/install/tutorials_interfaces/lib/libtutorials_interfaces__rosidl_typesupport_fastrtps_c.so" to ""
[7.378s] -- Up-to-date: /home/stinky/Documents/ros2_ws/install/tutorials_interfaces/include/tutorials_interfaces/tutorials_interfaces
[7.378s] -- Up-to-date: /home/stinky/Documents/ros2_ws/install/tutorials_interfaces/include/tutorials_interfaces/tutorials_interfaces/srv
[7.379s] -- Up-to-date: /home/stinky/Documents/ros2_ws/install/tutorials_interfaces/include/tutorials_interfaces/tutorials_interfaces/srv/detail
[7.379s] -- Installing: /home/stinky/Documents/ros2_ws/install/tutorials_interfaces/include/tutorials_interfaces/tutorials_interfaces/srv/detail/add_three_ints__builder.hpp
[7.379s] -- Installing: /home/stinky/Documents/ros2_ws/install/tutorials_interfaces/include/tutorials_interfaces/tutorials_interfaces/srv/detail/add_three_ints__traits.hpp
[7.379s] -- Installing: /home/stinky/Documents/ros2_ws/install/tutorials_interfaces/include/tutorials_interfaces/tutorials_interfaces/srv/detail/add_three_ints__struct.hpp
[7.379s] -- Installing: /home/stinky/Documents/ros2_ws/install/tutorials_interfaces/include/tutorials_interfaces/tutorials_interfaces/srv/add_three_ints.hpp
[7.379s] -- Up-to-date: /home/stinky/Documents/ros2_ws/install/tutorials_interfaces/include/tutorials_interfaces/tutorials_interfaces/msg
[7.379s] -- Up-to-date: /home/stinky/Documents/ros2_ws/install/tutorials_interfaces/include/tutorials_interfaces/tutorials_interfaces/msg/detail
[7.380s] -- Installing: /home/stinky/Documents/ros2_ws/install/tutorials_interfaces/include/tutorials_interfaces/tutorials_interfaces/msg/detail/num__struct.hpp
[7.380s] -- Installing: /home/stinky/Documents/ros2_ws/install/tutorials_interfaces/include/tutorials_interfaces/tutorials_interfaces/msg/detail/sphere__traits.hpp
[7.380s] -- Installing: /home/stinky/Documents/ros2_ws/install/tutorials_interfaces/include/tutorials_interfaces/tutorials_interfaces/msg/detail/num__builder.hpp
[7.380s] -- Installing: /home/stinky/Documents/ros2_ws/install/tutorials_interfaces/include/tutorials_interfaces/tutorials_interfaces/msg/detail/sphere__struct.hpp
[7.380s] -- Installing: /home/stinky/Documents/ros2_ws/install/tutorials_interfaces/include/tutorials_interfaces/tutorials_interfaces/msg/detail/sphere__builder.hpp
[7.380s] -- Installing: /home/stinky/Documents/ros2_ws/install/tutorials_interfaces/include/tutorials_interfaces/tutorials_interfaces/msg/detail/num__traits.hpp
[7.380s] -- Installing: /home/stinky/Documents/ros2_ws/install/tutorials_interfaces/include/tutorials_interfaces/tutorials_interfaces/msg/num.hpp
[7.380s] -- Installing: /home/stinky/Documents/ros2_ws/install/tutorials_interfaces/include/tutorials_interfaces/tutorials_interfaces/msg/sphere.hpp
[7.381s] -- Up-to-date: /home/stinky/Documents/ros2_ws/install/tutorials_interfaces/include/tutorials_interfaces/tutorials_interfaces
[7.381s] -- Up-to-date: /home/stinky/Documents/ros2_ws/install/tutorials_interfaces/include/tutorials_interfaces/tutorials_interfaces/srv
[7.381s] -- Up-to-date: /home/stinky/Documents/ros2_ws/install/tutorials_interfaces/include/tutorials_interfaces/tutorials_interfaces/srv/detail
[7.381s] -- Installing: /home/stinky/Documents/ros2_ws/install/tutorials_interfaces/include/tutorials_interfaces/tutorials_interfaces/srv/detail/dds_fastrtps
[7.381s] -- Installing: /home/stinky/Documents/ros2_ws/install/tutorials_interfaces/include/tutorials_interfaces/tutorials_interfaces/srv/detail/add_three_ints__rosidl_typesupport_fastrtps_cpp.hpp
[7.381s] -- Up-to-date: /home/stinky/Documents/ros2_ws/install/tutorials_interfaces/include/tutorials_interfaces/tutorials_interfaces/msg
[7.381s] -- Up-to-date: /home/stinky/Documents/ros2_ws/install/tutorials_interfaces/include/tutorials_interfaces/tutorials_interfaces/msg/detail
[7.382s] -- Installing: /home/stinky/Documents/ros2_ws/install/tutorials_interfaces/include/tutorials_interfaces/tutorials_interfaces/msg/detail/sphere__rosidl_typesupport_fastrtps_cpp.hpp
[7.382s] -- Installing: /home/stinky/Documents/ros2_ws/install/tutorials_interfaces/include/tutorials_interfaces/tutorials_interfaces/msg/detail/dds_fastrtps
[7.382s] -- Installing: /home/stinky/Documents/ros2_ws/install/tutorials_interfaces/include/tutorials_interfaces/tutorials_interfaces/msg/detail/num__rosidl_typesupport_fastrtps_cpp.hpp
[7.382s] -- Installing: /home/stinky/Documents/ros2_ws/install/tutorials_interfaces/include/tutorials_interfaces/tutorials_interfaces/msg/rosidl_typesupport_fastrtps_cpp__visibility_control.h
[7.382s] -- Installing: /home/stinky/Documents/ros2_ws/install/tutorials_interfaces/lib/libtutorials_interfaces__rosidl_typesupport_fastrtps_cpp.so
[7.383s] -- Set runtime path of "/home/stinky/Documents/ros2_ws/install/tutorials_interfaces/lib/libtutorials_interfaces__rosidl_typesupport_fastrtps_cpp.so" to ""
[7.383s] -- Up-to-date: /home/stinky/Documents/ros2_ws/install/tutorials_interfaces/include/tutorials_interfaces/tutorials_interfaces
[7.383s] -- Up-to-date: /home/stinky/Documents/ros2_ws/install/tutorials_interfaces/include/tutorials_interfaces/tutorials_interfaces/srv
[7.383s] -- Up-to-date: /home/stinky/Documents/ros2_ws/install/tutorials_interfaces/include/tutorials_interfaces/tutorials_interfaces/srv/detail
[7.383s] -- Installing: /home/stinky/Documents/ros2_ws/install/tutorials_interfaces/include/tutorials_interfaces/tutorials_interfaces/srv/detail/add_three_ints__rosidl_typesupport_introspection_c.h
[7.384s] -- Installing: /home/stinky/Documents/ros2_ws/install/tutorials_interfaces/include/tutorials_interfaces/tutorials_interfaces/srv/detail/add_three_ints__type_support.c
[7.384s] -- Up-to-date: /home/stinky/Documents/ros2_ws/install/tutorials_interfaces/include/tutorials_interfaces/tutorials_interfaces/msg
[7.384s] -- Up-to-date: /home/stinky/Documents/ros2_ws/install/tutorials_interfaces/include/tutorials_interfaces/tutorials_interfaces/msg/detail
[7.384s] -- Installing: /home/stinky/Documents/ros2_ws/install/tutorials_interfaces/include/tutorials_interfaces/tutorials_interfaces/msg/detail/sphere__rosidl_typesupport_introspection_c.h
[7.384s] -- Installing: /home/stinky/Documents/ros2_ws/install/tutorials_interfaces/include/tutorials_interfaces/tutorials_interfaces/msg/detail/num__type_support.c
[7.384s] -- Installing: /home/stinky/Documents/ros2_ws/install/tutorials_interfaces/include/tutorials_interfaces/tutorials_interfaces/msg/detail/num__rosidl_typesupport_introspection_c.h
[7.384s] -- Installing: /home/stinky/Documents/ros2_ws/install/tutorials_interfaces/include/tutorials_interfaces/tutorials_interfaces/msg/detail/sphere__type_support.c
[7.385s] -- Installing: /home/stinky/Documents/ros2_ws/install/tutorials_interfaces/include/tutorials_interfaces/tutorials_interfaces/msg/rosidl_typesupport_introspection_c__visibility_control.h
[7.385s] -- Installing: /home/stinky/Documents/ros2_ws/install/tutorials_interfaces/lib/libtutorials_interfaces__rosidl_typesupport_introspection_c.so
[7.385s] -- Set runtime path of "/home/stinky/Documents/ros2_ws/install/tutorials_interfaces/lib/libtutorials_interfaces__rosidl_typesupport_introspection_c.so" to ""
[7.385s] -- Installing: /home/stinky/Documents/ros2_ws/install/tutorials_interfaces/lib/libtutorials_interfaces__rosidl_typesupport_c.so
[7.386s] -- Set runtime path of "/home/stinky/Documents/ros2_ws/install/tutorials_interfaces/lib/libtutorials_interfaces__rosidl_typesupport_c.so" to ""
[7.386s] -- Up-to-date: /home/stinky/Documents/ros2_ws/install/tutorials_interfaces/include/tutorials_interfaces/tutorials_interfaces
[7.386s] -- Up-to-date: /home/stinky/Documents/ros2_ws/install/tutorials_interfaces/include/tutorials_interfaces/tutorials_interfaces/srv
[7.386s] -- Up-to-date: /home/stinky/Documents/ros2_ws/install/tutorials_interfaces/include/tutorials_interfaces/tutorials_interfaces/srv/detail
[7.386s] -- Installing: /home/stinky/Documents/ros2_ws/install/tutorials_interfaces/include/tutorials_interfaces/tutorials_interfaces/srv/detail/add_three_ints__rosidl_typesupport_introspection_cpp.hpp
[7.386s] -- Installing: /home/stinky/Documents/ros2_ws/install/tutorials_interfaces/include/tutorials_interfaces/tutorials_interfaces/srv/detail/add_three_ints__type_support.cpp
[7.387s] -- Up-to-date: /home/stinky/Documents/ros2_ws/install/tutorials_interfaces/include/tutorials_interfaces/tutorials_interfaces/msg
[7.387s] -- Up-to-date: /home/stinky/Documents/ros2_ws/install/tutorials_interfaces/include/tutorials_interfaces/tutorials_interfaces/msg/detail
[7.387s] -- Installing: /home/stinky/Documents/ros2_ws/install/tutorials_interfaces/include/tutorials_interfaces/tutorials_interfaces/msg/detail/num__rosidl_typesupport_introspection_cpp.hpp
[7.387s] -- Installing: /home/stinky/Documents/ros2_ws/install/tutorials_interfaces/include/tutorials_interfaces/tutorials_interfaces/msg/detail/num__type_support.cpp
[7.387s] -- Installing: /home/stinky/Documents/ros2_ws/install/tutorials_interfaces/include/tutorials_interfaces/tutorials_interfaces/msg/detail/sphere__type_support.cpp
[7.387s] -- Installing: /home/stinky/Documents/ros2_ws/install/tutorials_interfaces/include/tutorials_interfaces/tutorials_interfaces/msg/detail/sphere__rosidl_typesupport_introspection_cpp.hpp
[7.387s] -- Installing: /home/stinky/Documents/ros2_ws/install/tutorials_interfaces/lib/libtutorials_interfaces__rosidl_typesupport_introspection_cpp.so
[7.388s] -- Set runtime path of "/home/stinky/Documents/ros2_ws/install/tutorials_interfaces/lib/libtutorials_interfaces__rosidl_typesupport_introspection_cpp.so" to ""
[7.388s] -- Installing: /home/stinky/Documents/ros2_ws/install/tutorials_interfaces/lib/libtutorials_interfaces__rosidl_typesupport_cpp.so
[7.388s] -- Set runtime path of "/home/stinky/Documents/ros2_ws/install/tutorials_interfaces/lib/libtutorials_interfaces__rosidl_typesupport_cpp.so" to ""
[7.388s] -- Installing: /home/stinky/Documents/ros2_ws/install/tutorials_interfaces/share/tutorials_interfaces/environment/pythonpath.sh
[7.389s] -- Installing: /home/stinky/Documents/ros2_ws/install/tutorials_interfaces/share/tutorials_interfaces/environment/pythonpath.dsv
[7.389s] -- Installing: /home/stinky/Documents/ros2_ws/install/tutorials_interfaces/local/lib/python3.10/dist-packages/tutorials_interfaces-0.0.0-py3.10.egg-info
[7.389s] -- Installing: /home/stinky/Documents/ros2_ws/install/tutorials_interfaces/local/lib/python3.10/dist-packages/tutorials_interfaces-0.0.0-py3.10.egg-info/dependency_links.txt
[7.389s] -- Installing: /home/stinky/Documents/ros2_ws/install/tutorials_interfaces/local/lib/python3.10/dist-packages/tutorials_interfaces-0.0.0-py3.10.egg-info/top_level.txt
[7.389s] -- Installing: /home/stinky/Documents/ros2_ws/install/tutorials_interfaces/local/lib/python3.10/dist-packages/tutorials_interfaces-0.0.0-py3.10.egg-info/PKG-INFO
[7.390s] -- Installing: /home/stinky/Documents/ros2_ws/install/tutorials_interfaces/local/lib/python3.10/dist-packages/tutorials_interfaces-0.0.0-py3.10.egg-info/SOURCES.txt
[7.390s] -- Installing: /home/stinky/Documents/ros2_ws/install/tutorials_interfaces/local/lib/python3.10/dist-packages/tutorials_interfaces
[7.390s] -- Installing: /home/stinky/Documents/ros2_ws/install/tutorials_interfaces/local/lib/python3.10/dist-packages/tutorials_interfaces/srv
[7.390s] -- Installing: /home/stinky/Documents/ros2_ws/install/tutorials_interfaces/local/lib/python3.10/dist-packages/tutorials_interfaces/srv/_add_three_ints_s.c
[7.390s] -- Installing: /home/stinky/Documents/ros2_ws/install/tutorials_interfaces/local/lib/python3.10/dist-packages/tutorials_interfaces/srv/_add_three_ints.py
[7.390s] -- Installing: /home/stinky/Documents/ros2_ws/install/tutorials_interfaces/local/lib/python3.10/dist-packages/tutorials_interfaces/srv/__init__.py
[7.390s] -- Installing: /home/stinky/Documents/ros2_ws/install/tutorials_interfaces/local/lib/python3.10/dist-packages/tutorials_interfaces/libtutorials_interfaces__rosidl_generator_py.so
[7.391s] -- Installing: /home/stinky/Documents/ros2_ws/install/tutorials_interfaces/local/lib/python3.10/dist-packages/tutorials_interfaces/msg
[7.391s] -- Installing: /home/stinky/Documents/ros2_ws/install/tutorials_interfaces/local/lib/python3.10/dist-packages/tutorials_interfaces/msg/_sphere_s.c
[7.391s] -- Installing: /home/stinky/Documents/ros2_ws/install/tutorials_interfaces/local/lib/python3.10/dist-packages/tutorials_interfaces/msg/_sphere.py
[7.391s] -- Installing: /home/stinky/Documents/ros2_ws/install/tutorials_interfaces/local/lib/python3.10/dist-packages/tutorials_interfaces/msg/_num.py
[7.391s] -- Installing: /home/stinky/Documents/ros2_ws/install/tutorials_interfaces/local/lib/python3.10/dist-packages/tutorials_interfaces/msg/__init__.py
[7.391s] -- Installing: /home/stinky/Documents/ros2_ws/install/tutorials_interfaces/local/lib/python3.10/dist-packages/tutorials_interfaces/msg/_num_s.c
[7.391s] -- Installing: /home/stinky/Documents/ros2_ws/install/tutorials_interfaces/local/lib/python3.10/dist-packages/tutorials_interfaces/_tutorials_interfaces_s.ep.rosidl_typesupport_fastrtps_c.c
[7.391s] -- Installing: /home/stinky/Documents/ros2_ws/install/tutorials_interfaces/local/lib/python3.10/dist-packages/tutorials_interfaces/tutorials_interfaces_s__rosidl_typesupport_c.cpython-310-x86_64-linux-gnu.so
[7.392s] -- Installing: /home/stinky/Documents/ros2_ws/install/tutorials_interfaces/local/lib/python3.10/dist-packages/tutorials_interfaces/__init__.py
[7.392s] -- Installing: /home/stinky/Documents/ros2_ws/install/tutorials_interfaces/local/lib/python3.10/dist-packages/tutorials_interfaces/tutorials_interfaces_s__rosidl_typesupport_introspection_c.cpython-310-x86_64-linux-gnu.so
[7.392s] -- Installing: /home/stinky/Documents/ros2_ws/install/tutorials_interfaces/local/lib/python3.10/dist-packages/tutorials_interfaces/_tutorials_interfaces_s.ep.rosidl_typesupport_introspection_c.c
[7.392s] -- Installing: /home/stinky/Documents/ros2_ws/install/tutorials_interfaces/local/lib/python3.10/dist-packages/tutorials_interfaces/_tutorials_interfaces_s.ep.rosidl_typesupport_c.c
[7.392s] -- Installing: /home/stinky/Documents/ros2_ws/install/tutorials_interfaces/local/lib/python3.10/dist-packages/tutorials_interfaces/tutorials_interfaces_s__rosidl_typesupport_fastrtps_c.cpython-310-x86_64-linux-gnu.so
[7.444s] Listing '/home/stinky/Documents/ros2_ws/install/tutorials_interfaces/local/lib/python3.10/dist-packages/tutorials_interfaces'...
[7.444s] Compiling '/home/stinky/Documents/ros2_ws/install/tutorials_interfaces/local/lib/python3.10/dist-packages/tutorials_interfaces/__init__.py'...
[7.444s] Listing '/home/stinky/Documents/ros2_ws/install/tutorials_interfaces/local/lib/python3.10/dist-packages/tutorials_interfaces/msg'...
[7.445s] Compiling '/home/stinky/Documents/ros2_ws/install/tutorials_interfaces/local/lib/python3.10/dist-packages/tutorials_interfaces/msg/__init__.py'...
[7.445s] Compiling '/home/stinky/Documents/ros2_ws/install/tutorials_interfaces/local/lib/python3.10/dist-packages/tutorials_interfaces/msg/_num.py'...
[7.445s] Compiling '/home/stinky/Documents/ros2_ws/install/tutorials_interfaces/local/lib/python3.10/dist-packages/tutorials_interfaces/msg/_sphere.py'...
[7.446s] Listing '/home/stinky/Documents/ros2_ws/install/tutorials_interfaces/local/lib/python3.10/dist-packages/tutorials_interfaces/srv'...
[7.446s] Compiling '/home/stinky/Documents/ros2_ws/install/tutorials_interfaces/local/lib/python3.10/dist-packages/tutorials_interfaces/srv/__init__.py'...
[7.446s] Compiling '/home/stinky/Documents/ros2_ws/install/tutorials_interfaces/local/lib/python3.10/dist-packages/tutorials_interfaces/srv/_add_three_ints.py'...
[7.451s] -- Installing: /home/stinky/Documents/ros2_ws/install/tutorials_interfaces/local/lib/python3.10/dist-packages/tutorials_interfaces/tutorials_interfaces_s__rosidl_typesupport_fastrtps_c.cpython-310-x86_64-linux-gnu.so
[7.452s] -- Set runtime path of "/home/stinky/Documents/ros2_ws/install/tutorials_interfaces/local/lib/python3.10/dist-packages/tutorials_interfaces/tutorials_interfaces_s__rosidl_typesupport_fastrtps_c.cpython-310-x86_64-linux-gnu.so" to ""
[7.453s] -- Installing: /home/stinky/Documents/ros2_ws/install/tutorials_interfaces/local/lib/python3.10/dist-packages/tutorials_interfaces/tutorials_interfaces_s__rosidl_typesupport_introspection_c.cpython-310-x86_64-linux-gnu.so
[7.454s] -- Set runtime path of "/home/stinky/Documents/ros2_ws/install/tutorials_interfaces/local/lib/python3.10/dist-packages/tutorials_interfaces/tutorials_interfaces_s__rosidl_typesupport_introspection_c.cpython-310-x86_64-linux-gnu.so" to ""
[7.454s] -- Installing: /home/stinky/Documents/ros2_ws/install/tutorials_interfaces/local/lib/python3.10/dist-packages/tutorials_interfaces/tutorials_interfaces_s__rosidl_typesupport_c.cpython-310-x86_64-linux-gnu.so
[7.455s] -- Set runtime path of "/home/stinky/Documents/ros2_ws/install/tutorials_interfaces/local/lib/python3.10/dist-packages/tutorials_interfaces/tutorials_interfaces_s__rosidl_typesupport_c.cpython-310-x86_64-linux-gnu.so" to ""
[7.455s] -- Installing: /home/stinky/Documents/ros2_ws/install/tutorials_interfaces/lib/libtutorials_interfaces__rosidl_generator_py.so
[7.456s] -- Set runtime path of "/home/stinky/Documents/ros2_ws/install/tutorials_interfaces/lib/libtutorials_interfaces__rosidl_generator_py.so" to ""
[7.457s] -- Installing: /home/stinky/Documents/ros2_ws/install/tutorials_interfaces/share/tutorials_interfaces/msg/Num.idl
[7.457s] -- Installing: /home/stinky/Documents/ros2_ws/install/tutorials_interfaces/share/tutorials_interfaces/msg/Sphere.idl
[7.458s] -- Installing: /home/stinky/Documents/ros2_ws/install/tutorials_interfaces/share/tutorials_interfaces/srv/AddThreeInts.idl
[7.458s] -- Installing: /home/stinky/Documents/ros2_ws/install/tutorials_interfaces/share/tutorials_interfaces/msg/Num.msg
[7.459s] -- Installing: /home/stinky/Documents/ros2_ws/install/tutorials_interfaces/share/tutorials_interfaces/msg/Sphere.msg
[7.459s] -- Installing: /home/stinky/Documents/ros2_ws/install/tutorials_interfaces/share/tutorials_interfaces/srv/AddThreeInts.srv
[7.459s] -- Installing: /home/stinky/Documents/ros2_ws/install/tutorials_interfaces/share/tutorials_interfaces/srv/AddThreeInts_Request.msg
[7.460s] -- Installing: /home/stinky/Documents/ros2_ws/install/tutorials_interfaces/share/tutorials_interfaces/srv/AddThreeInts_Response.msg
[7.461s] -- Installing: /home/stinky/Documents/ros2_ws/install/tutorials_interfaces/share/ament_index/resource_index/package_run_dependencies/tutorials_interfaces
[7.461s] -- Installing: /home/stinky/Documents/ros2_ws/install/tutorials_interfaces/share/ament_index/resource_index/parent_prefix_path/tutorials_interfaces
[7.462s] -- Installing: /home/stinky/Documents/ros2_ws/install/tutorials_interfaces/share/tutorials_interfaces/environment/ament_prefix_path.sh
[7.462s] -- Installing: /home/stinky/Documents/ros2_ws/install/tutorials_interfaces/share/tutorials_interfaces/environment/ament_prefix_path.dsv
[7.462s] -- Installing: /home/stinky/Documents/ros2_ws/install/tutorials_interfaces/share/tutorials_interfaces/environment/path.sh
[7.463s] -- Installing: /home/stinky/Documents/ros2_ws/install/tutorials_interfaces/share/tutorials_interfaces/environment/path.dsv
[7.463s] -- Installing: /home/stinky/Documents/ros2_ws/install/tutorials_interfaces/share/tutorials_interfaces/local_setup.bash
[7.464s] -- Installing: /home/stinky/Documents/ros2_ws/install/tutorials_interfaces/share/tutorials_interfaces/local_setup.sh
[7.464s] -- Installing: /home/stinky/Documents/ros2_ws/install/tutorials_interfaces/share/tutorials_interfaces/local_setup.zsh
[7.464s] -- Installing: /home/stinky/Documents/ros2_ws/install/tutorials_interfaces/share/tutorials_interfaces/local_setup.dsv
[7.465s] -- Installing: /home/stinky/Documents/ros2_ws/install/tutorials_interfaces/share/tutorials_interfaces/package.dsv
[7.465s] -- Installing: /home/stinky/Documents/ros2_ws/install/tutorials_interfaces/share/ament_index/resource_index/packages/tutorials_interfaces
[7.466s] -- Installing: /home/stinky/Documents/ros2_ws/install/tutorials_interfaces/share/tutorials_interfaces/cmake/export_tutorials_interfaces__rosidl_generator_cExport.cmake
[7.466s] -- Installing: /home/stinky/Documents/ros2_ws/install/tutorials_interfaces/share/tutorials_interfaces/cmake/export_tutorials_interfaces__rosidl_generator_cExport-noconfig.cmake
[7.466s] -- Installing: /home/stinky/Documents/ros2_ws/install/tutorials_interfaces/share/tutorials_interfaces/cmake/export_tutorials_interfaces__rosidl_typesupport_fastrtps_cExport.cmake
[7.467s] -- Installing: /home/stinky/Documents/ros2_ws/install/tutorials_interfaces/share/tutorials_interfaces/cmake/export_tutorials_interfaces__rosidl_typesupport_fastrtps_cExport-noconfig.cmake
[7.467s] -- Installing: /home/stinky/Documents/ros2_ws/install/tutorials_interfaces/share/tutorials_interfaces/cmake/export_tutorials_interfaces__rosidl_generator_cppExport.cmake
[7.468s] -- Installing: /home/stinky/Documents/ros2_ws/install/tutorials_interfaces/share/tutorials_interfaces/cmake/export_tutorials_interfaces__rosidl_typesupport_fastrtps_cppExport.cmake
[7.468s] -- Installing: /home/stinky/Documents/ros2_ws/install/tutorials_interfaces/share/tutorials_interfaces/cmake/export_tutorials_interfaces__rosidl_typesupport_fastrtps_cppExport-noconfig.cmake
[7.469s] -- Installing: /home/stinky/Documents/ros2_ws/install/tutorials_interfaces/share/tutorials_interfaces/cmake/tutorials_interfaces__rosidl_typesupport_introspection_cExport.cmake
[7.469s] -- Installing: /home/stinky/Documents/ros2_ws/install/tutorials_interfaces/share/tutorials_interfaces/cmake/tutorials_interfaces__rosidl_typesupport_introspection_cExport-noconfig.cmake
[7.470s] -- Installing: /home/stinky/Documents/ros2_ws/install/tutorials_interfaces/share/tutorials_interfaces/cmake/tutorials_interfaces__rosidl_typesupport_cExport.cmake
[7.470s] -- Installing: /home/stinky/Documents/ros2_ws/install/tutorials_interfaces/share/tutorials_interfaces/cmake/tutorials_interfaces__rosidl_typesupport_cExport-noconfig.cmake
[7.470s] -- Installing: /home/stinky/Documents/ros2_ws/install/tutorials_interfaces/share/tutorials_interfaces/cmake/tutorials_interfaces__rosidl_typesupport_introspection_cppExport.cmake
[7.471s] -- Installing: /home/stinky/Documents/ros2_ws/install/tutorials_interfaces/share/tutorials_interfaces/cmake/tutorials_interfaces__rosidl_typesupport_introspection_cppExport-noconfig.cmake
[7.471s] -- Installing: /home/stinky/Documents/ros2_ws/install/tutorials_interfaces/share/tutorials_interfaces/cmake/tutorials_interfaces__rosidl_typesupport_cppExport.cmake
[7.472s] -- Installing: /home/stinky/Documents/ros2_ws/install/tutorials_interfaces/share/tutorials_interfaces/cmake/tutorials_interfaces__rosidl_typesupport_cppExport-noconfig.cmake
[7.472s] -- Installing: /home/stinky/Documents/ros2_ws/install/tutorials_interfaces/share/tutorials_interfaces/cmake/export_tutorials_interfaces__rosidl_generator_pyExport.cmake
[7.472s] -- Installing: /home/stinky/Documents/ros2_ws/install/tutorials_interfaces/share/tutorials_interfaces/cmake/export_tutorials_interfaces__rosidl_generator_pyExport-noconfig.cmake
[7.473s] -- Installing: /home/stinky/Documents/ros2_ws/install/tutorials_interfaces/share/tutorials_interfaces/cmake/rosidl_cmake-extras.cmake
[7.473s] -- Installing: /home/stinky/Documents/ros2_ws/install/tutorials_interfaces/share/tutorials_interfaces/cmake/ament_cmake_export_dependencies-extras.cmake
[7.473s] -- Installing: /home/stinky/Documents/ros2_ws/install/tutorials_interfaces/share/tutorials_interfaces/cmake/ament_cmake_export_include_directories-extras.cmake
[7.474s] -- Installing: /home/stinky/Documents/ros2_ws/install/tutorials_interfaces/share/tutorials_interfaces/cmake/ament_cmake_export_libraries-extras.cmake
[7.474s] -- Installing: /home/stinky/Documents/ros2_ws/install/tutorials_interfaces/share/tutorials_interfaces/cmake/ament_cmake_export_targets-extras.cmake
[7.475s] -- Installing: /home/stinky/Documents/ros2_ws/install/tutorials_interfaces/share/tutorials_interfaces/cmake/rosidl_cmake_export_typesupport_targets-extras.cmake
[7.475s] -- Installing: /home/stinky/Documents/ros2_ws/install/tutorials_interfaces/share/tutorials_interfaces/cmake/rosidl_cmake_export_typesupport_libraries-extras.cmake
[7.475s] -- Installing: /home/stinky/Documents/ros2_ws/install/tutorials_interfaces/share/tutorials_interfaces/cmake/tutorials_interfacesConfig.cmake
[7.476s] -- Installing: /home/stinky/Documents/ros2_ws/install/tutorials_interfaces/share/tutorials_interfaces/cmake/tutorials_interfacesConfig-version.cmake
[7.476s] -- Installing: /home/stinky/Documents/ros2_ws/install/tutorials_interfaces/share/tutorials_interfaces/package.xml
[7.482s] Invoked command in '/home/stinky/Documents/ros2_ws/build/tutorials_interfaces' returned '0': CMAKE_PREFIX_PATH=/opt/ros/humble /usr/bin/cmake --install /home/stinky/Documents/ros2_ws/build/tutorials_interfaces
