[0.330s] DEBUG:colcon:Command line arguments: ['/usr/bin/colcon', 'build', '--packages-select', 'cpp_pubsub']
[0.330s] DEBUG:colcon:Parsed command line arguments: Namespace(log_base=None, log_level=None, verb_name='build', build_base='build', install_base='install', merge_install=False, symlink_install=False, test_result_base=None, continue_on_error=False, executor='parallel', parallel_workers=8, event_handlers=None, ignore_user_meta=False, metas=['./colcon.meta'], base_paths=['.'], packages_ignore=None, packages_ignore_regex=None, paths=None, packages_up_to=None, packages_up_to_regex=None, packages_above=None, packages_above_and_dependencies=None, packages_above_depth=None, packages_select_by_dep=None, packages_skip_by_dep=None, packages_skip_up_to=None, packages_select_build_failed=False, packages_skip_build_finished=False, packages_select_test_failures=False, packages_skip_test_passed=False, packages_select=['cpp_pubsub'], packages_skip=None, packages_select_regex=None, packages_skip_regex=None, packages_start=None, packages_end=None, allow_overriding=[], cmake_args=None, cmake_target=None, cmake_target_skip_unavailable=False, cmake_clean_cache=False, cmake_clean_first=False, cmake_force_configure=False, ament_cmake_args=None, catkin_cmake_args=None, catkin_skip_building_tests=False, verb_parser=<colcon_defaults.argument_parser.defaults.DefaultArgumentsDecorator object at 0x7f3764595c30>, verb_extension=<colcon_core.verb.build.BuildVerb object at 0x7f3764d8bb20>, main=<bound method BuildVerb.main of <colcon_core.verb.build.BuildVerb object at 0x7f3764d8bb20>>)
[0.368s] Level 1:colcon.colcon_core.package_discovery:discover_packages(colcon_meta) check parameters
[0.368s] Level 1:colcon.colcon_core.package_discovery:discover_packages(recursive) check parameters
[0.368s] Level 1:colcon.colcon_core.package_discovery:discover_packages(ignore) check parameters
[0.368s] Level 1:colcon.colcon_core.package_discovery:discover_packages(path) check parameters
[0.368s] Level 1:colcon.colcon_core.package_discovery:discover_packages(colcon_meta) discover
[0.368s] Level 1:colcon.colcon_core.package_discovery:discover_packages(recursive) discover
[0.368s] INFO:colcon.colcon_core.package_discovery:Crawling recursively for packages in '/home/stinky/Documents/ros2_ws'
[0.368s] Level 1:colcon.colcon_core.package_identification:_identify(.) by extensions ['ignore', 'ignore_ament_install']
[0.368s] Level 1:colcon.colcon_core.package_identification:_identify(.) by extension 'ignore'
[0.368s] Level 1:colcon.colcon_core.package_identification:_identify(.) by extension 'ignore_ament_install'
[0.368s] Level 1:colcon.colcon_core.package_identification:_identify(.) by extensions ['colcon_pkg']
[0.368s] Level 1:colcon.colcon_core.package_identification:_identify(.) by extension 'colcon_pkg'
[0.369s] Level 1:colcon.colcon_core.package_identification:_identify(.) by extensions ['colcon_meta']
[0.369s] Level 1:colcon.colcon_core.package_identification:_identify(.) by extension 'colcon_meta'
[0.369s] Level 1:colcon.colcon_core.package_identification:_identify(.) by extensions ['ros']
[0.369s] Level 1:colcon.colcon_core.package_identification:_identify(.) by extension 'ros'
[0.381s] Level 1:colcon.colcon_core.package_identification:_identify(.) by extensions ['cmake', 'python']
[0.381s] Level 1:colcon.colcon_core.package_identification:_identify(.) by extension 'cmake'
[0.381s] Level 1:colcon.colcon_core.package_identification:_identify(.) by extension 'python'
[0.381s] Level 1:colcon.colcon_core.package_identification:_identify(.) by extensions ['python_setup_py']
[0.381s] Level 1:colcon.colcon_core.package_identification:_identify(.) by extension 'python_setup_py'
[0.381s] Level 1:colcon.colcon_core.package_identification:_identify(build) by extensions ['ignore', 'ignore_ament_install']
[0.381s] Level 1:colcon.colcon_core.package_identification:_identify(build) by extension 'ignore'
[0.382s] Level 1:colcon.colcon_core.package_identification:_identify(build) ignored
[0.382s] Level 1:colcon.colcon_core.package_identification:_identify(install) by extensions ['ignore', 'ignore_ament_install']
[0.382s] Level 1:colcon.colcon_core.package_identification:_identify(install) by extension 'ignore'
[0.382s] Level 1:colcon.colcon_core.package_identification:_identify(install) ignored
[0.382s] Level 1:colcon.colcon_core.package_identification:_identify(log) by extensions ['ignore', 'ignore_ament_install']
[0.382s] Level 1:colcon.colcon_core.package_identification:_identify(log) by extension 'ignore'
[0.382s] Level 1:colcon.colcon_core.package_identification:_identify(log) ignored
[0.382s] Level 1:colcon.colcon_core.package_identification:_identify(src) by extensions ['ignore', 'ignore_ament_install']
[0.382s] Level 1:colcon.colcon_core.package_identification:_identify(src) by extension 'ignore'
[0.382s] Level 1:colcon.colcon_core.package_identification:_identify(src) by extension 'ignore_ament_install'
[0.382s] Level 1:colcon.colcon_core.package_identification:_identify(src) by extensions ['colcon_pkg']
[0.382s] Level 1:colcon.colcon_core.package_identification:_identify(src) by extension 'colcon_pkg'
[0.382s] Level 1:colcon.colcon_core.package_identification:_identify(src) by extensions ['colcon_meta']
[0.382s] Level 1:colcon.colcon_core.package_identification:_identify(src) by extension 'colcon_meta'
[0.383s] Level 1:colcon.colcon_core.package_identification:_identify(src) by extensions ['ros']
[0.383s] Level 1:colcon.colcon_core.package_identification:_identify(src) by extension 'ros'
[0.383s] Level 1:colcon.colcon_core.package_identification:_identify(src) by extensions ['cmake', 'python']
[0.383s] Level 1:colcon.colcon_core.package_identification:_identify(src) by extension 'cmake'
[0.383s] Level 1:colcon.colcon_core.package_identification:_identify(src) by extension 'python'
[0.383s] Level 1:colcon.colcon_core.package_identification:_identify(src) by extensions ['python_setup_py']
[0.383s] Level 1:colcon.colcon_core.package_identification:_identify(src) by extension 'python_setup_py'
[0.383s] Level 1:colcon.colcon_core.package_identification:_identify(src/cpp_pubsub) by extensions ['ignore', 'ignore_ament_install']
[0.383s] Level 1:colcon.colcon_core.package_identification:_identify(src/cpp_pubsub) by extension 'ignore'
[0.383s] Level 1:colcon.colcon_core.package_identification:_identify(src/cpp_pubsub) by extension 'ignore_ament_install'
[0.383s] Level 1:colcon.colcon_core.package_identification:_identify(src/cpp_pubsub) by extensions ['colcon_pkg']
[0.383s] Level 1:colcon.colcon_core.package_identification:_identify(src/cpp_pubsub) by extension 'colcon_pkg'
[0.383s] Level 1:colcon.colcon_core.package_identification:_identify(src/cpp_pubsub) by extensions ['colcon_meta']
[0.383s] Level 1:colcon.colcon_core.package_identification:_identify(src/cpp_pubsub) by extension 'colcon_meta'
[0.383s] Level 1:colcon.colcon_core.package_identification:_identify(src/cpp_pubsub) by extensions ['ros']
[0.383s] Level 1:colcon.colcon_core.package_identification:_identify(src/cpp_pubsub) by extension 'ros'
[0.386s] DEBUG:colcon.colcon_core.package_identification:Package 'src/cpp_pubsub' with type 'ros.ament_cmake' and name 'cpp_pubsub'
[0.387s] Level 1:colcon.colcon_core.package_identification:_identify(src/cpp_srvcli) by extensions ['ignore', 'ignore_ament_install']
[0.387s] Level 1:colcon.colcon_core.package_identification:_identify(src/cpp_srvcli) by extension 'ignore'
[0.387s] Level 1:colcon.colcon_core.package_identification:_identify(src/cpp_srvcli) by extension 'ignore_ament_install'
[0.387s] Level 1:colcon.colcon_core.package_identification:_identify(src/cpp_srvcli) by extensions ['colcon_pkg']
[0.387s] Level 1:colcon.colcon_core.package_identification:_identify(src/cpp_srvcli) by extension 'colcon_pkg'
[0.387s] Level 1:colcon.colcon_core.package_identification:_identify(src/cpp_srvcli) by extensions ['colcon_meta']
[0.387s] Level 1:colcon.colcon_core.package_identification:_identify(src/cpp_srvcli) by extension 'colcon_meta'
[0.387s] Level 1:colcon.colcon_core.package_identification:_identify(src/cpp_srvcli) by extensions ['ros']
[0.387s] Level 1:colcon.colcon_core.package_identification:_identify(src/cpp_srvcli) by extension 'ros'
[0.388s] DEBUG:colcon.colcon_core.package_identification:Package 'src/cpp_srvcli' with type 'ros.ament_cmake' and name 'cpp_srvcli'
[0.388s] Level 1:colcon.colcon_core.package_identification:_identify(src/ros_tutorials) by extensions ['ignore', 'ignore_ament_install']
[0.388s] Level 1:colcon.colcon_core.package_identification:_identify(src/ros_tutorials) by extension 'ignore'
[0.388s] Level 1:colcon.colcon_core.package_identification:_identify(src/ros_tutorials) by extension 'ignore_ament_install'
[0.388s] Level 1:colcon.colcon_core.package_identification:_identify(src/ros_tutorials) by extensions ['colcon_pkg']
[0.388s] Level 1:colcon.colcon_core.package_identification:_identify(src/ros_tutorials) by extension 'colcon_pkg'
[0.388s] Level 1:colcon.colcon_core.package_identification:_identify(src/ros_tutorials) by extensions ['colcon_meta']
[0.388s] Level 1:colcon.colcon_core.package_identification:_identify(src/ros_tutorials) by extension 'colcon_meta'
[0.388s] Level 1:colcon.colcon_core.package_identification:_identify(src/ros_tutorials) by extensions ['ros']
[0.388s] Level 1:colcon.colcon_core.package_identification:_identify(src/ros_tutorials) by extension 'ros'
[0.388s] Level 1:colcon.colcon_core.package_identification:_identify(src/ros_tutorials) by extensions ['cmake', 'python']
[0.388s] Level 1:colcon.colcon_core.package_identification:_identify(src/ros_tutorials) by extension 'cmake'
[0.388s] Level 1:colcon.colcon_core.package_identification:_identify(src/ros_tutorials) by extension 'python'
[0.388s] Level 1:colcon.colcon_core.package_identification:_identify(src/ros_tutorials) by extensions ['python_setup_py']
[0.388s] Level 1:colcon.colcon_core.package_identification:_identify(src/ros_tutorials) by extension 'python_setup_py'
[0.389s] Level 1:colcon.colcon_core.package_identification:_identify(src/ros_tutorials/ros_tutorials) by extensions ['ignore', 'ignore_ament_install']
[0.389s] Level 1:colcon.colcon_core.package_identification:_identify(src/ros_tutorials/ros_tutorials) by extension 'ignore'
[0.389s] Level 1:colcon.colcon_core.package_identification:_identify(src/ros_tutorials/ros_tutorials) ignored
[0.389s] Level 1:colcon.colcon_core.package_identification:_identify(src/ros_tutorials/roscpp_tutorials) by extensions ['ignore', 'ignore_ament_install']
[0.389s] Level 1:colcon.colcon_core.package_identification:_identify(src/ros_tutorials/roscpp_tutorials) by extension 'ignore'
[0.389s] Level 1:colcon.colcon_core.package_identification:_identify(src/ros_tutorials/roscpp_tutorials) ignored
[0.389s] Level 1:colcon.colcon_core.package_identification:_identify(src/ros_tutorials/rospy_tutorials) by extensions ['ignore', 'ignore_ament_install']
[0.389s] Level 1:colcon.colcon_core.package_identification:_identify(src/ros_tutorials/rospy_tutorials) by extension 'ignore'
[0.389s] Level 1:colcon.colcon_core.package_identification:_identify(src/ros_tutorials/rospy_tutorials) ignored
[0.389s] Level 1:colcon.colcon_core.package_identification:_identify(src/ros_tutorials/turtlesim) by extensions ['ignore', 'ignore_ament_install']
[0.389s] Level 1:colcon.colcon_core.package_identification:_identify(src/ros_tutorials/turtlesim) by extension 'ignore'
[0.389s] Level 1:colcon.colcon_core.package_identification:_identify(src/ros_tutorials/turtlesim) by extension 'ignore_ament_install'
[0.390s] Level 1:colcon.colcon_core.package_identification:_identify(src/ros_tutorials/turtlesim) by extensions ['colcon_pkg']
[0.390s] Level 1:colcon.colcon_core.package_identification:_identify(src/ros_tutorials/turtlesim) by extension 'colcon_pkg'
[0.390s] Level 1:colcon.colcon_core.package_identification:_identify(src/ros_tutorials/turtlesim) by extensions ['colcon_meta']
[0.390s] Level 1:colcon.colcon_core.package_identification:_identify(src/ros_tutorials/turtlesim) by extension 'colcon_meta'
[0.390s] Level 1:colcon.colcon_core.package_identification:_identify(src/ros_tutorials/turtlesim) by extensions ['ros']
[0.390s] Level 1:colcon.colcon_core.package_identification:_identify(src/ros_tutorials/turtlesim) by extension 'ros'
[0.391s] DEBUG:colcon.colcon_core.package_identification:Package 'src/ros_tutorials/turtlesim' with type 'ros.ament_cmake' and name 'turtlesim'
[0.391s] Level 1:colcon.colcon_core.package_identification:_identify(src/tutorials_interfaces) by extensions ['ignore', 'ignore_ament_install']
[0.391s] Level 1:colcon.colcon_core.package_identification:_identify(src/tutorials_interfaces) by extension 'ignore'
[0.391s] Level 1:colcon.colcon_core.package_identification:_identify(src/tutorials_interfaces) by extension 'ignore_ament_install'
[0.391s] Level 1:colcon.colcon_core.package_identification:_identify(src/tutorials_interfaces) by extensions ['colcon_pkg']
[0.391s] Level 1:colcon.colcon_core.package_identification:_identify(src/tutorials_interfaces) by extension 'colcon_pkg'
[0.391s] Level 1:colcon.colcon_core.package_identification:_identify(src/tutorials_interfaces) by extensions ['colcon_meta']
[0.391s] Level 1:colcon.colcon_core.package_identification:_identify(src/tutorials_interfaces) by extension 'colcon_meta'
[0.392s] Level 1:colcon.colcon_core.package_identification:_identify(src/tutorials_interfaces) by extensions ['ros']
[0.392s] Level 1:colcon.colcon_core.package_identification:_identify(src/tutorials_interfaces) by extension 'ros'
[0.392s] DEBUG:colcon.colcon_core.package_identification:Package 'src/tutorials_interfaces' with type 'ros.ament_cmake' and name 'tutorials_interfaces'
[0.392s] Level 1:colcon.colcon_core.package_discovery:discover_packages(recursive) using defaults
[0.392s] Level 1:colcon.colcon_core.package_discovery:discover_packages(ignore) discover
[0.392s] Level 1:colcon.colcon_core.package_discovery:discover_packages(ignore) using defaults
[0.392s] Level 1:colcon.colcon_core.package_discovery:discover_packages(path) discover
[0.392s] Level 1:colcon.colcon_core.package_discovery:discover_packages(path) using defaults
[0.417s] INFO:colcon.colcon_core.package_selection:Skipping not selected package 'cpp_srvcli' in 'src/cpp_srvcli'
[0.417s] INFO:colcon.colcon_core.package_selection:Skipping not selected package 'turtlesim' in 'src/ros_tutorials/turtlesim'
[0.417s] INFO:colcon.colcon_core.package_selection:Skipping not selected package 'tutorials_interfaces' in 'src/tutorials_interfaces'
[0.418s] Level 1:colcon.colcon_core.package_discovery:discover_packages(prefix_path) check parameters
[0.418s] Level 1:colcon.colcon_core.package_discovery:discover_packages(prefix_path) discover
[0.421s] DEBUG:colcon.colcon_installed_package_information.package_discovery:Found 270 installed packages in /opt/ros/humble
[0.424s] Level 1:colcon.colcon_core.package_discovery:discover_packages(prefix_path) using defaults
[0.487s] Level 5:colcon.colcon_core.verb:set package 'cpp_pubsub' build argument 'cmake_args' from command line to 'None'
[0.487s] Level 5:colcon.colcon_core.verb:set package 'cpp_pubsub' build argument 'cmake_target' from command line to 'None'
[0.487s] Level 5:colcon.colcon_core.verb:set package 'cpp_pubsub' build argument 'cmake_target_skip_unavailable' from command line to 'False'
[0.487s] Level 5:colcon.colcon_core.verb:set package 'cpp_pubsub' build argument 'cmake_clean_cache' from command line to 'False'
[0.487s] Level 5:colcon.colcon_core.verb:set package 'cpp_pubsub' build argument 'cmake_clean_first' from command line to 'False'
[0.487s] Level 5:colcon.colcon_core.verb:set package 'cpp_pubsub' build argument 'cmake_force_configure' from command line to 'False'
[0.487s] Level 5:colcon.colcon_core.verb:set package 'cpp_pubsub' build argument 'ament_cmake_args' from command line to 'None'
[0.487s] Level 5:colcon.colcon_core.verb:set package 'cpp_pubsub' build argument 'catkin_cmake_args' from command line to 'None'
[0.487s] Level 5:colcon.colcon_core.verb:set package 'cpp_pubsub' build argument 'catkin_skip_building_tests' from command line to 'False'
[0.487s] DEBUG:colcon.colcon_core.verb:Building package 'cpp_pubsub' with the following arguments: {'ament_cmake_args': None, 'build_base': '/home/stinky/Documents/ros2_ws/build/cpp_pubsub', 'catkin_cmake_args': None, 'catkin_skip_building_tests': False, 'cmake_args': None, 'cmake_clean_cache': False, 'cmake_clean_first': False, 'cmake_force_configure': False, 'cmake_target': None, 'cmake_target_skip_unavailable': False, 'install_base': '/home/stinky/Documents/ros2_ws/install/cpp_pubsub', 'merge_install': False, 'path': '/home/stinky/Documents/ros2_ws/src/cpp_pubsub', 'symlink_install': False, 'test_result_base': None}
[0.488s] INFO:colcon.colcon_core.executor:Executing jobs using 'parallel' executor
[0.491s] DEBUG:colcon.colcon_parallel_executor.executor.parallel:run_until_complete
[0.492s] INFO:colcon.colcon_ros.task.ament_cmake.build:Building ROS package in '/home/stinky/Documents/ros2_ws/src/cpp_pubsub' with build type 'ament_cmake'
[0.492s] INFO:colcon.colcon_cmake.task.cmake.build:Building CMake package in '/home/stinky/Documents/ros2_ws/src/cpp_pubsub'
[0.497s] INFO:colcon.colcon_core.plugin_system:Skipping extension 'colcon_core.shell.bat': Not used on non-Windows systems
[0.497s] INFO:colcon.colcon_core.shell:Skip shell extension 'powershell' for command environment: Not usable outside of PowerShell
[0.497s] DEBUG:colcon.colcon_core.shell:Skip shell extension 'dsv' for command environment
[0.514s] DEBUG:colcon.colcon_core.event_handler.log_command:Invoking command in '/home/stinky/Documents/ros2_ws/build/cpp_pubsub': AMENT_PREFIX_PATH=/home/stinky/Documents/ros2_ws/install/tutorials_interfaces:${AMENT_PREFIX_PATH} CMAKE_PREFIX_PATH=/home/stinky/Documents/ros2_ws/install/tutorials_interfaces:/opt/ros/humble LD_LIBRARY_PATH=/home/stinky/Documents/ros2_ws/install/tutorials_interfaces/lib:${LD_LIBRARY_PATH} PYTHONPATH=/home/stinky/Documents/ros2_ws/install/tutorials_interfaces/local/lib/python3.10/dist-packages:${PYTHONPATH} /usr/bin/cmake --build /home/stinky/Documents/ros2_ws/build/cpp_pubsub -- -j8 -l8
[1.939s] DEBUG:colcon.colcon_core.event_handler.log_command:Invoked command in '/home/stinky/Documents/ros2_ws/build/cpp_pubsub' returned '2': AMENT_PREFIX_PATH=/home/stinky/Documents/ros2_ws/install/tutorials_interfaces:${AMENT_PREFIX_PATH} CMAKE_PREFIX_PATH=/home/stinky/Documents/ros2_ws/install/tutorials_interfaces:/opt/ros/humble LD_LIBRARY_PATH=/home/stinky/Documents/ros2_ws/install/tutorials_interfaces/lib:${LD_LIBRARY_PATH} PYTHONPATH=/home/stinky/Documents/ros2_ws/install/tutorials_interfaces/local/lib/python3.10/dist-packages:${PYTHONPATH} /usr/bin/cmake --build /home/stinky/Documents/ros2_ws/build/cpp_pubsub -- -j8 -l8
[1.973s] Level 1:colcon.colcon_core.environment:create_environment_scripts_only(cpp_pubsub)
[1.979s] Level 1:colcon.colcon_core.environment:checking '/home/stinky/Documents/ros2_ws/install/cpp_pubsub' for CMake module files
[1.980s] Level 1:colcon.colcon_core.environment:checking '/home/stinky/Documents/ros2_ws/install/cpp_pubsub' for CMake config files
[1.980s] Level 1:colcon.colcon_core.shell:create_environment_hook('cpp_pubsub', 'cmake_prefix_path')
[1.983s] INFO:colcon.colcon_core.shell:Creating environment hook '/home/stinky/Documents/ros2_ws/install/cpp_pubsub/share/cpp_pubsub/hook/cmake_prefix_path.ps1'
[1.984s] INFO:colcon.colcon_core.shell:Creating environment descriptor '/home/stinky/Documents/ros2_ws/install/cpp_pubsub/share/cpp_pubsub/hook/cmake_prefix_path.dsv'
[1.984s] INFO:colcon.colcon_core.shell:Creating environment hook '/home/stinky/Documents/ros2_ws/install/cpp_pubsub/share/cpp_pubsub/hook/cmake_prefix_path.sh'
[1.985s] Level 1:colcon.colcon_core.environment:checking '/home/stinky/Documents/ros2_ws/install/cpp_pubsub/lib'
[1.986s] Level 1:colcon.colcon_core.environment:checking '/home/stinky/Documents/ros2_ws/install/cpp_pubsub/bin'
[1.986s] Level 1:colcon.colcon_core.environment:checking '/home/stinky/Documents/ros2_ws/install/cpp_pubsub/lib/pkgconfig/cpp_pubsub.pc'
[1.986s] Level 1:colcon.colcon_core.environment:checking '/home/stinky/Documents/ros2_ws/install/cpp_pubsub/lib/python3.10/site-packages'
[1.986s] Level 1:colcon.colcon_core.environment:checking '/home/stinky/Documents/ros2_ws/install/cpp_pubsub/bin'
[1.988s] INFO:colcon.colcon_core.shell:Creating package script '/home/stinky/Documents/ros2_ws/install/cpp_pubsub/share/cpp_pubsub/package.ps1'
[1.989s] INFO:colcon.colcon_core.shell:Creating package descriptor '/home/stinky/Documents/ros2_ws/install/cpp_pubsub/share/cpp_pubsub/package.dsv'
[1.990s] INFO:colcon.colcon_core.shell:Creating package script '/home/stinky/Documents/ros2_ws/install/cpp_pubsub/share/cpp_pubsub/package.sh'
[1.991s] INFO:colcon.colcon_core.shell:Creating package script '/home/stinky/Documents/ros2_ws/install/cpp_pubsub/share/cpp_pubsub/package.bash'
[1.991s] INFO:colcon.colcon_core.shell:Creating package script '/home/stinky/Documents/ros2_ws/install/cpp_pubsub/share/cpp_pubsub/package.zsh'
[1.992s] Level 1:colcon.colcon_core.environment:create_file_with_runtime_dependencies(/home/stinky/Documents/ros2_ws/install/cpp_pubsub/share/colcon-core/packages/cpp_pubsub)
[2.003s] DEBUG:colcon.colcon_parallel_executor.executor.parallel:closing loop
[2.003s] DEBUG:colcon.colcon_parallel_executor.executor.parallel:loop closed
[2.003s] DEBUG:colcon.colcon_parallel_executor.executor.parallel:run_until_complete finished with '2'
[2.003s] DEBUG:colcon.colcon_core.event_reactor:joining thread
[2.012s] INFO:colcon.colcon_core.plugin_system:Skipping extension 'colcon_notification.desktop_notification.terminal_notifier': Not used on non-Darwin systems
[2.012s] INFO:colcon.colcon_core.plugin_system:Skipping extension 'colcon_notification.desktop_notification.win32': Not used on non-Windows systems
[2.012s] INFO:colcon.colcon_notification.desktop_notification:Sending desktop notification using 'notify2'
[2.028s] DEBUG:colcon.colcon_core.event_reactor:joined thread
[2.031s] INFO:colcon.colcon_core.shell:Creating prefix script '/home/stinky/Documents/ros2_ws/install/local_setup.ps1'
[2.034s] INFO:colcon.colcon_core.shell:Creating prefix util module '/home/stinky/Documents/ros2_ws/install/_local_setup_util_ps1.py'
[2.037s] INFO:colcon.colcon_core.shell:Creating prefix chain script '/home/stinky/Documents/ros2_ws/install/setup.ps1'
[2.040s] INFO:colcon.colcon_core.shell:Creating prefix script '/home/stinky/Documents/ros2_ws/install/local_setup.sh'
[2.041s] INFO:colcon.colcon_core.shell:Creating prefix util module '/home/stinky/Documents/ros2_ws/install/_local_setup_util_sh.py'
[2.042s] INFO:colcon.colcon_core.shell:Creating prefix chain script '/home/stinky/Documents/ros2_ws/install/setup.sh'
[2.044s] INFO:colcon.colcon_core.shell:Creating prefix script '/home/stinky/Documents/ros2_ws/install/local_setup.bash'
[2.044s] INFO:colcon.colcon_core.shell:Creating prefix chain script '/home/stinky/Documents/ros2_ws/install/setup.bash'
[2.046s] INFO:colcon.colcon_core.shell:Creating prefix script '/home/stinky/Documents/ros2_ws/install/local_setup.zsh'
[2.046s] INFO:colcon.colcon_core.shell:Creating prefix chain script '/home/stinky/Documents/ros2_ws/install/setup.zsh'
