[0.056s] Invoking command in '/home/stinky/Documents/ros2_ws/build/turtlesim': CMAKE_PREFIX_PATH=${CMAKE_PREFIX_PATH}:/opt/ros/humble /usr/bin/cmake --build /home/stinky/Documents/ros2_ws/build/turtlesim -- -j8 -l8
[0.185s] [  1%] Built target turtlesim__cpp
[0.205s] [ 11%] Built target turtlesim__rosidl_generator_c
[0.274s] [ 11%] Built target ament_cmake_python_copy_turtlesim
[0.337s] [ 21%] Built target turtlesim__rosidl_typesupport_fastrtps_cpp
[0.337s] [ 31%] Built target turtlesim__rosidl_typesupport_c
[0.339s] [ 41%] Built target turtlesim__rosidl_typesupport_introspection_cpp
[0.340s] [ 51%] Built target turtlesim__rosidl_typesupport_fastrtps_c
[0.357s] [ 61%] Built target turtlesim__rosidl_typesupport_cpp
[0.371s] [ 71%] Built target turtlesim__rosidl_typesupport_introspection_c
[0.523s] [ 71%] Built target turtlesim
[0.546s] [ 77%] Built target turtlesim_node
[0.577s] [ 79%] Built target draw_square
[0.584s] [ 81%] Built target mimic
[0.585s] [ 83%] Built target turtle_teleop_key
[0.613s] [ 84%] Built target turtlesim__py
[0.671s] [ 93%] Built target turtlesim__rosidl_generator_py
[0.741s] [ 95%] Built target turtlesim__rosidl_typesupport_fastrtps_c__pyext
[0.787s] [ 97%] Built target turtlesim__rosidl_typesupport_introspection_c__pyext
[0.807s] [100%] Built target turtlesim__rosidl_typesupport_c__pyext
[1.168s] running egg_info
[1.169s] writing turtlesim.egg-info/PKG-INFO
[1.170s] writing dependency_links to turtlesim.egg-info/dependency_links.txt
[1.171s] writing top-level names to turtlesim.egg-info/top_level.txt
[1.179s] reading manifest file 'turtlesim.egg-info/SOURCES.txt'
[1.183s] writing manifest file 'turtlesim.egg-info/SOURCES.txt'
[1.260s] [100%] Built target ament_cmake_python_build_turtlesim_egg
[1.304s] Invoked command in '/home/stinky/Documents/ros2_ws/build/turtlesim' returned '0': CMAKE_PREFIX_PATH=${CMAKE_PREFIX_PATH}:/opt/ros/humble /usr/bin/cmake --build /home/stinky/Documents/ros2_ws/build/turtlesim -- -j8 -l8
[2.042s] Invoking command in '/home/stinky/Documents/ros2_ws/build/turtlesim': CMAKE_PREFIX_PATH=${CMAKE_PREFIX_PATH}:/opt/ros/humble /usr/bin/cmake --install /home/stinky/Documents/ros2_ws/build/turtlesim
[2.068s] -- Install configuration: ""
[2.068s] -- Up-to-date: /home/stinky/Documents/ros2_ws/install/turtlesim/share/ament_index/resource_index/rosidl_interfaces/turtlesim
[2.068s] -- Up-to-date: /home/stinky/Documents/ros2_ws/install/turtlesim/include/turtlesim/turtlesim
[2.068s] -- Up-to-date: /home/stinky/Documents/ros2_ws/install/turtlesim/include/turtlesim/turtlesim/srv
[2.068s] -- Up-to-date: /home/stinky/Documents/ros2_ws/install/turtlesim/include/turtlesim/turtlesim/srv/detail
[2.069s] -- Up-to-date: /home/stinky/Documents/ros2_ws/install/turtlesim/include/turtlesim/turtlesim/srv/detail/teleport_absolute__type_support.h
[2.069s] -- Up-to-date: /home/stinky/Documents/ros2_ws/install/turtlesim/include/turtlesim/turtlesim/srv/detail/spawn__type_support.h
[2.069s] -- Up-to-date: /home/stinky/Documents/ros2_ws/install/turtlesim/include/turtlesim/turtlesim/srv/detail/spawn__functions.h
[2.069s] -- Up-to-date: /home/stinky/Documents/ros2_ws/install/turtlesim/include/turtlesim/turtlesim/srv/detail/spawn__struct.h
[2.069s] -- Up-to-date: /home/stinky/Documents/ros2_ws/install/turtlesim/include/turtlesim/turtlesim/srv/detail/kill__functions.c
[2.069s] -- Up-to-date: /home/stinky/Documents/ros2_ws/install/turtlesim/include/turtlesim/turtlesim/srv/detail/set_pen__functions.h
[2.070s] -- Up-to-date: /home/stinky/Documents/ros2_ws/install/turtlesim/include/turtlesim/turtlesim/srv/detail/spawn__functions.c
[2.070s] -- Up-to-date: /home/stinky/Documents/ros2_ws/install/turtlesim/include/turtlesim/turtlesim/srv/detail/kill__struct.h
[2.070s] -- Up-to-date: /home/stinky/Documents/ros2_ws/install/turtlesim/include/turtlesim/turtlesim/srv/detail/teleport_relative__type_support.h
[2.070s] -- Up-to-date: /home/stinky/Documents/ros2_ws/install/turtlesim/include/turtlesim/turtlesim/srv/detail/teleport_relative__struct.h
[2.070s] -- Up-to-date: /home/stinky/Documents/ros2_ws/install/turtlesim/include/turtlesim/turtlesim/srv/detail/teleport_absolute__functions.h
[2.070s] -- Up-to-date: /home/stinky/Documents/ros2_ws/install/turtlesim/include/turtlesim/turtlesim/srv/detail/teleport_relative__functions.h
[2.071s] -- Up-to-date: /home/stinky/Documents/ros2_ws/install/turtlesim/include/turtlesim/turtlesim/srv/detail/teleport_relative__functions.c
[2.071s] -- Up-to-date: /home/stinky/Documents/ros2_ws/install/turtlesim/include/turtlesim/turtlesim/srv/detail/set_pen__functions.c
[2.071s] -- Up-to-date: /home/stinky/Documents/ros2_ws/install/turtlesim/include/turtlesim/turtlesim/srv/detail/teleport_absolute__functions.c
[2.071s] -- Up-to-date: /home/stinky/Documents/ros2_ws/install/turtlesim/include/turtlesim/turtlesim/srv/detail/set_pen__struct.h
[2.071s] -- Up-to-date: /home/stinky/Documents/ros2_ws/install/turtlesim/include/turtlesim/turtlesim/srv/detail/teleport_absolute__struct.h
[2.071s] -- Up-to-date: /home/stinky/Documents/ros2_ws/install/turtlesim/include/turtlesim/turtlesim/srv/detail/kill__type_support.h
[2.072s] -- Up-to-date: /home/stinky/Documents/ros2_ws/install/turtlesim/include/turtlesim/turtlesim/srv/detail/set_pen__type_support.h
[2.072s] -- Up-to-date: /home/stinky/Documents/ros2_ws/install/turtlesim/include/turtlesim/turtlesim/srv/detail/kill__functions.h
[2.072s] -- Up-to-date: /home/stinky/Documents/ros2_ws/install/turtlesim/include/turtlesim/turtlesim/srv/set_pen.h
[2.072s] -- Up-to-date: /home/stinky/Documents/ros2_ws/install/turtlesim/include/turtlesim/turtlesim/srv/teleport_relative.h
[2.072s] -- Up-to-date: /home/stinky/Documents/ros2_ws/install/turtlesim/include/turtlesim/turtlesim/srv/kill.h
[2.073s] -- Up-to-date: /home/stinky/Documents/ros2_ws/install/turtlesim/include/turtlesim/turtlesim/srv/teleport_absolute.h
[2.073s] -- Up-to-date: /home/stinky/Documents/ros2_ws/install/turtlesim/include/turtlesim/turtlesim/srv/spawn.h
[2.073s] -- Up-to-date: /home/stinky/Documents/ros2_ws/install/turtlesim/include/turtlesim/turtlesim/msg
[2.073s] -- Up-to-date: /home/stinky/Documents/ros2_ws/install/turtlesim/include/turtlesim/turtlesim/msg/detail
[2.073s] -- Up-to-date: /home/stinky/Documents/ros2_ws/install/turtlesim/include/turtlesim/turtlesim/msg/detail/pose__struct.h
[2.073s] -- Up-to-date: /home/stinky/Documents/ros2_ws/install/turtlesim/include/turtlesim/turtlesim/msg/detail/color__struct.h
[2.074s] -- Up-to-date: /home/stinky/Documents/ros2_ws/install/turtlesim/include/turtlesim/turtlesim/msg/detail/color__functions.h
[2.074s] -- Up-to-date: /home/stinky/Documents/ros2_ws/install/turtlesim/include/turtlesim/turtlesim/msg/detail/pose__functions.c
[2.074s] -- Up-to-date: /home/stinky/Documents/ros2_ws/install/turtlesim/include/turtlesim/turtlesim/msg/detail/color__type_support.h
[2.074s] -- Up-to-date: /home/stinky/Documents/ros2_ws/install/turtlesim/include/turtlesim/turtlesim/msg/detail/pose__type_support.h
[2.074s] -- Up-to-date: /home/stinky/Documents/ros2_ws/install/turtlesim/include/turtlesim/turtlesim/msg/detail/color__functions.c
[2.074s] -- Up-to-date: /home/stinky/Documents/ros2_ws/install/turtlesim/include/turtlesim/turtlesim/msg/detail/pose__functions.h
[2.075s] -- Up-to-date: /home/stinky/Documents/ros2_ws/install/turtlesim/include/turtlesim/turtlesim/msg/pose.h
[2.075s] -- Up-to-date: /home/stinky/Documents/ros2_ws/install/turtlesim/include/turtlesim/turtlesim/msg/color.h
[2.076s] -- Up-to-date: /home/stinky/Documents/ros2_ws/install/turtlesim/include/turtlesim/turtlesim/msg/rosidl_generator_c__visibility_control.h
[2.076s] -- Up-to-date: /home/stinky/Documents/ros2_ws/install/turtlesim/include/turtlesim/turtlesim/action
[2.076s] -- Up-to-date: /home/stinky/Documents/ros2_ws/install/turtlesim/include/turtlesim/turtlesim/action/detail
[2.076s] -- Up-to-date: /home/stinky/Documents/ros2_ws/install/turtlesim/include/turtlesim/turtlesim/action/detail/rotate_absolute__type_support.h
[2.076s] -- Up-to-date: /home/stinky/Documents/ros2_ws/install/turtlesim/include/turtlesim/turtlesim/action/detail/rotate_absolute__struct.h
[2.076s] -- Up-to-date: /home/stinky/Documents/ros2_ws/install/turtlesim/include/turtlesim/turtlesim/action/detail/rotate_absolute__functions.c
[2.077s] -- Up-to-date: /home/stinky/Documents/ros2_ws/install/turtlesim/include/turtlesim/turtlesim/action/detail/rotate_absolute__functions.h
[2.077s] -- Up-to-date: /home/stinky/Documents/ros2_ws/install/turtlesim/include/turtlesim/turtlesim/action/rotate_absolute.h
[2.077s] -- Up-to-date: /home/stinky/Documents/ros2_ws/install/turtlesim/share/turtlesim/environment/library_path.sh
[2.077s] -- Up-to-date: /home/stinky/Documents/ros2_ws/install/turtlesim/share/turtlesim/environment/library_path.dsv
[2.096s] -- Up-to-date: /home/stinky/Documents/ros2_ws/install/turtlesim/lib/libturtlesim__rosidl_generator_c.so
[2.097s] -- Up-to-date: /home/stinky/Documents/ros2_ws/install/turtlesim/include/turtlesim/turtlesim
[2.097s] -- Up-to-date: /home/stinky/Documents/ros2_ws/install/turtlesim/include/turtlesim/turtlesim/srv
[2.098s] -- Up-to-date: /home/stinky/Documents/ros2_ws/install/turtlesim/include/turtlesim/turtlesim/srv/detail
[2.098s] -- Up-to-date: /home/stinky/Documents/ros2_ws/install/turtlesim/include/turtlesim/turtlesim/srv/detail/teleport_relative__rosidl_typesupport_fastrtps_c.h
[2.098s] -- Up-to-date: /home/stinky/Documents/ros2_ws/install/turtlesim/include/turtlesim/turtlesim/srv/detail/kill__rosidl_typesupport_fastrtps_c.h
[2.099s] -- Up-to-date: /home/stinky/Documents/ros2_ws/install/turtlesim/include/turtlesim/turtlesim/srv/detail/set_pen__rosidl_typesupport_fastrtps_c.h
[2.099s] -- Up-to-date: /home/stinky/Documents/ros2_ws/install/turtlesim/include/turtlesim/turtlesim/srv/detail/spawn__rosidl_typesupport_fastrtps_c.h
[2.099s] -- Up-to-date: /home/stinky/Documents/ros2_ws/install/turtlesim/include/turtlesim/turtlesim/srv/detail/teleport_absolute__rosidl_typesupport_fastrtps_c.h
[2.099s] -- Up-to-date: /home/stinky/Documents/ros2_ws/install/turtlesim/include/turtlesim/turtlesim/msg
[2.100s] -- Up-to-date: /home/stinky/Documents/ros2_ws/install/turtlesim/include/turtlesim/turtlesim/msg/detail
[2.100s] -- Up-to-date: /home/stinky/Documents/ros2_ws/install/turtlesim/include/turtlesim/turtlesim/msg/detail/color__rosidl_typesupport_fastrtps_c.h
[2.100s] -- Up-to-date: /home/stinky/Documents/ros2_ws/install/turtlesim/include/turtlesim/turtlesim/msg/detail/pose__rosidl_typesupport_fastrtps_c.h
[2.100s] -- Up-to-date: /home/stinky/Documents/ros2_ws/install/turtlesim/include/turtlesim/turtlesim/msg/rosidl_typesupport_fastrtps_c__visibility_control.h
[2.101s] -- Up-to-date: /home/stinky/Documents/ros2_ws/install/turtlesim/include/turtlesim/turtlesim/action
[2.101s] -- Up-to-date: /home/stinky/Documents/ros2_ws/install/turtlesim/include/turtlesim/turtlesim/action/detail
[2.102s] -- Up-to-date: /home/stinky/Documents/ros2_ws/install/turtlesim/include/turtlesim/turtlesim/action/detail/rotate_absolute__rosidl_typesupport_fastrtps_c.h
[2.107s] -- Up-to-date: /home/stinky/Documents/ros2_ws/install/turtlesim/lib/libturtlesim__rosidl_typesupport_fastrtps_c.so
[2.117s] -- Up-to-date: /home/stinky/Documents/ros2_ws/install/turtlesim/include/turtlesim/turtlesim
[2.118s] -- Up-to-date: /home/stinky/Documents/ros2_ws/install/turtlesim/include/turtlesim/turtlesim/srv
[2.118s] -- Up-to-date: /home/stinky/Documents/ros2_ws/install/turtlesim/include/turtlesim/turtlesim/srv/detail
[2.118s] -- Up-to-date: /home/stinky/Documents/ros2_ws/install/turtlesim/include/turtlesim/turtlesim/srv/detail/spawn__builder.hpp
[2.118s] -- Up-to-date: /home/stinky/Documents/ros2_ws/install/turtlesim/include/turtlesim/turtlesim/srv/detail/teleport_absolute__traits.hpp
[2.118s] -- Up-to-date: /home/stinky/Documents/ros2_ws/install/turtlesim/include/turtlesim/turtlesim/srv/detail/teleport_absolute__struct.hpp
[2.119s] -- Up-to-date: /home/stinky/Documents/ros2_ws/install/turtlesim/include/turtlesim/turtlesim/srv/detail/set_pen__builder.hpp
[2.119s] -- Up-to-date: /home/stinky/Documents/ros2_ws/install/turtlesim/include/turtlesim/turtlesim/srv/detail/kill__traits.hpp
[2.119s] -- Up-to-date: /home/stinky/Documents/ros2_ws/install/turtlesim/include/turtlesim/turtlesim/srv/detail/kill__builder.hpp
[2.119s] -- Up-to-date: /home/stinky/Documents/ros2_ws/install/turtlesim/include/turtlesim/turtlesim/srv/detail/teleport_relative__traits.hpp
[2.119s] -- Up-to-date: /home/stinky/Documents/ros2_ws/install/turtlesim/include/turtlesim/turtlesim/srv/detail/set_pen__traits.hpp
[2.120s] -- Up-to-date: /home/stinky/Documents/ros2_ws/install/turtlesim/include/turtlesim/turtlesim/srv/detail/kill__struct.hpp
[2.120s] -- Up-to-date: /home/stinky/Documents/ros2_ws/install/turtlesim/include/turtlesim/turtlesim/srv/detail/set_pen__struct.hpp
[2.120s] -- Up-to-date: /home/stinky/Documents/ros2_ws/install/turtlesim/include/turtlesim/turtlesim/srv/detail/teleport_relative__builder.hpp
[2.120s] -- Up-to-date: /home/stinky/Documents/ros2_ws/install/turtlesim/include/turtlesim/turtlesim/srv/detail/spawn__struct.hpp
[2.120s] -- Up-to-date: /home/stinky/Documents/ros2_ws/install/turtlesim/include/turtlesim/turtlesim/srv/detail/teleport_absolute__builder.hpp
[2.120s] -- Up-to-date: /home/stinky/Documents/ros2_ws/install/turtlesim/include/turtlesim/turtlesim/srv/detail/spawn__traits.hpp
[2.120s] -- Up-to-date: /home/stinky/Documents/ros2_ws/install/turtlesim/include/turtlesim/turtlesim/srv/detail/teleport_relative__struct.hpp
[2.121s] -- Up-to-date: /home/stinky/Documents/ros2_ws/install/turtlesim/include/turtlesim/turtlesim/srv/teleport_relative.hpp
[2.121s] -- Up-to-date: /home/stinky/Documents/ros2_ws/install/turtlesim/include/turtlesim/turtlesim/srv/kill.hpp
[2.121s] -- Up-to-date: /home/stinky/Documents/ros2_ws/install/turtlesim/include/turtlesim/turtlesim/srv/teleport_absolute.hpp
[2.121s] -- Up-to-date: /home/stinky/Documents/ros2_ws/install/turtlesim/include/turtlesim/turtlesim/srv/set_pen.hpp
[2.121s] -- Up-to-date: /home/stinky/Documents/ros2_ws/install/turtlesim/include/turtlesim/turtlesim/srv/spawn.hpp
[2.121s] -- Up-to-date: /home/stinky/Documents/ros2_ws/install/turtlesim/include/turtlesim/turtlesim/msg
[2.122s] -- Up-to-date: /home/stinky/Documents/ros2_ws/install/turtlesim/include/turtlesim/turtlesim/msg/detail
[2.122s] -- Up-to-date: /home/stinky/Documents/ros2_ws/install/turtlesim/include/turtlesim/turtlesim/msg/detail/pose__struct.hpp
[2.122s] -- Up-to-date: /home/stinky/Documents/ros2_ws/install/turtlesim/include/turtlesim/turtlesim/msg/detail/pose__traits.hpp
[2.122s] -- Up-to-date: /home/stinky/Documents/ros2_ws/install/turtlesim/include/turtlesim/turtlesim/msg/detail/color__struct.hpp
[2.122s] -- Up-to-date: /home/stinky/Documents/ros2_ws/install/turtlesim/include/turtlesim/turtlesim/msg/detail/color__builder.hpp
[2.122s] -- Up-to-date: /home/stinky/Documents/ros2_ws/install/turtlesim/include/turtlesim/turtlesim/msg/detail/pose__builder.hpp
[2.123s] -- Up-to-date: /home/stinky/Documents/ros2_ws/install/turtlesim/include/turtlesim/turtlesim/msg/detail/color__traits.hpp
[2.123s] -- Up-to-date: /home/stinky/Documents/ros2_ws/install/turtlesim/include/turtlesim/turtlesim/msg/color.hpp
[2.123s] -- Up-to-date: /home/stinky/Documents/ros2_ws/install/turtlesim/include/turtlesim/turtlesim/msg/pose.hpp
[2.123s] -- Up-to-date: /home/stinky/Documents/ros2_ws/install/turtlesim/include/turtlesim/turtlesim/action
[2.123s] -- Up-to-date: /home/stinky/Documents/ros2_ws/install/turtlesim/include/turtlesim/turtlesim/action/detail
[2.123s] -- Up-to-date: /home/stinky/Documents/ros2_ws/install/turtlesim/include/turtlesim/turtlesim/action/detail/rotate_absolute__builder.hpp
[2.124s] -- Up-to-date: /home/stinky/Documents/ros2_ws/install/turtlesim/include/turtlesim/turtlesim/action/detail/rotate_absolute__struct.hpp
[2.124s] -- Up-to-date: /home/stinky/Documents/ros2_ws/install/turtlesim/include/turtlesim/turtlesim/action/detail/rotate_absolute__traits.hpp
[2.124s] -- Up-to-date: /home/stinky/Documents/ros2_ws/install/turtlesim/include/turtlesim/turtlesim/action/rotate_absolute.hpp
[2.124s] -- Up-to-date: /home/stinky/Documents/ros2_ws/install/turtlesim/include/turtlesim/turtlesim
[2.124s] -- Up-to-date: /home/stinky/Documents/ros2_ws/install/turtlesim/include/turtlesim/turtlesim/srv
[2.124s] -- Up-to-date: /home/stinky/Documents/ros2_ws/install/turtlesim/include/turtlesim/turtlesim/srv/detail
[2.124s] -- Up-to-date: /home/stinky/Documents/ros2_ws/install/turtlesim/include/turtlesim/turtlesim/srv/detail/kill__rosidl_typesupport_fastrtps_cpp.hpp
[2.125s] -- Up-to-date: /home/stinky/Documents/ros2_ws/install/turtlesim/include/turtlesim/turtlesim/srv/detail/teleport_absolute__rosidl_typesupport_fastrtps_cpp.hpp
[2.125s] -- Up-to-date: /home/stinky/Documents/ros2_ws/install/turtlesim/include/turtlesim/turtlesim/srv/detail/dds_fastrtps
[2.125s] -- Up-to-date: /home/stinky/Documents/ros2_ws/install/turtlesim/include/turtlesim/turtlesim/srv/detail/set_pen__rosidl_typesupport_fastrtps_cpp.hpp
[2.125s] -- Up-to-date: /home/stinky/Documents/ros2_ws/install/turtlesim/include/turtlesim/turtlesim/srv/detail/teleport_relative__rosidl_typesupport_fastrtps_cpp.hpp
[2.125s] -- Up-to-date: /home/stinky/Documents/ros2_ws/install/turtlesim/include/turtlesim/turtlesim/srv/detail/spawn__rosidl_typesupport_fastrtps_cpp.hpp
[2.125s] -- Up-to-date: /home/stinky/Documents/ros2_ws/install/turtlesim/include/turtlesim/turtlesim/msg
[2.126s] -- Up-to-date: /home/stinky/Documents/ros2_ws/install/turtlesim/include/turtlesim/turtlesim/msg/detail
[2.126s] -- Up-to-date: /home/stinky/Documents/ros2_ws/install/turtlesim/include/turtlesim/turtlesim/msg/detail/dds_fastrtps
[2.126s] -- Up-to-date: /home/stinky/Documents/ros2_ws/install/turtlesim/include/turtlesim/turtlesim/msg/detail/pose__rosidl_typesupport_fastrtps_cpp.hpp
[2.126s] -- Up-to-date: /home/stinky/Documents/ros2_ws/install/turtlesim/include/turtlesim/turtlesim/msg/detail/color__rosidl_typesupport_fastrtps_cpp.hpp
[2.126s] -- Up-to-date: /home/stinky/Documents/ros2_ws/install/turtlesim/include/turtlesim/turtlesim/msg/rosidl_typesupport_fastrtps_cpp__visibility_control.h
[2.126s] -- Up-to-date: /home/stinky/Documents/ros2_ws/install/turtlesim/include/turtlesim/turtlesim/action
[2.127s] -- Up-to-date: /home/stinky/Documents/ros2_ws/install/turtlesim/include/turtlesim/turtlesim/action/detail
[2.127s] -- Up-to-date: /home/stinky/Documents/ros2_ws/install/turtlesim/include/turtlesim/turtlesim/action/detail/dds_fastrtps
[2.127s] -- Up-to-date: /home/stinky/Documents/ros2_ws/install/turtlesim/include/turtlesim/turtlesim/action/detail/rotate_absolute__rosidl_typesupport_fastrtps_cpp.hpp
[2.127s] -- Up-to-date: /home/stinky/Documents/ros2_ws/install/turtlesim/lib/libturtlesim__rosidl_typesupport_fastrtps_cpp.so
[2.127s] -- Up-to-date: /home/stinky/Documents/ros2_ws/install/turtlesim/include/turtlesim/turtlesim
[2.128s] -- Up-to-date: /home/stinky/Documents/ros2_ws/install/turtlesim/include/turtlesim/turtlesim/srv
[2.128s] -- Up-to-date: /home/stinky/Documents/ros2_ws/install/turtlesim/include/turtlesim/turtlesim/srv/detail
[2.128s] -- Up-to-date: /home/stinky/Documents/ros2_ws/install/turtlesim/include/turtlesim/turtlesim/srv/detail/spawn__rosidl_typesupport_introspection_c.h
[2.128s] -- Up-to-date: /home/stinky/Documents/ros2_ws/install/turtlesim/include/turtlesim/turtlesim/srv/detail/kill__rosidl_typesupport_introspection_c.h
[2.128s] -- Up-to-date: /home/stinky/Documents/ros2_ws/install/turtlesim/include/turtlesim/turtlesim/srv/detail/set_pen__rosidl_typesupport_introspection_c.h
[2.128s] -- Up-to-date: /home/stinky/Documents/ros2_ws/install/turtlesim/include/turtlesim/turtlesim/srv/detail/teleport_absolute__rosidl_typesupport_introspection_c.h
[2.128s] -- Up-to-date: /home/stinky/Documents/ros2_ws/install/turtlesim/include/turtlesim/turtlesim/srv/detail/teleport_relative__rosidl_typesupport_introspection_c.h
[2.129s] -- Up-to-date: /home/stinky/Documents/ros2_ws/install/turtlesim/include/turtlesim/turtlesim/srv/detail/teleport_relative__type_support.c
[2.129s] -- Up-to-date: /home/stinky/Documents/ros2_ws/install/turtlesim/include/turtlesim/turtlesim/srv/detail/set_pen__type_support.c
[2.129s] -- Up-to-date: /home/stinky/Documents/ros2_ws/install/turtlesim/include/turtlesim/turtlesim/srv/detail/teleport_absolute__type_support.c
[2.129s] -- Up-to-date: /home/stinky/Documents/ros2_ws/install/turtlesim/include/turtlesim/turtlesim/srv/detail/spawn__type_support.c
[2.129s] -- Up-to-date: /home/stinky/Documents/ros2_ws/install/turtlesim/include/turtlesim/turtlesim/srv/detail/kill__type_support.c
[2.130s] -- Up-to-date: /home/stinky/Documents/ros2_ws/install/turtlesim/include/turtlesim/turtlesim/msg
[2.130s] -- Up-to-date: /home/stinky/Documents/ros2_ws/install/turtlesim/include/turtlesim/turtlesim/msg/detail
[2.130s] -- Up-to-date: /home/stinky/Documents/ros2_ws/install/turtlesim/include/turtlesim/turtlesim/msg/detail/color__rosidl_typesupport_introspection_c.h
[2.130s] -- Up-to-date: /home/stinky/Documents/ros2_ws/install/turtlesim/include/turtlesim/turtlesim/msg/detail/pose__rosidl_typesupport_introspection_c.h
[2.130s] -- Up-to-date: /home/stinky/Documents/ros2_ws/install/turtlesim/include/turtlesim/turtlesim/msg/detail/pose__type_support.c
[2.130s] -- Up-to-date: /home/stinky/Documents/ros2_ws/install/turtlesim/include/turtlesim/turtlesim/msg/detail/color__type_support.c
[2.131s] -- Up-to-date: /home/stinky/Documents/ros2_ws/install/turtlesim/include/turtlesim/turtlesim/msg/rosidl_typesupport_introspection_c__visibility_control.h
[2.131s] -- Up-to-date: /home/stinky/Documents/ros2_ws/install/turtlesim/include/turtlesim/turtlesim/action
[2.131s] -- Up-to-date: /home/stinky/Documents/ros2_ws/install/turtlesim/include/turtlesim/turtlesim/action/detail
[2.131s] -- Up-to-date: /home/stinky/Documents/ros2_ws/install/turtlesim/include/turtlesim/turtlesim/action/detail/rotate_absolute__type_support.c
[2.131s] -- Up-to-date: /home/stinky/Documents/ros2_ws/install/turtlesim/include/turtlesim/turtlesim/action/detail/rotate_absolute__rosidl_typesupport_introspection_c.h
[2.131s] -- Up-to-date: /home/stinky/Documents/ros2_ws/install/turtlesim/lib/libturtlesim__rosidl_typesupport_introspection_c.so
[2.132s] -- Up-to-date: /home/stinky/Documents/ros2_ws/install/turtlesim/lib/libturtlesim__rosidl_typesupport_c.so
[2.132s] -- Up-to-date: /home/stinky/Documents/ros2_ws/install/turtlesim/include/turtlesim/turtlesim
[2.132s] -- Up-to-date: /home/stinky/Documents/ros2_ws/install/turtlesim/include/turtlesim/turtlesim/srv
[2.132s] -- Up-to-date: /home/stinky/Documents/ros2_ws/install/turtlesim/include/turtlesim/turtlesim/srv/detail
[2.132s] -- Up-to-date: /home/stinky/Documents/ros2_ws/install/turtlesim/include/turtlesim/turtlesim/srv/detail/kill__rosidl_typesupport_introspection_cpp.hpp
[2.132s] -- Up-to-date: /home/stinky/Documents/ros2_ws/install/turtlesim/include/turtlesim/turtlesim/srv/detail/spawn__rosidl_typesupport_introspection_cpp.hpp
[2.133s] -- Up-to-date: /home/stinky/Documents/ros2_ws/install/turtlesim/include/turtlesim/turtlesim/srv/detail/teleport_relative__rosidl_typesupport_introspection_cpp.hpp
[2.133s] -- Up-to-date: /home/stinky/Documents/ros2_ws/install/turtlesim/include/turtlesim/turtlesim/srv/detail/spawn__type_support.cpp
[2.133s] -- Up-to-date: /home/stinky/Documents/ros2_ws/install/turtlesim/include/turtlesim/turtlesim/srv/detail/teleport_relative__type_support.cpp
[2.133s] -- Up-to-date: /home/stinky/Documents/ros2_ws/install/turtlesim/include/turtlesim/turtlesim/srv/detail/kill__type_support.cpp
[2.133s] -- Up-to-date: /home/stinky/Documents/ros2_ws/install/turtlesim/include/turtlesim/turtlesim/srv/detail/set_pen__type_support.cpp
[2.133s] -- Up-to-date: /home/stinky/Documents/ros2_ws/install/turtlesim/include/turtlesim/turtlesim/srv/detail/teleport_absolute__type_support.cpp
[2.134s] -- Up-to-date: /home/stinky/Documents/ros2_ws/install/turtlesim/include/turtlesim/turtlesim/srv/detail/set_pen__rosidl_typesupport_introspection_cpp.hpp
[2.134s] -- Up-to-date: /home/stinky/Documents/ros2_ws/install/turtlesim/include/turtlesim/turtlesim/srv/detail/teleport_absolute__rosidl_typesupport_introspection_cpp.hpp
[2.134s] -- Up-to-date: /home/stinky/Documents/ros2_ws/install/turtlesim/include/turtlesim/turtlesim/msg
[2.134s] -- Up-to-date: /home/stinky/Documents/ros2_ws/install/turtlesim/include/turtlesim/turtlesim/msg/detail
[2.134s] -- Up-to-date: /home/stinky/Documents/ros2_ws/install/turtlesim/include/turtlesim/turtlesim/msg/detail/color__rosidl_typesupport_introspection_cpp.hpp
[2.134s] -- Up-to-date: /home/stinky/Documents/ros2_ws/install/turtlesim/include/turtlesim/turtlesim/msg/detail/pose__type_support.cpp
[2.141s] -- Up-to-date: /home/stinky/Documents/ros2_ws/install/turtlesim/include/turtlesim/turtlesim/msg/detail/color__type_support.cpp
[2.141s] -- Up-to-date: /home/stinky/Documents/ros2_ws/install/turtlesim/include/turtlesim/turtlesim/msg/detail/pose__rosidl_typesupport_introspection_cpp.hpp
[2.141s] -- Up-to-date: /home/stinky/Documents/ros2_ws/install/turtlesim/include/turtlesim/turtlesim/action
[2.141s] -- Up-to-date: /home/stinky/Documents/ros2_ws/install/turtlesim/include/turtlesim/turtlesim/action/detail
[2.141s] -- Up-to-date: /home/stinky/Documents/ros2_ws/install/turtlesim/include/turtlesim/turtlesim/action/detail/rotate_absolute__type_support.cpp
[2.142s] -- Up-to-date: /home/stinky/Documents/ros2_ws/install/turtlesim/include/turtlesim/turtlesim/action/detail/rotate_absolute__rosidl_typesupport_introspection_cpp.hpp
[2.142s] -- Up-to-date: /home/stinky/Documents/ros2_ws/install/turtlesim/lib/libturtlesim__rosidl_typesupport_introspection_cpp.so
[2.142s] -- Up-to-date: /home/stinky/Documents/ros2_ws/install/turtlesim/lib/libturtlesim__rosidl_typesupport_cpp.so
[2.142s] -- Up-to-date: /home/stinky/Documents/ros2_ws/install/turtlesim/share/turtlesim/environment/pythonpath.sh
[2.142s] -- Up-to-date: /home/stinky/Documents/ros2_ws/install/turtlesim/share/turtlesim/environment/pythonpath.dsv
[2.142s] -- Up-to-date: /home/stinky/Documents/ros2_ws/install/turtlesim/local/lib/python3.10/dist-packages/turtlesim-1.4.2-py3.10.egg-info
[2.143s] -- Installing: /home/stinky/Documents/ros2_ws/install/turtlesim/local/lib/python3.10/dist-packages/turtlesim-1.4.2-py3.10.egg-info/dependency_links.txt
[2.143s] -- Installing: /home/stinky/Documents/ros2_ws/install/turtlesim/local/lib/python3.10/dist-packages/turtlesim-1.4.2-py3.10.egg-info/top_level.txt
[2.143s] -- Installing: /home/stinky/Documents/ros2_ws/install/turtlesim/local/lib/python3.10/dist-packages/turtlesim-1.4.2-py3.10.egg-info/PKG-INFO
[2.144s] -- Installing: /home/stinky/Documents/ros2_ws/install/turtlesim/local/lib/python3.10/dist-packages/turtlesim-1.4.2-py3.10.egg-info/SOURCES.txt
[2.144s] -- Up-to-date: /home/stinky/Documents/ros2_ws/install/turtlesim/local/lib/python3.10/dist-packages/turtlesim
[2.144s] -- Up-to-date: /home/stinky/Documents/ros2_ws/install/turtlesim/local/lib/python3.10/dist-packages/turtlesim/libturtlesim__rosidl_generator_py.so
[2.144s] -- Up-to-date: /home/stinky/Documents/ros2_ws/install/turtlesim/local/lib/python3.10/dist-packages/turtlesim/turtlesim_s__rosidl_typesupport_c.cpython-310-x86_64-linux-gnu.so
[2.144s] -- Up-to-date: /home/stinky/Documents/ros2_ws/install/turtlesim/local/lib/python3.10/dist-packages/turtlesim/srv
[2.145s] -- Up-to-date: /home/stinky/Documents/ros2_ws/install/turtlesim/local/lib/python3.10/dist-packages/turtlesim/srv/_teleport_absolute_s.c
[2.145s] -- Up-to-date: /home/stinky/Documents/ros2_ws/install/turtlesim/local/lib/python3.10/dist-packages/turtlesim/srv/_set_pen.py
[2.145s] -- Up-to-date: /home/stinky/Documents/ros2_ws/install/turtlesim/local/lib/python3.10/dist-packages/turtlesim/srv/_kill.py
[2.145s] -- Up-to-date: /home/stinky/Documents/ros2_ws/install/turtlesim/local/lib/python3.10/dist-packages/turtlesim/srv/_kill_s.c
[2.145s] -- Up-to-date: /home/stinky/Documents/ros2_ws/install/turtlesim/local/lib/python3.10/dist-packages/turtlesim/srv/_teleport_relative.py
[2.145s] -- Up-to-date: /home/stinky/Documents/ros2_ws/install/turtlesim/local/lib/python3.10/dist-packages/turtlesim/srv/_teleport_absolute.py
[2.145s] -- Up-to-date: /home/stinky/Documents/ros2_ws/install/turtlesim/local/lib/python3.10/dist-packages/turtlesim/srv/__init__.py
[2.146s] -- Up-to-date: /home/stinky/Documents/ros2_ws/install/turtlesim/local/lib/python3.10/dist-packages/turtlesim/srv/_spawn_s.c
[2.146s] -- Up-to-date: /home/stinky/Documents/ros2_ws/install/turtlesim/local/lib/python3.10/dist-packages/turtlesim/srv/_set_pen_s.c
[2.146s] -- Up-to-date: /home/stinky/Documents/ros2_ws/install/turtlesim/local/lib/python3.10/dist-packages/turtlesim/srv/_teleport_relative_s.c
[2.146s] -- Up-to-date: /home/stinky/Documents/ros2_ws/install/turtlesim/local/lib/python3.10/dist-packages/turtlesim/srv/_spawn.py
[2.146s] -- Up-to-date: /home/stinky/Documents/ros2_ws/install/turtlesim/local/lib/python3.10/dist-packages/turtlesim/_turtlesim_s.ep.rosidl_typesupport_introspection_c.c
[2.147s] -- Up-to-date: /home/stinky/Documents/ros2_ws/install/turtlesim/local/lib/python3.10/dist-packages/turtlesim/msg
[2.147s] -- Up-to-date: /home/stinky/Documents/ros2_ws/install/turtlesim/local/lib/python3.10/dist-packages/turtlesim/msg/_color.py
[2.147s] -- Up-to-date: /home/stinky/Documents/ros2_ws/install/turtlesim/local/lib/python3.10/dist-packages/turtlesim/msg/_pose_s.c
[2.147s] -- Up-to-date: /home/stinky/Documents/ros2_ws/install/turtlesim/local/lib/python3.10/dist-packages/turtlesim/msg/__init__.py
[2.147s] -- Up-to-date: /home/stinky/Documents/ros2_ws/install/turtlesim/local/lib/python3.10/dist-packages/turtlesim/msg/_color_s.c
[2.147s] -- Up-to-date: /home/stinky/Documents/ros2_ws/install/turtlesim/local/lib/python3.10/dist-packages/turtlesim/msg/_pose.py
[2.148s] -- Up-to-date: /home/stinky/Documents/ros2_ws/install/turtlesim/local/lib/python3.10/dist-packages/turtlesim/turtlesim_s__rosidl_typesupport_fastrtps_c.cpython-310-x86_64-linux-gnu.so
[2.148s] -- Up-to-date: /home/stinky/Documents/ros2_ws/install/turtlesim/local/lib/python3.10/dist-packages/turtlesim/_turtlesim_s.ep.rosidl_typesupport_fastrtps_c.c
[2.148s] -- Up-to-date: /home/stinky/Documents/ros2_ws/install/turtlesim/local/lib/python3.10/dist-packages/turtlesim/__init__.py
[2.148s] -- Up-to-date: /home/stinky/Documents/ros2_ws/install/turtlesim/local/lib/python3.10/dist-packages/turtlesim/_turtlesim_s.ep.rosidl_typesupport_c.c
[2.148s] -- Up-to-date: /home/stinky/Documents/ros2_ws/install/turtlesim/local/lib/python3.10/dist-packages/turtlesim/turtlesim_s__rosidl_typesupport_introspection_c.cpython-310-x86_64-linux-gnu.so
[2.148s] -- Up-to-date: /home/stinky/Documents/ros2_ws/install/turtlesim/local/lib/python3.10/dist-packages/turtlesim/action
[2.149s] -- Up-to-date: /home/stinky/Documents/ros2_ws/install/turtlesim/local/lib/python3.10/dist-packages/turtlesim/action/_rotate_absolute_s.c
[2.149s] -- Up-to-date: /home/stinky/Documents/ros2_ws/install/turtlesim/local/lib/python3.10/dist-packages/turtlesim/action/_rotate_absolute.py
[2.149s] -- Up-to-date: /home/stinky/Documents/ros2_ws/install/turtlesim/local/lib/python3.10/dist-packages/turtlesim/action/__init__.py
[2.203s] Listing '/home/stinky/Documents/ros2_ws/install/turtlesim/local/lib/python3.10/dist-packages/turtlesim'...
[2.203s] Listing '/home/stinky/Documents/ros2_ws/install/turtlesim/local/lib/python3.10/dist-packages/turtlesim/action'...
[2.204s] Listing '/home/stinky/Documents/ros2_ws/install/turtlesim/local/lib/python3.10/dist-packages/turtlesim/msg'...
[2.204s] Listing '/home/stinky/Documents/ros2_ws/install/turtlesim/local/lib/python3.10/dist-packages/turtlesim/srv'...
[2.220s] -- Up-to-date: /home/stinky/Documents/ros2_ws/install/turtlesim/local/lib/python3.10/dist-packages/turtlesim/turtlesim_s__rosidl_typesupport_fastrtps_c.cpython-310-x86_64-linux-gnu.so
[2.222s] -- Up-to-date: /home/stinky/Documents/ros2_ws/install/turtlesim/local/lib/python3.10/dist-packages/turtlesim/turtlesim_s__rosidl_typesupport_introspection_c.cpython-310-x86_64-linux-gnu.so
[2.224s] -- Up-to-date: /home/stinky/Documents/ros2_ws/install/turtlesim/local/lib/python3.10/dist-packages/turtlesim/turtlesim_s__rosidl_typesupport_c.cpython-310-x86_64-linux-gnu.so
[2.226s] -- Up-to-date: /home/stinky/Documents/ros2_ws/install/turtlesim/lib/libturtlesim__rosidl_generator_py.so
[2.226s] -- Up-to-date: /home/stinky/Documents/ros2_ws/install/turtlesim/share/turtlesim/action/RotateAbsolute.idl
[2.227s] -- Up-to-date: /home/stinky/Documents/ros2_ws/install/turtlesim/share/turtlesim/msg/Color.idl
[2.227s] -- Up-to-date: /home/stinky/Documents/ros2_ws/install/turtlesim/share/turtlesim/msg/Pose.idl
[2.227s] -- Up-to-date: /home/stinky/Documents/ros2_ws/install/turtlesim/share/turtlesim/srv/Kill.idl
[2.227s] -- Up-to-date: /home/stinky/Documents/ros2_ws/install/turtlesim/share/turtlesim/srv/SetPen.idl
[2.228s] -- Up-to-date: /home/stinky/Documents/ros2_ws/install/turtlesim/share/turtlesim/srv/Spawn.idl
[2.228s] -- Up-to-date: /home/stinky/Documents/ros2_ws/install/turtlesim/share/turtlesim/srv/TeleportAbsolute.idl
[2.228s] -- Up-to-date: /home/stinky/Documents/ros2_ws/install/turtlesim/share/turtlesim/srv/TeleportRelative.idl
[2.228s] -- Up-to-date: /home/stinky/Documents/ros2_ws/install/turtlesim/share/turtlesim/action/RotateAbsolute.action
[2.229s] -- Up-to-date: /home/stinky/Documents/ros2_ws/install/turtlesim/share/turtlesim/msg/Color.msg
[2.229s] -- Up-to-date: /home/stinky/Documents/ros2_ws/install/turtlesim/share/turtlesim/msg/Pose.msg
[2.229s] -- Up-to-date: /home/stinky/Documents/ros2_ws/install/turtlesim/share/turtlesim/srv/Kill.srv
[2.229s] -- Up-to-date: /home/stinky/Documents/ros2_ws/install/turtlesim/share/turtlesim/srv/Kill_Request.msg
[2.229s] -- Up-to-date: /home/stinky/Documents/ros2_ws/install/turtlesim/share/turtlesim/srv/Kill_Response.msg
[2.229s] -- Up-to-date: /home/stinky/Documents/ros2_ws/install/turtlesim/share/turtlesim/srv/SetPen.srv
[2.230s] -- Up-to-date: /home/stinky/Documents/ros2_ws/install/turtlesim/share/turtlesim/srv/SetPen_Request.msg
[2.230s] -- Up-to-date: /home/stinky/Documents/ros2_ws/install/turtlesim/share/turtlesim/srv/SetPen_Response.msg
[2.230s] -- Up-to-date: /home/stinky/Documents/ros2_ws/install/turtlesim/share/turtlesim/srv/Spawn.srv
[2.230s] -- Up-to-date: /home/stinky/Documents/ros2_ws/install/turtlesim/share/turtlesim/srv/Spawn_Request.msg
[2.230s] -- Up-to-date: /home/stinky/Documents/ros2_ws/install/turtlesim/share/turtlesim/srv/Spawn_Response.msg
[2.231s] -- Up-to-date: /home/stinky/Documents/ros2_ws/install/turtlesim/share/turtlesim/srv/TeleportAbsolute.srv
[2.231s] -- Up-to-date: /home/stinky/Documents/ros2_ws/install/turtlesim/share/turtlesim/srv/TeleportAbsolute_Request.msg
[2.231s] -- Up-to-date: /home/stinky/Documents/ros2_ws/install/turtlesim/share/turtlesim/srv/TeleportAbsolute_Response.msg
[2.231s] -- Up-to-date: /home/stinky/Documents/ros2_ws/install/turtlesim/share/turtlesim/srv/TeleportRelative.srv
[2.231s] -- Up-to-date: /home/stinky/Documents/ros2_ws/install/turtlesim/share/turtlesim/srv/TeleportRelative_Request.msg
[2.232s] -- Up-to-date: /home/stinky/Documents/ros2_ws/install/turtlesim/share/turtlesim/srv/TeleportRelative_Response.msg
[2.233s] -- Up-to-date: /home/stinky/Documents/ros2_ws/install/turtlesim/lib/turtlesim/turtlesim_node
[2.235s] -- Up-to-date: /home/stinky/Documents/ros2_ws/install/turtlesim/lib/turtlesim/turtle_teleop_key
[2.238s] -- Up-to-date: /home/stinky/Documents/ros2_ws/install/turtlesim/lib/turtlesim/draw_square
[2.240s] -- Up-to-date: /home/stinky/Documents/ros2_ws/install/turtlesim/lib/turtlesim/mimic
[2.241s] -- Up-to-date: /home/stinky/Documents/ros2_ws/install/turtlesim/share/turtlesim/images
[2.242s] -- Up-to-date: /home/stinky/Documents/ros2_ws/install/turtlesim/share/turtlesim/images/ardent.png
[2.242s] -- Up-to-date: /home/stinky/Documents/ros2_ws/install/turtlesim/share/turtlesim/images/galactic.png
[2.243s] -- Up-to-date: /home/stinky/Documents/ros2_ws/install/turtlesim/share/turtlesim/images/crystal.png
[2.244s] -- Up-to-date: /home/stinky/Documents/ros2_ws/install/turtlesim/share/turtlesim/images/rolling.png
[2.245s] -- Up-to-date: /home/stinky/Documents/ros2_ws/install/turtlesim/share/turtlesim/images/foxy.png
[2.245s] -- Up-to-date: /home/stinky/Documents/ros2_ws/install/turtlesim/share/turtlesim/images/humble.png
[2.246s] -- Up-to-date: /home/stinky/Documents/ros2_ws/install/turtlesim/share/turtlesim/images/dashing.png
[2.246s] -- Up-to-date: /home/stinky/Documents/ros2_ws/install/turtlesim/share/turtlesim/images/eloquent.png
[2.247s] -- Up-to-date: /home/stinky/Documents/ros2_ws/install/turtlesim/share/turtlesim/images/bouncy.png
[2.247s] -- Up-to-date: /home/stinky/Documents/ros2_ws/install/turtlesim/share/turtlesim/launch
[2.248s] -- Up-to-date: /home/stinky/Documents/ros2_ws/install/turtlesim/share/turtlesim/launch/multisim.launch.py
[2.249s] -- Up-to-date: /home/stinky/Documents/ros2_ws/install/turtlesim/share/ament_index/resource_index/package_run_dependencies/turtlesim
[2.250s] -- Up-to-date: /home/stinky/Documents/ros2_ws/install/turtlesim/share/ament_index/resource_index/parent_prefix_path/turtlesim
[2.251s] -- Up-to-date: /home/stinky/Documents/ros2_ws/install/turtlesim/share/turtlesim/environment/ament_prefix_path.sh
[2.252s] -- Up-to-date: /home/stinky/Documents/ros2_ws/install/turtlesim/share/turtlesim/environment/ament_prefix_path.dsv
[2.253s] -- Up-to-date: /home/stinky/Documents/ros2_ws/install/turtlesim/share/turtlesim/environment/path.sh
[2.254s] -- Up-to-date: /home/stinky/Documents/ros2_ws/install/turtlesim/share/turtlesim/environment/path.dsv
[2.254s] -- Up-to-date: /home/stinky/Documents/ros2_ws/install/turtlesim/share/turtlesim/local_setup.bash
[2.255s] -- Up-to-date: /home/stinky/Documents/ros2_ws/install/turtlesim/share/turtlesim/local_setup.sh
[2.256s] -- Up-to-date: /home/stinky/Documents/ros2_ws/install/turtlesim/share/turtlesim/local_setup.zsh
[2.257s] -- Up-to-date: /home/stinky/Documents/ros2_ws/install/turtlesim/share/turtlesim/local_setup.dsv
[2.258s] -- Installing: /home/stinky/Documents/ros2_ws/install/turtlesim/share/turtlesim/package.dsv
[2.262s] -- Up-to-date: /home/stinky/Documents/ros2_ws/install/turtlesim/share/ament_index/resource_index/packages/turtlesim
[2.263s] -- Up-to-date: /home/stinky/Documents/ros2_ws/install/turtlesim/share/turtlesim/cmake/export_turtlesim__rosidl_generator_cExport.cmake
[2.263s] -- Up-to-date: /home/stinky/Documents/ros2_ws/install/turtlesim/share/turtlesim/cmake/export_turtlesim__rosidl_generator_cExport-noconfig.cmake
[2.265s] -- Up-to-date: /home/stinky/Documents/ros2_ws/install/turtlesim/share/turtlesim/cmake/export_turtlesim__rosidl_typesupport_fastrtps_cExport.cmake
[2.265s] -- Up-to-date: /home/stinky/Documents/ros2_ws/install/turtlesim/share/turtlesim/cmake/export_turtlesim__rosidl_typesupport_fastrtps_cExport-noconfig.cmake
[2.266s] -- Up-to-date: /home/stinky/Documents/ros2_ws/install/turtlesim/share/turtlesim/cmake/export_turtlesim__rosidl_generator_cppExport.cmake
[2.268s] -- Up-to-date: /home/stinky/Documents/ros2_ws/install/turtlesim/share/turtlesim/cmake/export_turtlesim__rosidl_typesupport_fastrtps_cppExport.cmake
[2.268s] -- Up-to-date: /home/stinky/Documents/ros2_ws/install/turtlesim/share/turtlesim/cmake/export_turtlesim__rosidl_typesupport_fastrtps_cppExport-noconfig.cmake
[2.270s] -- Up-to-date: /home/stinky/Documents/ros2_ws/install/turtlesim/share/turtlesim/cmake/turtlesim__rosidl_typesupport_introspection_cExport.cmake
[2.270s] -- Up-to-date: /home/stinky/Documents/ros2_ws/install/turtlesim/share/turtlesim/cmake/turtlesim__rosidl_typesupport_introspection_cExport-noconfig.cmake
[2.272s] -- Up-to-date: /home/stinky/Documents/ros2_ws/install/turtlesim/share/turtlesim/cmake/turtlesim__rosidl_typesupport_cExport.cmake
[2.273s] -- Up-to-date: /home/stinky/Documents/ros2_ws/install/turtlesim/share/turtlesim/cmake/turtlesim__rosidl_typesupport_cExport-noconfig.cmake
[2.274s] -- Up-to-date: /home/stinky/Documents/ros2_ws/install/turtlesim/share/turtlesim/cmake/turtlesim__rosidl_typesupport_introspection_cppExport.cmake
[2.274s] -- Up-to-date: /home/stinky/Documents/ros2_ws/install/turtlesim/share/turtlesim/cmake/turtlesim__rosidl_typesupport_introspection_cppExport-noconfig.cmake
[2.275s] -- Up-to-date: /home/stinky/Documents/ros2_ws/install/turtlesim/share/turtlesim/cmake/turtlesim__rosidl_typesupport_cppExport.cmake
[2.276s] -- Up-to-date: /home/stinky/Documents/ros2_ws/install/turtlesim/share/turtlesim/cmake/turtlesim__rosidl_typesupport_cppExport-noconfig.cmake
[2.276s] -- Up-to-date: /home/stinky/Documents/ros2_ws/install/turtlesim/share/turtlesim/cmake/export_turtlesim__rosidl_generator_pyExport.cmake
[2.282s] -- Up-to-date: /home/stinky/Documents/ros2_ws/install/turtlesim/share/turtlesim/cmake/export_turtlesim__rosidl_generator_pyExport-noconfig.cmake
[2.282s] -- Up-to-date: /home/stinky/Documents/ros2_ws/install/turtlesim/share/turtlesim/cmake/rosidl_cmake-extras.cmake
[2.282s] -- Up-to-date: /home/stinky/Documents/ros2_ws/install/turtlesim/share/turtlesim/cmake/ament_cmake_export_dependencies-extras.cmake
[2.283s] -- Up-to-date: /home/stinky/Documents/ros2_ws/install/turtlesim/share/turtlesim/cmake/ament_cmake_export_include_directories-extras.cmake
[2.283s] -- Up-to-date: /home/stinky/Documents/ros2_ws/install/turtlesim/share/turtlesim/cmake/ament_cmake_export_libraries-extras.cmake
[2.283s] -- Up-to-date: /home/stinky/Documents/ros2_ws/install/turtlesim/share/turtlesim/cmake/ament_cmake_export_targets-extras.cmake
[2.284s] -- Up-to-date: /home/stinky/Documents/ros2_ws/install/turtlesim/share/turtlesim/cmake/rosidl_cmake_export_typesupport_targets-extras.cmake
[2.284s] -- Up-to-date: /home/stinky/Documents/ros2_ws/install/turtlesim/share/turtlesim/cmake/rosidl_cmake_export_typesupport_libraries-extras.cmake
[2.284s] -- Up-to-date: /home/stinky/Documents/ros2_ws/install/turtlesim/share/turtlesim/cmake/turtlesimConfig.cmake
[2.285s] -- Up-to-date: /home/stinky/Documents/ros2_ws/install/turtlesim/share/turtlesim/cmake/turtlesimConfig-version.cmake
[2.285s] -- Up-to-date: /home/stinky/Documents/ros2_ws/install/turtlesim/share/turtlesim/package.xml
