[0.026s] Invoking command in '/home/stinky/Documents/ros2_ws/build/action_tutorials_interfaces': CMAKE_PREFIX_PATH=${CMAKE_PREFIX_PATH}:/opt/ros/humble /usr/bin/cmake /home/stinky/Documents/ros2_ws/src/action_tutorials_interfaces -DCMAKE_INSTALL_PREFIX=/home/stinky/Documents/ros2_ws/install/action_tutorials_interfaces
[0.051s] -- Found ament_cmake: 1.3.5 (/opt/ros/humble/share/ament_cmake/cmake)
[0.277s] -- Found rosidl_default_generators: 1.2.0 (/opt/ros/humble/share/rosidl_default_generators/cmake)
[0.282s] -- Using all available rosidl_typesupport_c: rosidl_typesupport_fastrtps_c;rosidl_typesupport_introspection_c
[0.288s] -- Found rosidl_adapter: 3.1.5 (/opt/ros/humble/share/rosidl_adapter/cmake)
[0.358s] -- Using all available rosidl_typesupport_cpp: rosidl_typesupport_fastrtps_cpp;rosidl_typesupport_introspection_cpp
[0.665s] [31mCMake Error at /opt/ros/humble/share/rosidl_adapter/cmake/rosidl_adapt_interfaces.cmake:59 (message):
[0.665s]   execute_process(/usr/bin/python3.10 -m rosidl_adapter --package-name
[0.666s]   action_tutorials_interfaces --arguments-file
[0.666s]   /home/stinky/Documents/ros2_ws/build/action_tutorials_interfaces/rosidl_adapter__arguments__action_tutorials_interfaces.json
[0.666s]   --output-dir
[0.666s]   /home/stinky/Documents/ros2_ws/build/action_tutorials_interfaces/rosidl_adapter/action_tutorials_interfaces
[0.666s]   --output-file
[0.667s]   /home/stinky/Documents/ros2_ws/build/action_tutorials_interfaces/rosidl_adapter/action_tutorials_interfaces.idls)
[0.667s]   returned error code 1:
[0.667s] 
[0.667s]   Error processing 'int32[ sequence]' of
[0.667s]   'action_tutorials_interfaces/Fibonacci_Result': ''int32[' is an invalid
[0.668s]   message name.  It should have the pattern '^[A-Z][A-Za-z0-9]*$''
[0.668s] 
[0.668s]   Traceback (most recent call last):
[0.668s] 
[0.668s]     File "/usr/lib/python3.10/runpy.py", line 196, in _run_module_as_main
[0.669s]       return _run_code(code, main_globals, None,
[0.669s]     File "/usr/lib/python3.10/runpy.py", line 86, in _run_code
[0.669s]       exec(code, run_globals)
[0.669s]     File "/opt/ros/humble/local/lib/python3.10/dist-packages/rosidl_adapter/__main__.py", line 19, in <module>
[0.669s]       sys.exit(main())
[0.670s]     File "/opt/ros/humble/local/lib/python3.10/dist-packages/rosidl_adapter/main.py", line 53, in main
[0.670s]       abs_idl_file = convert_to_idl(
[0.670s]     File "/opt/ros/humble/local/lib/python3.10/dist-packages/rosidl_adapter/__init__.py", line 29, in convert_to_idl
[0.670s]       return convert_action_to_idl(
[0.670s]     File "/opt/ros/humble/local/lib/python3.10/dist-packages/rosidl_adapter/action/__init__.py", line 28, in convert_action_to_idl
[0.671s]       action = parse_action_string(package_name, input_file.stem, content)
[0.671s]     File "/opt/ros/humble/local/lib/python3.10/dist-packages/rosidl_adapter/parser.py", line 904, in parse_action_string
[0.671s]       result_message = parse_message_string(
[0.671s]     File "/opt/ros/humble/local/lib/python3.10/dist-packages/rosidl_adapter/parser.py", line 520, in parse_message_string
[0.671s]       Type(type_string, context_package_name=pkg_name),
[0.672s]     File "/opt/ros/humble/local/lib/python3.10/dist-packages/rosidl_adapter/parser.py", line 277, in __init__
[0.672s]       super(Type, self).__init__(
[0.672s]     File "/opt/ros/humble/local/lib/python3.10/dist-packages/rosidl_adapter/parser.py", line 205, in __init__
[0.672s]       raise InvalidResourceName(
[0.672s] 
[0.673s]   rosidl_adapter.parser.InvalidResourceName: 'int32[' is an invalid message
[0.673s]   name.  It should have the pattern '^[A-Z][A-Za-z0-9]*$'
[0.673s] 
[0.673s] Call Stack (most recent call first):
[0.673s]   /opt/ros/humble/share/rosidl_cmake/cmake/rosidl_generate_interfaces.cmake:130 (rosidl_adapt_interfaces)
[0.674s]   CMakeLists.txt:8 (rosidl_generate_interfaces)
[0.674s] 
[0.674s] [0m
[0.675s] -- Configuring incomplete, errors occurred!
[0.675s] See also "/home/stinky/Documents/ros2_ws/build/action_tutorials_interfaces/CMakeFiles/CMakeOutput.log".
[0.676s] Invoked command in '/home/stinky/Documents/ros2_ws/build/action_tutorials_interfaces' returned '1': CMAKE_PREFIX_PATH=${CMAKE_PREFIX_PATH}:/opt/ros/humble /usr/bin/cmake /home/stinky/Documents/ros2_ws/src/action_tutorials_interfaces -DCMAKE_INSTALL_PREFIX=/home/stinky/Documents/ros2_ws/install/action_tutorials_interfaces
