[0.034s] Invoking command in '/home/stinky/Documents/ros2_ws/build/cpp_srvcli': AMENT_PREFIX_PATH=/home/stinky/Documents/ros2_ws/install/tutorial_interfaces:${AMENT_PREFIX_PATH} CMAKE_PREFIX_PATH=/home/stinky/Documents/ros2_ws/install/tutorial_interfaces:/opt/ros/humble LD_LIBRARY_PATH=/home/stinky/Documents/ros2_ws/install/tutorial_interfaces/lib:${LD_LIBRARY_PATH} PYTHONPATH=/home/stinky/Documents/ros2_ws/install/tutorial_interfaces/local/lib/python3.10/dist-packages:${PYTHONPATH} /usr/bin/cmake --build /home/stinky/Documents/ros2_ws/build/cpp_srvcli -- -j8 -l8
[0.075s] -- Found ament_cmake: 1.3.5 (/opt/ros/humble/share/ament_cmake/cmake)
[0.321s] -- Found rclcpp: 16.0.5 (/opt/ros/humble/share/rclcpp/cmake)
[0.371s] -- Found rosidl_generator_c: 3.1.5 (/opt/ros/humble/share/rosidl_generator_c/cmake)
[0.375s] -- Found rosidl_adapter: 3.1.5 (/opt/ros/humble/share/rosidl_adapter/cmake)
[0.385s] -- Found rosidl_generator_cpp: 3.1.5 (/opt/ros/humble/share/rosidl_generator_cpp/cmake)
[0.405s] -- Using all available rosidl_typesupport_c: rosidl_typesupport_fastrtps_c;rosidl_typesupport_introspection_c
[0.434s] -- Using all available rosidl_typesupport_cpp: rosidl_typesupport_fastrtps_cpp;rosidl_typesupport_introspection_cpp
[0.536s] -- Found rmw_implementation_cmake: 6.1.1 (/opt/ros/humble/share/rmw_implementation_cmake/cmake)
[0.538s] -- Found rmw_fastrtps_cpp: 6.2.3 (/opt/ros/humble/share/rmw_fastrtps_cpp/cmake)
[0.734s] -- Using RMW implementation 'rmw_fastrtps_cpp' as default
[1.006s] -- Found tutorial_interfaces: 0.0.0 (/home/stinky/Documents/ros2_ws/install/tutorial_interfaces/share/tutorial_interfaces/cmake)
[1.310s] -- Configuring done
[1.330s] -- Generating done
[1.333s] -- Build files have been written to: /home/stinky/Documents/ros2_ws/build/cpp_srvcli
[1.371s] [35m[1mConsolidate compiler generated dependencies of target server[0m
[1.373s] [35m[1mConsolidate compiler generated dependencies of target client[0m
[1.397s] [ 50%] [32mBuilding CXX object CMakeFiles/client.dir/src/add_two_ints_client.cpp.o[0m
[1.398s] [ 50%] [32mBuilding CXX object CMakeFiles/server.dir/src/add_two_ints_server.cpp.o[0m
[6.907s] [ 75%] [32m[1mLinking CXX executable server[0m
[7.179s] [ 75%] Built target server
[7.190s] [100%] [32m[1mLinking CXX executable client[0m
[7.454s] [100%] Built target client
[7.471s] Invoked command in '/home/stinky/Documents/ros2_ws/build/cpp_srvcli' returned '0': AMENT_PREFIX_PATH=/home/stinky/Documents/ros2_ws/install/tutorial_interfaces:${AMENT_PREFIX_PATH} CMAKE_PREFIX_PATH=/home/stinky/Documents/ros2_ws/install/tutorial_interfaces:/opt/ros/humble LD_LIBRARY_PATH=/home/stinky/Documents/ros2_ws/install/tutorial_interfaces/lib:${LD_LIBRARY_PATH} PYTHONPATH=/home/stinky/Documents/ros2_ws/install/tutorial_interfaces/local/lib/python3.10/dist-packages:${PYTHONPATH} /usr/bin/cmake --build /home/stinky/Documents/ros2_ws/build/cpp_srvcli -- -j8 -l8
[7.522s] Invoking command in '/home/stinky/Documents/ros2_ws/build/cpp_srvcli': AMENT_PREFIX_PATH=/home/stinky/Documents/ros2_ws/install/tutorial_interfaces:${AMENT_PREFIX_PATH} CMAKE_PREFIX_PATH=/home/stinky/Documents/ros2_ws/install/tutorial_interfaces:/opt/ros/humble LD_LIBRARY_PATH=/home/stinky/Documents/ros2_ws/install/tutorial_interfaces/lib:${LD_LIBRARY_PATH} PYTHONPATH=/home/stinky/Documents/ros2_ws/install/tutorial_interfaces/local/lib/python3.10/dist-packages:${PYTHONPATH} /usr/bin/cmake --install /home/stinky/Documents/ros2_ws/build/cpp_srvcli
[7.532s] -- Install configuration: ""
[7.532s] -- Installing: /home/stinky/Documents/ros2_ws/install/cpp_srvcli/lib/cpp_srvcli/server
[7.533s] -- Set runtime path of "/home/stinky/Documents/ros2_ws/install/cpp_srvcli/lib/cpp_srvcli/server" to ""
[7.533s] -- Installing: /home/stinky/Documents/ros2_ws/install/cpp_srvcli/lib/cpp_srvcli/client
[7.534s] -- Set runtime path of "/home/stinky/Documents/ros2_ws/install/cpp_srvcli/lib/cpp_srvcli/client" to ""
[7.534s] -- Installing: /home/stinky/Documents/ros2_ws/install/cpp_srvcli/share/ament_index/resource_index/package_run_dependencies/cpp_srvcli
[7.535s] -- Installing: /home/stinky/Documents/ros2_ws/install/cpp_srvcli/share/ament_index/resource_index/parent_prefix_path/cpp_srvcli
[7.535s] -- Up-to-date: /home/stinky/Documents/ros2_ws/install/cpp_srvcli/share/cpp_srvcli/environment/ament_prefix_path.sh
[7.535s] -- Installing: /home/stinky/Documents/ros2_ws/install/cpp_srvcli/share/cpp_srvcli/environment/ament_prefix_path.dsv
[7.535s] -- Up-to-date: /home/stinky/Documents/ros2_ws/install/cpp_srvcli/share/cpp_srvcli/environment/path.sh
[7.535s] -- Installing: /home/stinky/Documents/ros2_ws/install/cpp_srvcli/share/cpp_srvcli/environment/path.dsv
[7.536s] -- Up-to-date: /home/stinky/Documents/ros2_ws/install/cpp_srvcli/share/cpp_srvcli/local_setup.bash
[7.536s] -- Up-to-date: /home/stinky/Documents/ros2_ws/install/cpp_srvcli/share/cpp_srvcli/local_setup.sh
[7.536s] -- Up-to-date: /home/stinky/Documents/ros2_ws/install/cpp_srvcli/share/cpp_srvcli/local_setup.zsh
[7.536s] -- Installing: /home/stinky/Documents/ros2_ws/install/cpp_srvcli/share/cpp_srvcli/local_setup.dsv
[7.536s] -- Installing: /home/stinky/Documents/ros2_ws/install/cpp_srvcli/share/cpp_srvcli/package.dsv
[7.536s] -- Up-to-date: /home/stinky/Documents/ros2_ws/install/cpp_srvcli/share/ament_index/resource_index/packages/cpp_srvcli
[7.536s] -- Up-to-date: /home/stinky/Documents/ros2_ws/install/cpp_srvcli/share/cpp_srvcli/cmake/cpp_srvcliConfig.cmake
[7.536s] -- Up-to-date: /home/stinky/Documents/ros2_ws/install/cpp_srvcli/share/cpp_srvcli/cmake/cpp_srvcliConfig-version.cmake
[7.537s] -- Installing: /home/stinky/Documents/ros2_ws/install/cpp_srvcli/share/cpp_srvcli/package.xml
[7.541s] Invoked command in '/home/stinky/Documents/ros2_ws/build/cpp_srvcli' returned '0': AMENT_PREFIX_PATH=/home/stinky/Documents/ros2_ws/install/tutorial_interfaces:${AMENT_PREFIX_PATH} CMAKE_PREFIX_PATH=/home/stinky/Documents/ros2_ws/install/tutorial_interfaces:/opt/ros/humble LD_LIBRARY_PATH=/home/stinky/Documents/ros2_ws/install/tutorial_interfaces/lib:${LD_LIBRARY_PATH} PYTHONPATH=/home/stinky/Documents/ros2_ws/install/tutorial_interfaces/local/lib/python3.10/dist-packages:${PYTHONPATH} /usr/bin/cmake --install /home/stinky/Documents/ros2_ws/build/cpp_srvcli
