[0.036s] Invoking command in '/home/stinky/Documents/ros2_ws/build/polygon_base': CMAKE_PREFIX_PATH=${CMAKE_PREFIX_PATH}:/opt/ros/humble /usr/bin/cmake /home/stinky/Documents/ros2_ws/src/polygon_base -DCMAKE_INSTALL_PREFIX=/home/stinky/Documents/ros2_ws/install/polygon_base
[0.197s] -- The C compiler identification is GNU 11.4.0
[0.347s] -- The CXX compiler identification is GNU 11.4.0
[0.365s] -- Detecting C compiler ABI info
[0.498s] -- Detecting C compiler ABI info - done
[0.512s] -- Check for working C compiler: /usr/bin/cc - skipped
[0.518s] -- Detecting C compile features
[0.519s] -- Detecting C compile features - done
[0.525s] -- Detecting CXX compiler ABI info
[0.661s] -- Detecting CXX compiler ABI info - done
[0.682s] -- Check for working CXX compiler: /usr/bin/c++ - skipped
[0.683s] -- Detecting CXX compile features
[0.684s] -- Detecting CXX compile features - done
[0.704s] -- Found ament_cmake: 1.3.5 (/opt/ros/humble/share/ament_cmake/cmake)
[1.036s] -- Found Python3: /usr/bin/python3.10 (found version "3.10.12") found components: Interpreter 
[1.221s] -- Found pluginlib: 5.1.0 (/opt/ros/humble/share/pluginlib/cmake)
[1.304s] -- Found ament_lint_auto: 0.12.7 (/opt/ros/humble/share/ament_lint_auto/cmake)
[1.450s] -- Added test 'cppcheck' to perform static code analysis on C / C++ code
[1.450s] -- Configured cppcheck include dirs: $<BUILD_INTERFACE:/home/stinky/Documents/ros2_ws/src/polygon_base/include>
[1.450s] -- Configured cppcheck exclude dirs and/or files: 
[1.452s] -- Added test 'lint_cmake' to check CMake code style
[1.454s] -- Added test 'uncrustify' to check C / C++ code style
[1.454s] -- Configured uncrustify additional arguments: 
[1.455s] -- Added test 'xmllint' to check XML markup files
[1.460s] -- Configuring done
[1.468s] -- Generating done
[1.470s] -- Build files have been written to: /home/stinky/Documents/ros2_ws/build/polygon_base
[1.479s] Invoked command in '/home/stinky/Documents/ros2_ws/build/polygon_base' returned '0': CMAKE_PREFIX_PATH=${CMAKE_PREFIX_PATH}:/opt/ros/humble /usr/bin/cmake /home/stinky/Documents/ros2_ws/src/polygon_base -DCMAKE_INSTALL_PREFIX=/home/stinky/Documents/ros2_ws/install/polygon_base
[1.482s] Invoking command in '/home/stinky/Documents/ros2_ws/build/polygon_base': CMAKE_PREFIX_PATH=${CMAKE_PREFIX_PATH}:/opt/ros/humble /usr/bin/cmake --build /home/stinky/Documents/ros2_ws/build/polygon_base -- -j8 -l8
[1.557s] [ 50%] [32mBuilding CXX object CMakeFiles/area_node.dir/src/area_node.cpp.o[0m
[6.333s] [100%] [32m[1mLinking CXX executable area_node[0m
[6.598s] [100%] Built target area_node
[6.616s] Invoked command in '/home/stinky/Documents/ros2_ws/build/polygon_base' returned '0': CMAKE_PREFIX_PATH=${CMAKE_PREFIX_PATH}:/opt/ros/humble /usr/bin/cmake --build /home/stinky/Documents/ros2_ws/build/polygon_base -- -j8 -l8
[6.672s] Invoking command in '/home/stinky/Documents/ros2_ws/build/polygon_base': CMAKE_PREFIX_PATH=${CMAKE_PREFIX_PATH}:/opt/ros/humble /usr/bin/cmake --install /home/stinky/Documents/ros2_ws/build/polygon_base
[6.684s] -- Install configuration: ""
[6.684s] -- Installing: /home/stinky/Documents/ros2_ws/install/polygon_base/include
[6.684s] -- Installing: /home/stinky/Documents/ros2_ws/install/polygon_base/include/polygon_base
[6.685s] -- Installing: /home/stinky/Documents/ros2_ws/install/polygon_base/include/polygon_base/regular_polygon.hpp
[6.685s] -- Installing: /home/stinky/Documents/ros2_ws/install/polygon_base/lib/polygon_base/area_node
[6.687s] -- Set runtime path of "/home/stinky/Documents/ros2_ws/install/polygon_base/lib/polygon_base/area_node" to ""
[6.687s] -- Installing: /home/stinky/Documents/ros2_ws/install/polygon_base/share/ament_index/resource_index/package_run_dependencies/polygon_base
[6.687s] -- Installing: /home/stinky/Documents/ros2_ws/install/polygon_base/share/ament_index/resource_index/parent_prefix_path/polygon_base
[6.688s] -- Installing: /home/stinky/Documents/ros2_ws/install/polygon_base/share/polygon_base/environment/ament_prefix_path.sh
[6.688s] -- Installing: /home/stinky/Documents/ros2_ws/install/polygon_base/share/polygon_base/environment/ament_prefix_path.dsv
[6.688s] -- Installing: /home/stinky/Documents/ros2_ws/install/polygon_base/share/polygon_base/environment/path.sh
[6.688s] -- Installing: /home/stinky/Documents/ros2_ws/install/polygon_base/share/polygon_base/environment/path.dsv
[6.689s] -- Installing: /home/stinky/Documents/ros2_ws/install/polygon_base/share/polygon_base/local_setup.bash
[6.689s] -- Installing: /home/stinky/Documents/ros2_ws/install/polygon_base/share/polygon_base/local_setup.sh
[6.689s] -- Installing: /home/stinky/Documents/ros2_ws/install/polygon_base/share/polygon_base/local_setup.zsh
[6.689s] -- Installing: /home/stinky/Documents/ros2_ws/install/polygon_base/share/polygon_base/local_setup.dsv
[6.690s] -- Installing: /home/stinky/Documents/ros2_ws/install/polygon_base/share/polygon_base/package.dsv
[6.690s] -- Installing: /home/stinky/Documents/ros2_ws/install/polygon_base/share/ament_index/resource_index/packages/polygon_base
[6.690s] -- Installing: /home/stinky/Documents/ros2_ws/install/polygon_base/share/polygon_base/cmake/ament_cmake_export_include_directories-extras.cmake
[6.691s] -- Installing: /home/stinky/Documents/ros2_ws/install/polygon_base/share/polygon_base/cmake/polygon_baseConfig.cmake
[6.691s] -- Installing: /home/stinky/Documents/ros2_ws/install/polygon_base/share/polygon_base/cmake/polygon_baseConfig-version.cmake
[6.691s] -- Installing: /home/stinky/Documents/ros2_ws/install/polygon_base/share/polygon_base/package.xml
[6.695s] Invoked command in '/home/stinky/Documents/ros2_ws/build/polygon_base' returned '0': CMAKE_PREFIX_PATH=${CMAKE_PREFIX_PATH}:/opt/ros/humble /usr/bin/cmake --install /home/stinky/Documents/ros2_ws/build/polygon_base
