[0.013s] Invoking command in '/home/stinky/Documents/ros2_ws/build/turtlesim': CMAKE_PREFIX_PATH=/opt/ros/humble /usr/bin/cmake /home/stinky/Documents/ros2_ws/src/ros_tutorials/turtlesim -DCMAKE_INSTALL_PREFIX=/home/stinky/Documents/ros2_ws/install/turtlesim
[0.156s] -- The C compiler identification is GNU 11.4.0
[0.293s] -- The CXX compiler identification is GNU 11.4.0
[0.312s] -- Detecting C compiler ABI info
[0.413s] -- Detecting C compiler ABI info - done
[0.425s] -- Check for working C compiler: /usr/bin/cc - skipped
[0.427s] -- Detecting C compile features
[0.429s] -- Detecting C compile features - done
[0.434s] -- Detecting CXX compiler ABI info
[0.545s] -- Detecting CXX compiler ABI info - done
[0.556s] -- Check for working CXX compiler: /usr/bin/c++ - skipped
[0.556s] -- Detecting CXX compile features
[0.557s] -- Detecting CXX compile features - done
[0.566s] -- Found ament_cmake: 1.3.5 (/opt/ros/humble/share/ament_cmake/cmake)
[0.836s] -- Found Python3: /usr/bin/python3.10 (found version "3.10.12") found components: Interpreter 
[0.961s] -- Found ament_index_cpp: 1.4.0 (/opt/ros/humble/share/ament_index_cpp/cmake)
[0.965s] -- Found geometry_msgs: 4.2.3 (/opt/ros/humble/share/geometry_msgs/cmake)
[1.036s] -- Found rosidl_generator_c: 3.1.5 (/opt/ros/humble/share/rosidl_generator_c/cmake)
[1.044s] -- Found rosidl_adapter: 3.1.5 (/opt/ros/humble/share/rosidl_adapter/cmake)
[1.058s] -- Found rosidl_generator_cpp: 3.1.5 (/opt/ros/humble/share/rosidl_generator_cpp/cmake)
[1.078s] -- Using all available rosidl_typesupport_c: rosidl_typesupport_fastrtps_c;rosidl_typesupport_introspection_c
[1.106s] -- Using all available rosidl_typesupport_cpp: rosidl_typesupport_fastrtps_cpp;rosidl_typesupport_introspection_cpp
[1.291s] -- Found rclcpp: 16.0.5 (/opt/ros/humble/share/rclcpp/cmake)
[1.370s] -- Found rmw_implementation_cmake: 6.1.1 (/opt/ros/humble/share/rmw_implementation_cmake/cmake)
[1.374s] -- Found rmw_fastrtps_cpp: 6.2.3 (/opt/ros/humble/share/rmw_fastrtps_cpp/cmake)
[1.524s] -- Found OpenSSL: /usr/lib/x86_64-linux-gnu/libcrypto.so (found version "3.0.2")  
[1.560s] -- Found FastRTPS: /opt/ros/humble/include  
[1.611s] -- Using RMW implementation 'rmw_fastrtps_cpp' as default
[1.624s] -- Looking for pthread.h
[1.739s] -- Looking for pthread.h - found
[1.739s] -- Performing Test CMAKE_HAVE_LIBC_PTHREAD
[1.848s] -- Performing Test CMAKE_HAVE_LIBC_PTHREAD - Success
[1.849s] -- Found Threads: TRUE  
[2.035s] -- Found rclcpp_action: 16.0.5 (/opt/ros/humble/share/rclcpp_action/cmake)
[2.193s] -- Found rosidl_default_generators: 1.2.0 (/opt/ros/humble/share/rosidl_default_generators/cmake)
[2.206s] -- Found std_srvs: 4.2.3 (/opt/ros/humble/share/std_srvs/cmake)
[2.699s] -- Found ament_cmake_ros: 0.10.0 (/opt/ros/humble/share/ament_cmake_ros/cmake)
[3.210s] -- Using all available rosidl_typesupport_c: rosidl_typesupport_fastrtps_c;rosidl_typesupport_introspection_c
[3.389s] -- Using all available rosidl_typesupport_cpp: rosidl_typesupport_fastrtps_cpp;rosidl_typesupport_introspection_cpp
[3.442s] -- Found PythonInterp: /usr/bin/python3 (found suitable version "3.10.12", minimum required is "3.6") 
[3.445s] -- Found python_cmake_module: 0.10.0 (/opt/ros/humble/share/python_cmake_module/cmake)
[3.498s] -- Found PythonLibs: /usr/lib/x86_64-linux-gnu/libpython3.10.so (found suitable version "3.10.12", minimum required is "3.5") 
[3.499s] -- Using PYTHON_EXECUTABLE: /usr/bin/python3
[3.499s] -- Using PYTHON_INCLUDE_DIRS: /usr/include/python3.10
[3.499s] -- Using PYTHON_LIBRARIES: /usr/lib/x86_64-linux-gnu/libpython3.10.so
[3.542s] -- Found PythonExtra: .so  
[3.671s] -- Configuring done
[3.747s] -- Generating done
[3.750s] -- Build files have been written to: /home/stinky/Documents/ros2_ws/build/turtlesim
[3.768s] Invoked command in '/home/stinky/Documents/ros2_ws/build/turtlesim' returned '0': CMAKE_PREFIX_PATH=/opt/ros/humble /usr/bin/cmake /home/stinky/Documents/ros2_ws/src/ros_tutorials/turtlesim -DCMAKE_INSTALL_PREFIX=/home/stinky/Documents/ros2_ws/install/turtlesim
[3.771s] Invoking command in '/home/stinky/Documents/ros2_ws/build/turtlesim': CMAKE_PREFIX_PATH=/opt/ros/humble /usr/bin/cmake --build /home/stinky/Documents/ros2_ws/build/turtlesim -- -j8 -l8
[3.837s] [  1%] [34m[1mGenerating C code for ROS interfaces[0m
[3.859s] [  2%] [34m[1mGenerating C++ code for ROS interfaces[0m
[3.871s] [  2%] Built target ament_cmake_python_copy_turtlesim
[4.169s] running egg_info
[4.170s] creating turtlesim.egg-info
[4.171s] writing turtlesim.egg-info/PKG-INFO
[4.171s] writing dependency_links to turtlesim.egg-info/dependency_links.txt
[4.171s] writing top-level names to turtlesim.egg-info/top_level.txt
[4.171s] writing manifest file 'turtlesim.egg-info/SOURCES.txt'
[4.175s] reading manifest file 'turtlesim.egg-info/SOURCES.txt'
[4.175s] writing manifest file 'turtlesim.egg-info/SOURCES.txt'
[4.214s] [  2%] Built target ament_cmake_python_build_turtlesim_egg
[5.014s] [  2%] Built target turtlesim__cpp
[5.032s] [  3%] [34m[1mGenerating C++ type support dispatch for ROS interfaces[0m
[5.036s] [  4%] [34m[1mGenerating C++ type support for eProsima Fast-RTPS[0m
[5.046s] [  5%] [34m[1mGenerating C++ introspection for ROS interfaces[0m
[5.096s] [  9%] [32mBuilding C object CMakeFiles/turtlesim__rosidl_generator_c.dir/rosidl_generator_c/turtlesim/action/detail/rotate_absolute__functions.c.o[0m
[5.096s] [  9%] [32mBuilding C object CMakeFiles/turtlesim__rosidl_generator_c.dir/rosidl_generator_c/turtlesim/msg/detail/color__functions.c.o[0m
[5.096s] [  9%] [32mBuilding C object CMakeFiles/turtlesim__rosidl_generator_c.dir/rosidl_generator_c/turtlesim/srv/detail/set_pen__functions.c.o[0m
[5.096s] [  9%] [32mBuilding C object CMakeFiles/turtlesim__rosidl_generator_c.dir/rosidl_generator_c/turtlesim/srv/detail/kill__functions.c.o[0m
[5.097s] [ 10%] [32mBuilding C object CMakeFiles/turtlesim__rosidl_generator_c.dir/rosidl_generator_c/turtlesim/msg/detail/pose__functions.c.o[0m
[5.191s] [ 11%] [32mBuilding C object CMakeFiles/turtlesim__rosidl_generator_c.dir/rosidl_generator_c/turtlesim/srv/detail/spawn__functions.c.o[0m
[5.197s] [ 12%] [32mBuilding C object CMakeFiles/turtlesim__rosidl_generator_c.dir/rosidl_generator_c/turtlesim/srv/detail/teleport_absolute__functions.c.o[0m
[5.210s] [ 13%] [32mBuilding C object CMakeFiles/turtlesim__rosidl_generator_c.dir/rosidl_generator_c/turtlesim/srv/detail/teleport_relative__functions.c.o[0m
[5.366s] [ 14%] [32m[1mLinking C shared library libturtlesim__rosidl_generator_c.so[0m
[5.418s] [ 14%] Built target turtlesim__rosidl_generator_c
[5.434s] [ 16%] [34m[1mGenerating C type support for eProsima Fast-RTPS[0m
[5.434s] [ 16%] [34m[1mGenerating C type support dispatch for ROS interfaces[0m
[5.436s] [ 17%] [34m[1mGenerating C introspection for ROS interfaces[0m
[6.074s] [ 18%] [32mBuilding CXX object CMakeFiles/turtlesim__rosidl_typesupport_introspection_cpp.dir/rosidl_typesupport_introspection_cpp/turtlesim/action/detail/rotate_absolute__type_support.cpp.o[0m
[6.076s] [ 19%] [32mBuilding CXX object CMakeFiles/turtlesim__rosidl_typesupport_introspection_cpp.dir/rosidl_typesupport_introspection_cpp/turtlesim/msg/detail/color__type_support.cpp.o[0m
[6.081s] [ 20%] [32mBuilding CXX object CMakeFiles/turtlesim__rosidl_typesupport_introspection_cpp.dir/rosidl_typesupport_introspection_cpp/turtlesim/msg/detail/pose__type_support.cpp.o[0m
[6.106s] [ 21%] [32mBuilding CXX object CMakeFiles/turtlesim__rosidl_typesupport_cpp.dir/rosidl_typesupport_cpp/turtlesim/action/rotate_absolute__type_support.cpp.o[0m
[6.605s] [ 22%] [32mBuilding CXX object CMakeFiles/turtlesim__rosidl_typesupport_fastrtps_cpp.dir/rosidl_typesupport_fastrtps_cpp/turtlesim/action/detail/dds_fastrtps/rotate_absolute__type_support.cpp.o[0m
[6.744s] [ 23%] [32mBuilding CXX object CMakeFiles/turtlesim__rosidl_typesupport_c.dir/rosidl_typesupport_c/turtlesim/action/rotate_absolute__type_support.cpp.o[0m
[6.847s] [ 24%] [32mBuilding CXX object CMakeFiles/turtlesim__rosidl_typesupport_introspection_cpp.dir/rosidl_typesupport_introspection_cpp/turtlesim/srv/detail/kill__type_support.cpp.o[0m
[6.850s] [ 25%] [32mBuilding CXX object CMakeFiles/turtlesim__rosidl_typesupport_c.dir/rosidl_typesupport_c/turtlesim/msg/color__type_support.cpp.o[0m
[6.850s] [ 26%] [32mBuilding CXX object CMakeFiles/turtlesim__rosidl_typesupport_cpp.dir/rosidl_typesupport_cpp/turtlesim/msg/color__type_support.cpp.o[0m
[6.908s] [ 27%] [32mBuilding CXX object CMakeFiles/turtlesim__rosidl_typesupport_c.dir/rosidl_typesupport_c/turtlesim/msg/pose__type_support.cpp.o[0m
[6.968s] [ 28%] [32mBuilding CXX object CMakeFiles/turtlesim__rosidl_typesupport_c.dir/rosidl_typesupport_c/turtlesim/srv/kill__type_support.cpp.o[0m
[7.040s] [ 29%] [32mBuilding CXX object CMakeFiles/turtlesim__rosidl_typesupport_c.dir/rosidl_typesupport_c/turtlesim/srv/set_pen__type_support.cpp.o[0m
[7.040s] [ 30%] [32mBuilding CXX object CMakeFiles/turtlesim__rosidl_typesupport_cpp.dir/rosidl_typesupport_cpp/turtlesim/msg/pose__type_support.cpp.o[0m
[7.112s] [ 31%] [32mBuilding CXX object CMakeFiles/turtlesim__rosidl_typesupport_c.dir/rosidl_typesupport_c/turtlesim/srv/spawn__type_support.cpp.o[0m
[7.194s] [ 32%] [32mBuilding CXX object CMakeFiles/turtlesim__rosidl_typesupport_c.dir/rosidl_typesupport_c/turtlesim/srv/teleport_absolute__type_support.cpp.o[0m
[7.272s] [ 33%] [32mBuilding CXX object CMakeFiles/turtlesim__rosidl_typesupport_c.dir/rosidl_typesupport_c/turtlesim/srv/teleport_relative__type_support.cpp.o[0m
[7.330s] [ 34%] [32mBuilding CXX object CMakeFiles/turtlesim__rosidl_typesupport_introspection_cpp.dir/rosidl_typesupport_introspection_cpp/turtlesim/srv/detail/set_pen__type_support.cpp.o[0m
[7.346s] [ 35%] [32m[1mLinking CXX shared library libturtlesim__rosidl_typesupport_c.so[0m
[7.376s] [ 36%] [32mBuilding C object CMakeFiles/turtlesim__rosidl_typesupport_introspection_c.dir/rosidl_typesupport_introspection_c/turtlesim/action/detail/rotate_absolute__type_support.c.o[0m
[7.449s] [ 37%] [32mBuilding CXX object CMakeFiles/turtlesim__rosidl_typesupport_cpp.dir/rosidl_typesupport_cpp/turtlesim/srv/kill__type_support.cpp.o[0m
[7.468s] [ 37%] Built target turtlesim__rosidl_typesupport_c
[7.483s] [ 38%] [32mBuilding CXX object CMakeFiles/turtlesim__rosidl_typesupport_fastrtps_c.dir/rosidl_typesupport_fastrtps_c/turtlesim/action/detail/rotate_absolute__type_support_c.cpp.o[0m
[7.496s] [ 40%] [32mBuilding CXX object CMakeFiles/turtlesim__rosidl_typesupport_cpp.dir/rosidl_typesupport_cpp/turtlesim/srv/set_pen__type_support.cpp.o[0m
[7.496s] [ 40%] [32mBuilding C object CMakeFiles/turtlesim__rosidl_typesupport_introspection_c.dir/rosidl_typesupport_introspection_c/turtlesim/msg/detail/color__type_support.c.o[0m
[7.576s] [ 41%] [32mBuilding CXX object CMakeFiles/turtlesim__rosidl_typesupport_fastrtps_c.dir/rosidl_typesupport_fastrtps_c/turtlesim/msg/detail/color__type_support_c.cpp.o[0m
[7.581s] [ 42%] [32mBuilding C object CMakeFiles/turtlesim__rosidl_typesupport_introspection_c.dir/rosidl_typesupport_introspection_c/turtlesim/msg/detail/pose__type_support.c.o[0m
[7.633s] [ 43%] [32mBuilding CXX object CMakeFiles/turtlesim__rosidl_typesupport_introspection_cpp.dir/rosidl_typesupport_introspection_cpp/turtlesim/srv/detail/spawn__type_support.cpp.o[0m
[7.646s] [ 44%] [32mBuilding C object CMakeFiles/turtlesim__rosidl_typesupport_introspection_c.dir/rosidl_typesupport_introspection_c/turtlesim/srv/detail/kill__type_support.c.o[0m
[7.719s] [ 45%] [32mBuilding C object CMakeFiles/turtlesim__rosidl_typesupport_introspection_c.dir/rosidl_typesupport_introspection_c/turtlesim/srv/detail/set_pen__type_support.c.o[0m
[7.793s] [ 46%] [32mBuilding CXX object CMakeFiles/turtlesim__rosidl_typesupport_fastrtps_cpp.dir/rosidl_typesupport_fastrtps_cpp/turtlesim/msg/detail/dds_fastrtps/color__type_support.cpp.o[0m
[7.799s] [ 47%] [32mBuilding C object CMakeFiles/turtlesim__rosidl_typesupport_introspection_c.dir/rosidl_typesupport_introspection_c/turtlesim/srv/detail/spawn__type_support.c.o[0m
[7.885s] [ 48%] [32mBuilding C object CMakeFiles/turtlesim__rosidl_typesupport_introspection_c.dir/rosidl_typesupport_introspection_c/turtlesim/srv/detail/teleport_absolute__type_support.c.o[0m
[7.965s] [ 49%] [32mBuilding C object CMakeFiles/turtlesim__rosidl_typesupport_introspection_c.dir/rosidl_typesupport_introspection_c/turtlesim/srv/detail/teleport_relative__type_support.c.o[0m
[8.020s] [ 50%] [32mBuilding CXX object CMakeFiles/turtlesim__rosidl_typesupport_cpp.dir/rosidl_typesupport_cpp/turtlesim/srv/spawn__type_support.cpp.o[0m
[8.055s] [ 51%] [32m[1mLinking C shared library libturtlesim__rosidl_typesupport_introspection_c.so[0m
[8.095s] [ 52%] [32mBuilding CXX object CMakeFiles/turtlesim__rosidl_typesupport_cpp.dir/rosidl_typesupport_cpp/turtlesim/srv/teleport_absolute__type_support.cpp.o[0m
[8.101s] [ 53%] [32mBuilding CXX object CMakeFiles/turtlesim__rosidl_typesupport_cpp.dir/rosidl_typesupport_cpp/turtlesim/srv/teleport_relative__type_support.cpp.o[0m
[8.131s] [ 53%] Built target turtlesim__rosidl_typesupport_introspection_c
[8.150s] [ 54%] [32mBuilding CXX object CMakeFiles/turtlesim__rosidl_typesupport_introspection_cpp.dir/rosidl_typesupport_introspection_cpp/turtlesim/srv/detail/teleport_absolute__type_support.cpp.o[0m
[8.196s] [ 55%] [32mBuilding CXX object CMakeFiles/turtlesim__rosidl_typesupport_fastrtps_c.dir/rosidl_typesupport_fastrtps_c/turtlesim/msg/detail/pose__type_support_c.cpp.o[0m
[8.310s] [ 56%] [32mBuilding CXX object CMakeFiles/turtlesim__rosidl_typesupport_fastrtps_c.dir/rosidl_typesupport_fastrtps_c/turtlesim/srv/detail/kill__type_support_c.cpp.o[0m
[8.407s] [ 57%] [32mBuilding CXX object CMakeFiles/turtlesim__rosidl_typesupport_introspection_cpp.dir/rosidl_typesupport_introspection_cpp/turtlesim/srv/detail/teleport_relative__type_support.cpp.o[0m
[8.543s] [ 58%] [32mBuilding CXX object CMakeFiles/turtlesim__rosidl_typesupport_fastrtps_c.dir/rosidl_typesupport_fastrtps_c/turtlesim/srv/detail/set_pen__type_support_c.cpp.o[0m
[8.616s] [ 59%] [32mBuilding CXX object CMakeFiles/turtlesim__rosidl_typesupport_fastrtps_cpp.dir/rosidl_typesupport_fastrtps_cpp/turtlesim/msg/detail/dds_fastrtps/pose__type_support.cpp.o[0m
[8.637s] [ 60%] [32mBuilding CXX object CMakeFiles/turtlesim__rosidl_typesupport_fastrtps_cpp.dir/rosidl_typesupport_fastrtps_cpp/turtlesim/srv/detail/dds_fastrtps/kill__type_support.cpp.o[0m
[8.659s] [ 61%] [32m[1mLinking CXX shared library libturtlesim__rosidl_typesupport_cpp.so[0m
[8.769s] [ 61%] Built target turtlesim__rosidl_typesupport_cpp
[8.785s] [ 62%] [32mBuilding CXX object CMakeFiles/turtlesim__rosidl_typesupport_fastrtps_c.dir/rosidl_typesupport_fastrtps_c/turtlesim/srv/detail/spawn__type_support_c.cpp.o[0m
[8.921s] [ 63%] [32mBuilding CXX object CMakeFiles/turtlesim__rosidl_typesupport_fastrtps_c.dir/rosidl_typesupport_fastrtps_c/turtlesim/srv/detail/teleport_relative__type_support_c.cpp.o[0m
[8.921s] [ 64%] [32mBuilding CXX object CMakeFiles/turtlesim__rosidl_typesupport_fastrtps_c.dir/rosidl_typesupport_fastrtps_c/turtlesim/srv/detail/teleport_absolute__type_support_c.cpp.o[0m
[9.074s] [ 65%] [34m[1mGenerating include/turtlesim/moc_turtle_frame.cpp[0m
[9.197s] [ 66%] [32m[1mLinking CXX shared library libturtlesim__rosidl_typesupport_introspection_cpp.so[0m
[9.272s] [ 67%] [32mBuilding CXX object CMakeFiles/turtlesim__rosidl_typesupport_fastrtps_cpp.dir/rosidl_typesupport_fastrtps_cpp/turtlesim/srv/detail/dds_fastrtps/set_pen__type_support.cpp.o[0m
[9.281s] [ 68%] [32mBuilding CXX object CMakeFiles/turtlesim_node.dir/src/turtlesim.cpp.o[0m
[9.445s] [ 69%] [32mBuilding CXX object CMakeFiles/turtlesim__rosidl_typesupport_fastrtps_cpp.dir/rosidl_typesupport_fastrtps_cpp/turtlesim/srv/detail/dds_fastrtps/spawn__type_support.cpp.o[0m
[9.463s] [ 70%] [32mBuilding CXX object CMakeFiles/turtlesim__rosidl_typesupport_fastrtps_cpp.dir/rosidl_typesupport_fastrtps_cpp/turtlesim/srv/detail/dds_fastrtps/teleport_absolute__type_support.cpp.o[0m
[9.466s] [ 70%] Built target turtlesim__rosidl_typesupport_introspection_cpp
[9.514s] [ 71%] [32mBuilding CXX object CMakeFiles/turtle_teleop_key.dir/tutorials/teleop_turtle_key.cpp.o[0m
[9.554s] [ 72%] [32mBuilding CXX object CMakeFiles/draw_square.dir/tutorials/draw_square.cpp.o[0m
[9.591s] [ 73%] [32m[1mLinking CXX shared library libturtlesim__rosidl_typesupport_fastrtps_c.so[0m
[9.596s] [ 74%] [32mBuilding CXX object CMakeFiles/mimic.dir/tutorials/mimic.cpp.o[0m
[9.782s] [ 74%] Built target turtlesim__rosidl_typesupport_fastrtps_c
[9.797s] [ 75%] [32mBuilding CXX object CMakeFiles/turtlesim__rosidl_typesupport_fastrtps_cpp.dir/rosidl_typesupport_fastrtps_cpp/turtlesim/srv/detail/dds_fastrtps/teleport_relative__type_support.cpp.o[0m
[10.096s] [ 76%] [32mBuilding CXX object CMakeFiles/turtlesim_node.dir/src/turtle.cpp.o[0m
[10.249s] [ 77%] [32mBuilding CXX object CMakeFiles/turtlesim_node.dir/src/turtle_frame.cpp.o[0m
[10.273s] [ 78%] [32mBuilding CXX object CMakeFiles/turtlesim_node.dir/include/turtlesim/moc_turtle_frame.cpp.o[0m
[10.626s] [ 79%] [32m[1mLinking CXX shared library libturtlesim__rosidl_typesupport_fastrtps_cpp.so[0m
[10.901s] [ 79%] Built target turtlesim__rosidl_typesupport_fastrtps_cpp
[10.941s] [ 79%] Built target turtlesim
[10.989s] [ 80%] [34m[1mGenerating Python code for ROS interfaces[0m
[17.134s] [ 80%] Built target turtlesim__py
[17.237s] [ 81%] [32mBuilding C object CMakeFiles/turtlesim__rosidl_generator_py.dir/rosidl_generator_py/turtlesim/action/_rotate_absolute_s.c.o[0m
[18.076s] [ 82%] [32mBuilding C object CMakeFiles/turtlesim__rosidl_generator_py.dir/rosidl_generator_py/turtlesim/msg/_color_s.c.o[0m
[18.407s] [ 83%] [32mBuilding C object CMakeFiles/turtlesim__rosidl_generator_py.dir/rosidl_generator_py/turtlesim/msg/_pose_s.c.o[0m
[18.874s] [ 84%] [32mBuilding C object CMakeFiles/turtlesim__rosidl_generator_py.dir/rosidl_generator_py/turtlesim/srv/_kill_s.c.o[0m
[19.172s] [ 85%] [32mBuilding C object CMakeFiles/turtlesim__rosidl_generator_py.dir/rosidl_generator_py/turtlesim/srv/_set_pen_s.c.o[0m
[19.476s] [ 86%] [32mBuilding C object CMakeFiles/turtlesim__rosidl_generator_py.dir/rosidl_generator_py/turtlesim/srv/_spawn_s.c.o[0m
[19.719s] [ 87%] [32mBuilding C object CMakeFiles/turtlesim__rosidl_generator_py.dir/rosidl_generator_py/turtlesim/srv/_teleport_absolute_s.c.o[0m
[19.953s] [ 88%] [32mBuilding C object CMakeFiles/turtlesim__rosidl_generator_py.dir/rosidl_generator_py/turtlesim/srv/_teleport_relative_s.c.o[0m
[20.216s] [ 89%] [32m[1mLinking C shared library rosidl_generator_py/turtlesim/libturtlesim__rosidl_generator_py.so[0m
[20.429s] [ 89%] Built target turtlesim__rosidl_generator_py
[20.494s] [ 90%] [32mBuilding C object CMakeFiles/turtlesim__rosidl_typesupport_fastrtps_c__pyext.dir/rosidl_generator_py/turtlesim/_turtlesim_s.ep.rosidl_typesupport_fastrtps_c.c.o[0m
[20.567s] [ 91%] [32mBuilding C object CMakeFiles/turtlesim__rosidl_typesupport_introspection_c__pyext.dir/rosidl_generator_py/turtlesim/_turtlesim_s.ep.rosidl_typesupport_introspection_c.c.o[0m
[20.852s] [ 92%] [32m[1mLinking C shared library rosidl_generator_py/turtlesim/turtlesim_s__rosidl_typesupport_fastrtps_c.cpython-310-x86_64-linux-gnu.so[0m
[20.933s] [ 93%] [32m[1mLinking C shared library rosidl_generator_py/turtlesim/turtlesim_s__rosidl_typesupport_introspection_c.cpython-310-x86_64-linux-gnu.so[0m
[21.004s] [ 93%] Built target turtlesim__rosidl_typesupport_fastrtps_c__pyext
[21.076s] [ 93%] Built target turtlesim__rosidl_typesupport_introspection_c__pyext
[21.090s] [ 94%] [32mBuilding C object CMakeFiles/turtlesim__rosidl_typesupport_c__pyext.dir/rosidl_generator_py/turtlesim/_turtlesim_s.ep.rosidl_typesupport_c.c.o[0m
[21.413s] [ 95%] [32m[1mLinking C shared library rosidl_generator_py/turtlesim/turtlesim_s__rosidl_typesupport_c.cpython-310-x86_64-linux-gnu.so[0m
[21.485s] [ 95%] Built target turtlesim__rosidl_typesupport_c__pyext
[23.692s] [ 96%] [32m[1mLinking CXX executable turtle_teleop_key[0m
[24.497s] [ 96%] Built target turtle_teleop_key
[27.164s] [ 97%] [32m[1mLinking CXX executable mimic[0m
[27.811s] [ 98%] [32m[1mLinking CXX executable draw_square[0m
[27.982s] [ 98%] Built target mimic
[28.626s] [ 98%] Built target draw_square
[32.350s] [100%] [32m[1mLinking CXX executable turtlesim_node[0m
[35.267s] [100%] Built target turtlesim_node
[35.402s] Invoked command in '/home/stinky/Documents/ros2_ws/build/turtlesim' returned '0': CMAKE_PREFIX_PATH=/opt/ros/humble /usr/bin/cmake --build /home/stinky/Documents/ros2_ws/build/turtlesim -- -j8 -l8
[35.743s] Invoking command in '/home/stinky/Documents/ros2_ws/build/turtlesim': CMAKE_PREFIX_PATH=/opt/ros/humble /usr/bin/cmake --install /home/stinky/Documents/ros2_ws/build/turtlesim
[35.753s] -- Install configuration: ""
[35.754s] -- Installing: /home/stinky/Documents/ros2_ws/install/turtlesim/share/ament_index/resource_index/rosidl_interfaces/turtlesim
[35.755s] -- Installing: /home/stinky/Documents/ros2_ws/install/turtlesim/include/turtlesim/turtlesim
[35.755s] -- Installing: /home/stinky/Documents/ros2_ws/install/turtlesim/include/turtlesim/turtlesim/srv
[35.755s] -- Installing: /home/stinky/Documents/ros2_ws/install/turtlesim/include/turtlesim/turtlesim/srv/detail
[35.755s] -- Installing: /home/stinky/Documents/ros2_ws/install/turtlesim/include/turtlesim/turtlesim/srv/detail/teleport_absolute__type_support.h
[35.755s] -- Installing: /home/stinky/Documents/ros2_ws/install/turtlesim/include/turtlesim/turtlesim/srv/detail/spawn__type_support.h
[35.755s] -- Installing: /home/stinky/Documents/ros2_ws/install/turtlesim/include/turtlesim/turtlesim/srv/detail/spawn__functions.h
[35.755s] -- Installing: /home/stinky/Documents/ros2_ws/install/turtlesim/include/turtlesim/turtlesim/srv/detail/spawn__struct.h
[35.756s] -- Installing: /home/stinky/Documents/ros2_ws/install/turtlesim/include/turtlesim/turtlesim/srv/detail/kill__functions.c
[35.756s] -- Installing: /home/stinky/Documents/ros2_ws/install/turtlesim/include/turtlesim/turtlesim/srv/detail/set_pen__functions.h
[35.756s] -- Installing: /home/stinky/Documents/ros2_ws/install/turtlesim/include/turtlesim/turtlesim/srv/detail/spawn__functions.c
[35.756s] -- Installing: /home/stinky/Documents/ros2_ws/install/turtlesim/include/turtlesim/turtlesim/srv/detail/kill__struct.h
[35.756s] -- Installing: /home/stinky/Documents/ros2_ws/install/turtlesim/include/turtlesim/turtlesim/srv/detail/teleport_relative__type_support.h
[35.756s] -- Installing: /home/stinky/Documents/ros2_ws/install/turtlesim/include/turtlesim/turtlesim/srv/detail/teleport_relative__struct.h
[35.757s] -- Installing: /home/stinky/Documents/ros2_ws/install/turtlesim/include/turtlesim/turtlesim/srv/detail/teleport_absolute__functions.h
[35.757s] -- Installing: /home/stinky/Documents/ros2_ws/install/turtlesim/include/turtlesim/turtlesim/srv/detail/teleport_relative__functions.h
[35.757s] -- Installing: /home/stinky/Documents/ros2_ws/install/turtlesim/include/turtlesim/turtlesim/srv/detail/teleport_relative__functions.c
[35.757s] -- Installing: /home/stinky/Documents/ros2_ws/install/turtlesim/include/turtlesim/turtlesim/srv/detail/set_pen__functions.c
[35.758s] -- Installing: /home/stinky/Documents/ros2_ws/install/turtlesim/include/turtlesim/turtlesim/srv/detail/teleport_absolute__functions.c
[35.758s] -- Installing: /home/stinky/Documents/ros2_ws/install/turtlesim/include/turtlesim/turtlesim/srv/detail/set_pen__struct.h
[35.758s] -- Installing: /home/stinky/Documents/ros2_ws/install/turtlesim/include/turtlesim/turtlesim/srv/detail/teleport_absolute__struct.h
[35.758s] -- Installing: /home/stinky/Documents/ros2_ws/install/turtlesim/include/turtlesim/turtlesim/srv/detail/kill__type_support.h
[35.758s] -- Installing: /home/stinky/Documents/ros2_ws/install/turtlesim/include/turtlesim/turtlesim/srv/detail/set_pen__type_support.h
[35.759s] -- Installing: /home/stinky/Documents/ros2_ws/install/turtlesim/include/turtlesim/turtlesim/srv/detail/kill__functions.h
[35.759s] -- Installing: /home/stinky/Documents/ros2_ws/install/turtlesim/include/turtlesim/turtlesim/srv/set_pen.h
[35.759s] -- Installing: /home/stinky/Documents/ros2_ws/install/turtlesim/include/turtlesim/turtlesim/srv/teleport_relative.h
[35.759s] -- Installing: /home/stinky/Documents/ros2_ws/install/turtlesim/include/turtlesim/turtlesim/srv/kill.h
[35.759s] -- Installing: /home/stinky/Documents/ros2_ws/install/turtlesim/include/turtlesim/turtlesim/srv/teleport_absolute.h
[35.760s] -- Installing: /home/stinky/Documents/ros2_ws/install/turtlesim/include/turtlesim/turtlesim/srv/spawn.h
[35.760s] -- Installing: /home/stinky/Documents/ros2_ws/install/turtlesim/include/turtlesim/turtlesim/msg
[35.760s] -- Installing: /home/stinky/Documents/ros2_ws/install/turtlesim/include/turtlesim/turtlesim/msg/detail
[35.760s] -- Installing: /home/stinky/Documents/ros2_ws/install/turtlesim/include/turtlesim/turtlesim/msg/detail/pose__struct.h
[35.760s] -- Installing: /home/stinky/Documents/ros2_ws/install/turtlesim/include/turtlesim/turtlesim/msg/detail/color__struct.h
[35.760s] -- Installing: /home/stinky/Documents/ros2_ws/install/turtlesim/include/turtlesim/turtlesim/msg/detail/color__functions.h
[35.761s] -- Installing: /home/stinky/Documents/ros2_ws/install/turtlesim/include/turtlesim/turtlesim/msg/detail/pose__functions.c
[35.761s] -- Installing: /home/stinky/Documents/ros2_ws/install/turtlesim/include/turtlesim/turtlesim/msg/detail/color__type_support.h
[35.761s] -- Installing: /home/stinky/Documents/ros2_ws/install/turtlesim/include/turtlesim/turtlesim/msg/detail/pose__type_support.h
[35.761s] -- Installing: /home/stinky/Documents/ros2_ws/install/turtlesim/include/turtlesim/turtlesim/msg/detail/color__functions.c
[35.761s] -- Installing: /home/stinky/Documents/ros2_ws/install/turtlesim/include/turtlesim/turtlesim/msg/detail/pose__functions.h
[35.761s] -- Installing: /home/stinky/Documents/ros2_ws/install/turtlesim/include/turtlesim/turtlesim/msg/pose.h
[35.762s] -- Installing: /home/stinky/Documents/ros2_ws/install/turtlesim/include/turtlesim/turtlesim/msg/color.h
[35.762s] -- Installing: /home/stinky/Documents/ros2_ws/install/turtlesim/include/turtlesim/turtlesim/msg/rosidl_generator_c__visibility_control.h
[35.762s] -- Installing: /home/stinky/Documents/ros2_ws/install/turtlesim/include/turtlesim/turtlesim/action
[35.762s] -- Installing: /home/stinky/Documents/ros2_ws/install/turtlesim/include/turtlesim/turtlesim/action/detail
[35.762s] -- Installing: /home/stinky/Documents/ros2_ws/install/turtlesim/include/turtlesim/turtlesim/action/detail/rotate_absolute__type_support.h
[35.763s] -- Installing: /home/stinky/Documents/ros2_ws/install/turtlesim/include/turtlesim/turtlesim/action/detail/rotate_absolute__struct.h
[35.763s] -- Installing: /home/stinky/Documents/ros2_ws/install/turtlesim/include/turtlesim/turtlesim/action/detail/rotate_absolute__functions.c
[35.763s] -- Installing: /home/stinky/Documents/ros2_ws/install/turtlesim/include/turtlesim/turtlesim/action/detail/rotate_absolute__functions.h
[35.763s] -- Installing: /home/stinky/Documents/ros2_ws/install/turtlesim/include/turtlesim/turtlesim/action/rotate_absolute.h
[35.764s] -- Installing: /home/stinky/Documents/ros2_ws/install/turtlesim/share/turtlesim/environment/library_path.sh
[35.765s] -- Installing: /home/stinky/Documents/ros2_ws/install/turtlesim/share/turtlesim/environment/library_path.dsv
[35.765s] -- Installing: /home/stinky/Documents/ros2_ws/install/turtlesim/lib/libturtlesim__rosidl_generator_c.so
[35.766s] -- Set runtime path of "/home/stinky/Documents/ros2_ws/install/turtlesim/lib/libturtlesim__rosidl_generator_c.so" to ""
[35.766s] -- Up-to-date: /home/stinky/Documents/ros2_ws/install/turtlesim/include/turtlesim/turtlesim
[35.767s] -- Up-to-date: /home/stinky/Documents/ros2_ws/install/turtlesim/include/turtlesim/turtlesim/srv
[35.767s] -- Up-to-date: /home/stinky/Documents/ros2_ws/install/turtlesim/include/turtlesim/turtlesim/srv/detail
[35.767s] -- Installing: /home/stinky/Documents/ros2_ws/install/turtlesim/include/turtlesim/turtlesim/srv/detail/teleport_relative__rosidl_typesupport_fastrtps_c.h
[35.767s] -- Installing: /home/stinky/Documents/ros2_ws/install/turtlesim/include/turtlesim/turtlesim/srv/detail/kill__rosidl_typesupport_fastrtps_c.h
[35.767s] -- Installing: /home/stinky/Documents/ros2_ws/install/turtlesim/include/turtlesim/turtlesim/srv/detail/set_pen__rosidl_typesupport_fastrtps_c.h
[35.768s] -- Installing: /home/stinky/Documents/ros2_ws/install/turtlesim/include/turtlesim/turtlesim/srv/detail/spawn__rosidl_typesupport_fastrtps_c.h
[35.768s] -- Installing: /home/stinky/Documents/ros2_ws/install/turtlesim/include/turtlesim/turtlesim/srv/detail/teleport_absolute__rosidl_typesupport_fastrtps_c.h
[35.768s] -- Up-to-date: /home/stinky/Documents/ros2_ws/install/turtlesim/include/turtlesim/turtlesim/msg
[35.769s] -- Up-to-date: /home/stinky/Documents/ros2_ws/install/turtlesim/include/turtlesim/turtlesim/msg/detail
[35.769s] -- Installing: /home/stinky/Documents/ros2_ws/install/turtlesim/include/turtlesim/turtlesim/msg/detail/color__rosidl_typesupport_fastrtps_c.h
[35.769s] -- Installing: /home/stinky/Documents/ros2_ws/install/turtlesim/include/turtlesim/turtlesim/msg/detail/pose__rosidl_typesupport_fastrtps_c.h
[35.769s] -- Installing: /home/stinky/Documents/ros2_ws/install/turtlesim/include/turtlesim/turtlesim/msg/rosidl_typesupport_fastrtps_c__visibility_control.h
[35.769s] -- Up-to-date: /home/stinky/Documents/ros2_ws/install/turtlesim/include/turtlesim/turtlesim/action
[35.769s] -- Up-to-date: /home/stinky/Documents/ros2_ws/install/turtlesim/include/turtlesim/turtlesim/action/detail
[35.770s] -- Installing: /home/stinky/Documents/ros2_ws/install/turtlesim/include/turtlesim/turtlesim/action/detail/rotate_absolute__rosidl_typesupport_fastrtps_c.h
[35.770s] -- Installing: /home/stinky/Documents/ros2_ws/install/turtlesim/lib/libturtlesim__rosidl_typesupport_fastrtps_c.so
[35.771s] -- Set runtime path of "/home/stinky/Documents/ros2_ws/install/turtlesim/lib/libturtlesim__rosidl_typesupport_fastrtps_c.so" to ""
[35.771s] -- Up-to-date: /home/stinky/Documents/ros2_ws/install/turtlesim/include/turtlesim/turtlesim
[35.771s] -- Up-to-date: /home/stinky/Documents/ros2_ws/install/turtlesim/include/turtlesim/turtlesim/srv
[35.771s] -- Up-to-date: /home/stinky/Documents/ros2_ws/install/turtlesim/include/turtlesim/turtlesim/srv/detail
[35.772s] -- Installing: /home/stinky/Documents/ros2_ws/install/turtlesim/include/turtlesim/turtlesim/srv/detail/spawn__builder.hpp
[35.772s] -- Installing: /home/stinky/Documents/ros2_ws/install/turtlesim/include/turtlesim/turtlesim/srv/detail/teleport_absolute__traits.hpp
[35.772s] -- Installing: /home/stinky/Documents/ros2_ws/install/turtlesim/include/turtlesim/turtlesim/srv/detail/teleport_absolute__struct.hpp
[35.772s] -- Installing: /home/stinky/Documents/ros2_ws/install/turtlesim/include/turtlesim/turtlesim/srv/detail/set_pen__builder.hpp
[35.772s] -- Installing: /home/stinky/Documents/ros2_ws/install/turtlesim/include/turtlesim/turtlesim/srv/detail/kill__traits.hpp
[35.772s] -- Installing: /home/stinky/Documents/ros2_ws/install/turtlesim/include/turtlesim/turtlesim/srv/detail/kill__builder.hpp
[35.772s] -- Installing: /home/stinky/Documents/ros2_ws/install/turtlesim/include/turtlesim/turtlesim/srv/detail/teleport_relative__traits.hpp
[35.772s] -- Installing: /home/stinky/Documents/ros2_ws/install/turtlesim/include/turtlesim/turtlesim/srv/detail/set_pen__traits.hpp
[35.772s] -- Installing: /home/stinky/Documents/ros2_ws/install/turtlesim/include/turtlesim/turtlesim/srv/detail/kill__struct.hpp
[35.772s] -- Installing: /home/stinky/Documents/ros2_ws/install/turtlesim/include/turtlesim/turtlesim/srv/detail/set_pen__struct.hpp
[35.772s] -- Installing: /home/stinky/Documents/ros2_ws/install/turtlesim/include/turtlesim/turtlesim/srv/detail/teleport_relative__builder.hpp
[35.773s] -- Installing: /home/stinky/Documents/ros2_ws/install/turtlesim/include/turtlesim/turtlesim/srv/detail/spawn__struct.hpp
[35.773s] -- Installing: /home/stinky/Documents/ros2_ws/install/turtlesim/include/turtlesim/turtlesim/srv/detail/teleport_absolute__builder.hpp
[35.773s] -- Installing: /home/stinky/Documents/ros2_ws/install/turtlesim/include/turtlesim/turtlesim/srv/detail/spawn__traits.hpp
[35.773s] -- Installing: /home/stinky/Documents/ros2_ws/install/turtlesim/include/turtlesim/turtlesim/srv/detail/teleport_relative__struct.hpp
[35.773s] -- Installing: /home/stinky/Documents/ros2_ws/install/turtlesim/include/turtlesim/turtlesim/srv/teleport_relative.hpp
[35.773s] -- Installing: /home/stinky/Documents/ros2_ws/install/turtlesim/include/turtlesim/turtlesim/srv/kill.hpp
[35.773s] -- Installing: /home/stinky/Documents/ros2_ws/install/turtlesim/include/turtlesim/turtlesim/srv/teleport_absolute.hpp
[35.773s] -- Installing: /home/stinky/Documents/ros2_ws/install/turtlesim/include/turtlesim/turtlesim/srv/set_pen.hpp
[35.773s] -- Installing: /home/stinky/Documents/ros2_ws/install/turtlesim/include/turtlesim/turtlesim/srv/spawn.hpp
[35.774s] -- Up-to-date: /home/stinky/Documents/ros2_ws/install/turtlesim/include/turtlesim/turtlesim/msg
[35.774s] -- Up-to-date: /home/stinky/Documents/ros2_ws/install/turtlesim/include/turtlesim/turtlesim/msg/detail
[35.774s] -- Installing: /home/stinky/Documents/ros2_ws/install/turtlesim/include/turtlesim/turtlesim/msg/detail/pose__struct.hpp
[35.774s] -- Installing: /home/stinky/Documents/ros2_ws/install/turtlesim/include/turtlesim/turtlesim/msg/detail/pose__traits.hpp
[35.774s] -- Installing: /home/stinky/Documents/ros2_ws/install/turtlesim/include/turtlesim/turtlesim/msg/detail/color__struct.hpp
[35.774s] -- Installing: /home/stinky/Documents/ros2_ws/install/turtlesim/include/turtlesim/turtlesim/msg/detail/color__builder.hpp
[35.774s] -- Installing: /home/stinky/Documents/ros2_ws/install/turtlesim/include/turtlesim/turtlesim/msg/detail/pose__builder.hpp
[35.774s] -- Installing: /home/stinky/Documents/ros2_ws/install/turtlesim/include/turtlesim/turtlesim/msg/detail/color__traits.hpp
[35.774s] -- Installing: /home/stinky/Documents/ros2_ws/install/turtlesim/include/turtlesim/turtlesim/msg/color.hpp
[35.774s] -- Installing: /home/stinky/Documents/ros2_ws/install/turtlesim/include/turtlesim/turtlesim/msg/pose.hpp
[35.774s] -- Up-to-date: /home/stinky/Documents/ros2_ws/install/turtlesim/include/turtlesim/turtlesim/action
[35.775s] -- Up-to-date: /home/stinky/Documents/ros2_ws/install/turtlesim/include/turtlesim/turtlesim/action/detail
[35.775s] -- Installing: /home/stinky/Documents/ros2_ws/install/turtlesim/include/turtlesim/turtlesim/action/detail/rotate_absolute__builder.hpp
[35.775s] -- Installing: /home/stinky/Documents/ros2_ws/install/turtlesim/include/turtlesim/turtlesim/action/detail/rotate_absolute__struct.hpp
[35.775s] -- Installing: /home/stinky/Documents/ros2_ws/install/turtlesim/include/turtlesim/turtlesim/action/detail/rotate_absolute__traits.hpp
[35.775s] -- Installing: /home/stinky/Documents/ros2_ws/install/turtlesim/include/turtlesim/turtlesim/action/rotate_absolute.hpp
[35.775s] -- Up-to-date: /home/stinky/Documents/ros2_ws/install/turtlesim/include/turtlesim/turtlesim
[35.776s] -- Up-to-date: /home/stinky/Documents/ros2_ws/install/turtlesim/include/turtlesim/turtlesim/srv
[35.776s] -- Up-to-date: /home/stinky/Documents/ros2_ws/install/turtlesim/include/turtlesim/turtlesim/srv/detail
[35.776s] -- Installing: /home/stinky/Documents/ros2_ws/install/turtlesim/include/turtlesim/turtlesim/srv/detail/kill__rosidl_typesupport_fastrtps_cpp.hpp
[35.776s] -- Installing: /home/stinky/Documents/ros2_ws/install/turtlesim/include/turtlesim/turtlesim/srv/detail/teleport_absolute__rosidl_typesupport_fastrtps_cpp.hpp
[35.776s] -- Installing: /home/stinky/Documents/ros2_ws/install/turtlesim/include/turtlesim/turtlesim/srv/detail/dds_fastrtps
[35.776s] -- Installing: /home/stinky/Documents/ros2_ws/install/turtlesim/include/turtlesim/turtlesim/srv/detail/set_pen__rosidl_typesupport_fastrtps_cpp.hpp
[35.777s] -- Installing: /home/stinky/Documents/ros2_ws/install/turtlesim/include/turtlesim/turtlesim/srv/detail/teleport_relative__rosidl_typesupport_fastrtps_cpp.hpp
[35.777s] -- Installing: /home/stinky/Documents/ros2_ws/install/turtlesim/include/turtlesim/turtlesim/srv/detail/spawn__rosidl_typesupport_fastrtps_cpp.hpp
[35.777s] -- Up-to-date: /home/stinky/Documents/ros2_ws/install/turtlesim/include/turtlesim/turtlesim/msg
[35.778s] -- Up-to-date: /home/stinky/Documents/ros2_ws/install/turtlesim/include/turtlesim/turtlesim/msg/detail
[35.778s] -- Installing: /home/stinky/Documents/ros2_ws/install/turtlesim/include/turtlesim/turtlesim/msg/detail/dds_fastrtps
[35.778s] -- Installing: /home/stinky/Documents/ros2_ws/install/turtlesim/include/turtlesim/turtlesim/msg/detail/pose__rosidl_typesupport_fastrtps_cpp.hpp
[35.778s] -- Installing: /home/stinky/Documents/ros2_ws/install/turtlesim/include/turtlesim/turtlesim/msg/detail/color__rosidl_typesupport_fastrtps_cpp.hpp
[35.779s] -- Installing: /home/stinky/Documents/ros2_ws/install/turtlesim/include/turtlesim/turtlesim/msg/rosidl_typesupport_fastrtps_cpp__visibility_control.h
[35.779s] -- Up-to-date: /home/stinky/Documents/ros2_ws/install/turtlesim/include/turtlesim/turtlesim/action
[35.779s] -- Up-to-date: /home/stinky/Documents/ros2_ws/install/turtlesim/include/turtlesim/turtlesim/action/detail
[35.779s] -- Installing: /home/stinky/Documents/ros2_ws/install/turtlesim/include/turtlesim/turtlesim/action/detail/dds_fastrtps
[35.779s] -- Installing: /home/stinky/Documents/ros2_ws/install/turtlesim/include/turtlesim/turtlesim/action/detail/rotate_absolute__rosidl_typesupport_fastrtps_cpp.hpp
[35.780s] -- Installing: /home/stinky/Documents/ros2_ws/install/turtlesim/lib/libturtlesim__rosidl_typesupport_fastrtps_cpp.so
[35.781s] -- Set runtime path of "/home/stinky/Documents/ros2_ws/install/turtlesim/lib/libturtlesim__rosidl_typesupport_fastrtps_cpp.so" to ""
[35.782s] -- Up-to-date: /home/stinky/Documents/ros2_ws/install/turtlesim/include/turtlesim/turtlesim
[35.782s] -- Up-to-date: /home/stinky/Documents/ros2_ws/install/turtlesim/include/turtlesim/turtlesim/srv
[35.782s] -- Up-to-date: /home/stinky/Documents/ros2_ws/install/turtlesim/include/turtlesim/turtlesim/srv/detail
[35.782s] -- Installing: /home/stinky/Documents/ros2_ws/install/turtlesim/include/turtlesim/turtlesim/srv/detail/spawn__rosidl_typesupport_introspection_c.h
[35.782s] -- Installing: /home/stinky/Documents/ros2_ws/install/turtlesim/include/turtlesim/turtlesim/srv/detail/kill__rosidl_typesupport_introspection_c.h
[35.783s] -- Installing: /home/stinky/Documents/ros2_ws/install/turtlesim/include/turtlesim/turtlesim/srv/detail/set_pen__rosidl_typesupport_introspection_c.h
[35.783s] -- Installing: /home/stinky/Documents/ros2_ws/install/turtlesim/include/turtlesim/turtlesim/srv/detail/teleport_absolute__rosidl_typesupport_introspection_c.h
[35.783s] -- Installing: /home/stinky/Documents/ros2_ws/install/turtlesim/include/turtlesim/turtlesim/srv/detail/teleport_relative__rosidl_typesupport_introspection_c.h
[35.783s] -- Installing: /home/stinky/Documents/ros2_ws/install/turtlesim/include/turtlesim/turtlesim/srv/detail/teleport_relative__type_support.c
[35.784s] -- Installing: /home/stinky/Documents/ros2_ws/install/turtlesim/include/turtlesim/turtlesim/srv/detail/set_pen__type_support.c
[35.784s] -- Installing: /home/stinky/Documents/ros2_ws/install/turtlesim/include/turtlesim/turtlesim/srv/detail/teleport_absolute__type_support.c
[35.784s] -- Installing: /home/stinky/Documents/ros2_ws/install/turtlesim/include/turtlesim/turtlesim/srv/detail/spawn__type_support.c
[35.785s] -- Installing: /home/stinky/Documents/ros2_ws/install/turtlesim/include/turtlesim/turtlesim/srv/detail/kill__type_support.c
[35.785s] -- Up-to-date: /home/stinky/Documents/ros2_ws/install/turtlesim/include/turtlesim/turtlesim/msg
[35.785s] -- Up-to-date: /home/stinky/Documents/ros2_ws/install/turtlesim/include/turtlesim/turtlesim/msg/detail
[35.786s] -- Installing: /home/stinky/Documents/ros2_ws/install/turtlesim/include/turtlesim/turtlesim/msg/detail/color__rosidl_typesupport_introspection_c.h
[35.786s] -- Installing: /home/stinky/Documents/ros2_ws/install/turtlesim/include/turtlesim/turtlesim/msg/detail/pose__rosidl_typesupport_introspection_c.h
[35.786s] -- Installing: /home/stinky/Documents/ros2_ws/install/turtlesim/include/turtlesim/turtlesim/msg/detail/pose__type_support.c
[35.786s] -- Installing: /home/stinky/Documents/ros2_ws/install/turtlesim/include/turtlesim/turtlesim/msg/detail/color__type_support.c
[35.787s] -- Installing: /home/stinky/Documents/ros2_ws/install/turtlesim/include/turtlesim/turtlesim/msg/rosidl_typesupport_introspection_c__visibility_control.h
[35.787s] -- Up-to-date: /home/stinky/Documents/ros2_ws/install/turtlesim/include/turtlesim/turtlesim/action
[35.787s] -- Up-to-date: /home/stinky/Documents/ros2_ws/install/turtlesim/include/turtlesim/turtlesim/action/detail
[35.787s] -- Installing: /home/stinky/Documents/ros2_ws/install/turtlesim/include/turtlesim/turtlesim/action/detail/rotate_absolute__type_support.c
[35.788s] -- Installing: /home/stinky/Documents/ros2_ws/install/turtlesim/include/turtlesim/turtlesim/action/detail/rotate_absolute__rosidl_typesupport_introspection_c.h
[35.788s] -- Installing: /home/stinky/Documents/ros2_ws/install/turtlesim/lib/libturtlesim__rosidl_typesupport_introspection_c.so
[35.789s] -- Set runtime path of "/home/stinky/Documents/ros2_ws/install/turtlesim/lib/libturtlesim__rosidl_typesupport_introspection_c.so" to ""
[35.789s] -- Installing: /home/stinky/Documents/ros2_ws/install/turtlesim/lib/libturtlesim__rosidl_typesupport_c.so
[35.790s] -- Set runtime path of "/home/stinky/Documents/ros2_ws/install/turtlesim/lib/libturtlesim__rosidl_typesupport_c.so" to ""
[35.790s] -- Up-to-date: /home/stinky/Documents/ros2_ws/install/turtlesim/include/turtlesim/turtlesim
[35.790s] -- Up-to-date: /home/stinky/Documents/ros2_ws/install/turtlesim/include/turtlesim/turtlesim/srv
[35.790s] -- Up-to-date: /home/stinky/Documents/ros2_ws/install/turtlesim/include/turtlesim/turtlesim/srv/detail
[35.791s] -- Installing: /home/stinky/Documents/ros2_ws/install/turtlesim/include/turtlesim/turtlesim/srv/detail/kill__rosidl_typesupport_introspection_cpp.hpp
[35.791s] -- Installing: /home/stinky/Documents/ros2_ws/install/turtlesim/include/turtlesim/turtlesim/srv/detail/spawn__rosidl_typesupport_introspection_cpp.hpp
[35.791s] -- Installing: /home/stinky/Documents/ros2_ws/install/turtlesim/include/turtlesim/turtlesim/srv/detail/teleport_relative__rosidl_typesupport_introspection_cpp.hpp
[35.791s] -- Installing: /home/stinky/Documents/ros2_ws/install/turtlesim/include/turtlesim/turtlesim/srv/detail/spawn__type_support.cpp
[35.791s] -- Installing: /home/stinky/Documents/ros2_ws/install/turtlesim/include/turtlesim/turtlesim/srv/detail/teleport_relative__type_support.cpp
[35.792s] -- Installing: /home/stinky/Documents/ros2_ws/install/turtlesim/include/turtlesim/turtlesim/srv/detail/kill__type_support.cpp
[35.792s] -- Installing: /home/stinky/Documents/ros2_ws/install/turtlesim/include/turtlesim/turtlesim/srv/detail/set_pen__type_support.cpp
[35.792s] -- Installing: /home/stinky/Documents/ros2_ws/install/turtlesim/include/turtlesim/turtlesim/srv/detail/teleport_absolute__type_support.cpp
[35.793s] -- Installing: /home/stinky/Documents/ros2_ws/install/turtlesim/include/turtlesim/turtlesim/srv/detail/set_pen__rosidl_typesupport_introspection_cpp.hpp
[35.793s] -- Installing: /home/stinky/Documents/ros2_ws/install/turtlesim/include/turtlesim/turtlesim/srv/detail/teleport_absolute__rosidl_typesupport_introspection_cpp.hpp
[35.793s] -- Up-to-date: /home/stinky/Documents/ros2_ws/install/turtlesim/include/turtlesim/turtlesim/msg
[35.794s] -- Up-to-date: /home/stinky/Documents/ros2_ws/install/turtlesim/include/turtlesim/turtlesim/msg/detail
[35.794s] -- Installing: /home/stinky/Documents/ros2_ws/install/turtlesim/include/turtlesim/turtlesim/msg/detail/color__rosidl_typesupport_introspection_cpp.hpp
[35.794s] -- Installing: /home/stinky/Documents/ros2_ws/install/turtlesim/include/turtlesim/turtlesim/msg/detail/pose__type_support.cpp
[35.794s] -- Installing: /home/stinky/Documents/ros2_ws/install/turtlesim/include/turtlesim/turtlesim/msg/detail/color__type_support.cpp
[35.794s] -- Installing: /home/stinky/Documents/ros2_ws/install/turtlesim/include/turtlesim/turtlesim/msg/detail/pose__rosidl_typesupport_introspection_cpp.hpp
[35.795s] -- Up-to-date: /home/stinky/Documents/ros2_ws/install/turtlesim/include/turtlesim/turtlesim/action
[35.795s] -- Up-to-date: /home/stinky/Documents/ros2_ws/install/turtlesim/include/turtlesim/turtlesim/action/detail
[35.795s] -- Installing: /home/stinky/Documents/ros2_ws/install/turtlesim/include/turtlesim/turtlesim/action/detail/rotate_absolute__type_support.cpp
[35.795s] -- Installing: /home/stinky/Documents/ros2_ws/install/turtlesim/include/turtlesim/turtlesim/action/detail/rotate_absolute__rosidl_typesupport_introspection_cpp.hpp
[35.796s] -- Installing: /home/stinky/Documents/ros2_ws/install/turtlesim/lib/libturtlesim__rosidl_typesupport_introspection_cpp.so
[35.797s] -- Set runtime path of "/home/stinky/Documents/ros2_ws/install/turtlesim/lib/libturtlesim__rosidl_typesupport_introspection_cpp.so" to ""
[35.798s] -- Installing: /home/stinky/Documents/ros2_ws/install/turtlesim/lib/libturtlesim__rosidl_typesupport_cpp.so
[35.798s] -- Set runtime path of "/home/stinky/Documents/ros2_ws/install/turtlesim/lib/libturtlesim__rosidl_typesupport_cpp.so" to ""
[35.799s] -- Installing: /home/stinky/Documents/ros2_ws/install/turtlesim/share/turtlesim/environment/pythonpath.sh
[35.799s] -- Installing: /home/stinky/Documents/ros2_ws/install/turtlesim/share/turtlesim/environment/pythonpath.dsv
[35.800s] -- Installing: /home/stinky/Documents/ros2_ws/install/turtlesim/local/lib/python3.10/dist-packages/turtlesim-1.4.2-py3.10.egg-info
[35.800s] -- Installing: /home/stinky/Documents/ros2_ws/install/turtlesim/local/lib/python3.10/dist-packages/turtlesim-1.4.2-py3.10.egg-info/dependency_links.txt
[35.800s] -- Installing: /home/stinky/Documents/ros2_ws/install/turtlesim/local/lib/python3.10/dist-packages/turtlesim-1.4.2-py3.10.egg-info/top_level.txt
[35.800s] -- Installing: /home/stinky/Documents/ros2_ws/install/turtlesim/local/lib/python3.10/dist-packages/turtlesim-1.4.2-py3.10.egg-info/PKG-INFO
[35.801s] -- Installing: /home/stinky/Documents/ros2_ws/install/turtlesim/local/lib/python3.10/dist-packages/turtlesim-1.4.2-py3.10.egg-info/SOURCES.txt
[35.801s] -- Installing: /home/stinky/Documents/ros2_ws/install/turtlesim/local/lib/python3.10/dist-packages/turtlesim
[35.801s] -- Installing: /home/stinky/Documents/ros2_ws/install/turtlesim/local/lib/python3.10/dist-packages/turtlesim/libturtlesim__rosidl_generator_py.so
[35.802s] -- Installing: /home/stinky/Documents/ros2_ws/install/turtlesim/local/lib/python3.10/dist-packages/turtlesim/turtlesim_s__rosidl_typesupport_c.cpython-310-x86_64-linux-gnu.so
[35.802s] -- Installing: /home/stinky/Documents/ros2_ws/install/turtlesim/local/lib/python3.10/dist-packages/turtlesim/srv
[35.802s] -- Installing: /home/stinky/Documents/ros2_ws/install/turtlesim/local/lib/python3.10/dist-packages/turtlesim/srv/_teleport_absolute_s.c
[35.802s] -- Installing: /home/stinky/Documents/ros2_ws/install/turtlesim/local/lib/python3.10/dist-packages/turtlesim/srv/_set_pen.py
[35.802s] -- Installing: /home/stinky/Documents/ros2_ws/install/turtlesim/local/lib/python3.10/dist-packages/turtlesim/srv/_kill.py
[35.803s] -- Installing: /home/stinky/Documents/ros2_ws/install/turtlesim/local/lib/python3.10/dist-packages/turtlesim/srv/_kill_s.c
[35.803s] -- Installing: /home/stinky/Documents/ros2_ws/install/turtlesim/local/lib/python3.10/dist-packages/turtlesim/srv/_teleport_relative.py
[35.803s] -- Installing: /home/stinky/Documents/ros2_ws/install/turtlesim/local/lib/python3.10/dist-packages/turtlesim/srv/_teleport_absolute.py
[35.803s] -- Installing: /home/stinky/Documents/ros2_ws/install/turtlesim/local/lib/python3.10/dist-packages/turtlesim/srv/__init__.py
[35.804s] -- Installing: /home/stinky/Documents/ros2_ws/install/turtlesim/local/lib/python3.10/dist-packages/turtlesim/srv/_spawn_s.c
[35.804s] -- Installing: /home/stinky/Documents/ros2_ws/install/turtlesim/local/lib/python3.10/dist-packages/turtlesim/srv/_set_pen_s.c
[35.804s] -- Installing: /home/stinky/Documents/ros2_ws/install/turtlesim/local/lib/python3.10/dist-packages/turtlesim/srv/_teleport_relative_s.c
[35.804s] -- Installing: /home/stinky/Documents/ros2_ws/install/turtlesim/local/lib/python3.10/dist-packages/turtlesim/srv/_spawn.py
[35.805s] -- Installing: /home/stinky/Documents/ros2_ws/install/turtlesim/local/lib/python3.10/dist-packages/turtlesim/_turtlesim_s.ep.rosidl_typesupport_introspection_c.c
[35.805s] -- Installing: /home/stinky/Documents/ros2_ws/install/turtlesim/local/lib/python3.10/dist-packages/turtlesim/msg
[35.805s] -- Installing: /home/stinky/Documents/ros2_ws/install/turtlesim/local/lib/python3.10/dist-packages/turtlesim/msg/_color.py
[35.805s] -- Installing: /home/stinky/Documents/ros2_ws/install/turtlesim/local/lib/python3.10/dist-packages/turtlesim/msg/_pose_s.c
[35.805s] -- Installing: /home/stinky/Documents/ros2_ws/install/turtlesim/local/lib/python3.10/dist-packages/turtlesim/msg/__init__.py
[35.806s] -- Installing: /home/stinky/Documents/ros2_ws/install/turtlesim/local/lib/python3.10/dist-packages/turtlesim/msg/_color_s.c
[35.806s] -- Installing: /home/stinky/Documents/ros2_ws/install/turtlesim/local/lib/python3.10/dist-packages/turtlesim/msg/_pose.py
[35.806s] -- Installing: /home/stinky/Documents/ros2_ws/install/turtlesim/local/lib/python3.10/dist-packages/turtlesim/turtlesim_s__rosidl_typesupport_fastrtps_c.cpython-310-x86_64-linux-gnu.so
[35.806s] -- Installing: /home/stinky/Documents/ros2_ws/install/turtlesim/local/lib/python3.10/dist-packages/turtlesim/_turtlesim_s.ep.rosidl_typesupport_fastrtps_c.c
[35.807s] -- Installing: /home/stinky/Documents/ros2_ws/install/turtlesim/local/lib/python3.10/dist-packages/turtlesim/__init__.py
[35.807s] -- Installing: /home/stinky/Documents/ros2_ws/install/turtlesim/local/lib/python3.10/dist-packages/turtlesim/_turtlesim_s.ep.rosidl_typesupport_c.c
[35.807s] -- Installing: /home/stinky/Documents/ros2_ws/install/turtlesim/local/lib/python3.10/dist-packages/turtlesim/turtlesim_s__rosidl_typesupport_introspection_c.cpython-310-x86_64-linux-gnu.so
[35.807s] -- Installing: /home/stinky/Documents/ros2_ws/install/turtlesim/local/lib/python3.10/dist-packages/turtlesim/action
[35.807s] -- Installing: /home/stinky/Documents/ros2_ws/install/turtlesim/local/lib/python3.10/dist-packages/turtlesim/action/_rotate_absolute_s.c
[35.808s] -- Installing: /home/stinky/Documents/ros2_ws/install/turtlesim/local/lib/python3.10/dist-packages/turtlesim/action/_rotate_absolute.py
[35.808s] -- Installing: /home/stinky/Documents/ros2_ws/install/turtlesim/local/lib/python3.10/dist-packages/turtlesim/action/__init__.py
[35.900s] Listing '/home/stinky/Documents/ros2_ws/install/turtlesim/local/lib/python3.10/dist-packages/turtlesim'...
[35.901s] Compiling '/home/stinky/Documents/ros2_ws/install/turtlesim/local/lib/python3.10/dist-packages/turtlesim/__init__.py'...
[35.901s] Listing '/home/stinky/Documents/ros2_ws/install/turtlesim/local/lib/python3.10/dist-packages/turtlesim/action'...
[35.901s] Compiling '/home/stinky/Documents/ros2_ws/install/turtlesim/local/lib/python3.10/dist-packages/turtlesim/action/__init__.py'...
[35.901s] Compiling '/home/stinky/Documents/ros2_ws/install/turtlesim/local/lib/python3.10/dist-packages/turtlesim/action/_rotate_absolute.py'...
[35.901s] Listing '/home/stinky/Documents/ros2_ws/install/turtlesim/local/lib/python3.10/dist-packages/turtlesim/msg'...
[35.902s] Compiling '/home/stinky/Documents/ros2_ws/install/turtlesim/local/lib/python3.10/dist-packages/turtlesim/msg/__init__.py'...
[35.902s] Compiling '/home/stinky/Documents/ros2_ws/install/turtlesim/local/lib/python3.10/dist-packages/turtlesim/msg/_color.py'...
[35.902s] Compiling '/home/stinky/Documents/ros2_ws/install/turtlesim/local/lib/python3.10/dist-packages/turtlesim/msg/_pose.py'...
[35.902s] Listing '/home/stinky/Documents/ros2_ws/install/turtlesim/local/lib/python3.10/dist-packages/turtlesim/srv'...
[35.902s] Compiling '/home/stinky/Documents/ros2_ws/install/turtlesim/local/lib/python3.10/dist-packages/turtlesim/srv/__init__.py'...
[35.902s] Compiling '/home/stinky/Documents/ros2_ws/install/turtlesim/local/lib/python3.10/dist-packages/turtlesim/srv/_kill.py'...
[35.902s] Compiling '/home/stinky/Documents/ros2_ws/install/turtlesim/local/lib/python3.10/dist-packages/turtlesim/srv/_set_pen.py'...
[35.903s] Compiling '/home/stinky/Documents/ros2_ws/install/turtlesim/local/lib/python3.10/dist-packages/turtlesim/srv/_spawn.py'...
[35.903s] Compiling '/home/stinky/Documents/ros2_ws/install/turtlesim/local/lib/python3.10/dist-packages/turtlesim/srv/_teleport_absolute.py'...
[35.903s] Compiling '/home/stinky/Documents/ros2_ws/install/turtlesim/local/lib/python3.10/dist-packages/turtlesim/srv/_teleport_relative.py'...
[35.907s] -- Installing: /home/stinky/Documents/ros2_ws/install/turtlesim/local/lib/python3.10/dist-packages/turtlesim/turtlesim_s__rosidl_typesupport_fastrtps_c.cpython-310-x86_64-linux-gnu.so
[35.907s] -- Set runtime path of "/home/stinky/Documents/ros2_ws/install/turtlesim/local/lib/python3.10/dist-packages/turtlesim/turtlesim_s__rosidl_typesupport_fastrtps_c.cpython-310-x86_64-linux-gnu.so" to ""
[35.908s] -- Installing: /home/stinky/Documents/ros2_ws/install/turtlesim/local/lib/python3.10/dist-packages/turtlesim/turtlesim_s__rosidl_typesupport_introspection_c.cpython-310-x86_64-linux-gnu.so
[35.909s] -- Set runtime path of "/home/stinky/Documents/ros2_ws/install/turtlesim/local/lib/python3.10/dist-packages/turtlesim/turtlesim_s__rosidl_typesupport_introspection_c.cpython-310-x86_64-linux-gnu.so" to ""
[35.909s] -- Installing: /home/stinky/Documents/ros2_ws/install/turtlesim/local/lib/python3.10/dist-packages/turtlesim/turtlesim_s__rosidl_typesupport_c.cpython-310-x86_64-linux-gnu.so
[35.910s] -- Set runtime path of "/home/stinky/Documents/ros2_ws/install/turtlesim/local/lib/python3.10/dist-packages/turtlesim/turtlesim_s__rosidl_typesupport_c.cpython-310-x86_64-linux-gnu.so" to ""
[35.911s] -- Installing: /home/stinky/Documents/ros2_ws/install/turtlesim/lib/libturtlesim__rosidl_generator_py.so
[35.911s] -- Set runtime path of "/home/stinky/Documents/ros2_ws/install/turtlesim/lib/libturtlesim__rosidl_generator_py.so" to ""
[35.912s] -- Installing: /home/stinky/Documents/ros2_ws/install/turtlesim/share/turtlesim/action/RotateAbsolute.idl
[35.913s] -- Installing: /home/stinky/Documents/ros2_ws/install/turtlesim/share/turtlesim/msg/Color.idl
[35.913s] -- Installing: /home/stinky/Documents/ros2_ws/install/turtlesim/share/turtlesim/msg/Pose.idl
[35.913s] -- Installing: /home/stinky/Documents/ros2_ws/install/turtlesim/share/turtlesim/srv/Kill.idl
[35.914s] -- Installing: /home/stinky/Documents/ros2_ws/install/turtlesim/share/turtlesim/srv/SetPen.idl
[35.914s] -- Installing: /home/stinky/Documents/ros2_ws/install/turtlesim/share/turtlesim/srv/Spawn.idl
[35.914s] -- Installing: /home/stinky/Documents/ros2_ws/install/turtlesim/share/turtlesim/srv/TeleportAbsolute.idl
[35.915s] -- Installing: /home/stinky/Documents/ros2_ws/install/turtlesim/share/turtlesim/srv/TeleportRelative.idl
[35.915s] -- Installing: /home/stinky/Documents/ros2_ws/install/turtlesim/share/turtlesim/action/RotateAbsolute.action
[35.916s] -- Installing: /home/stinky/Documents/ros2_ws/install/turtlesim/share/turtlesim/msg/Color.msg
[35.916s] -- Installing: /home/stinky/Documents/ros2_ws/install/turtlesim/share/turtlesim/msg/Pose.msg
[35.917s] -- Installing: /home/stinky/Documents/ros2_ws/install/turtlesim/share/turtlesim/srv/Kill.srv
[35.917s] -- Installing: /home/stinky/Documents/ros2_ws/install/turtlesim/share/turtlesim/srv/Kill_Request.msg
[35.918s] -- Installing: /home/stinky/Documents/ros2_ws/install/turtlesim/share/turtlesim/srv/Kill_Response.msg
[35.918s] -- Installing: /home/stinky/Documents/ros2_ws/install/turtlesim/share/turtlesim/srv/SetPen.srv
[35.918s] -- Installing: /home/stinky/Documents/ros2_ws/install/turtlesim/share/turtlesim/srv/SetPen_Request.msg
[35.919s] -- Installing: /home/stinky/Documents/ros2_ws/install/turtlesim/share/turtlesim/srv/SetPen_Response.msg
[35.920s] -- Installing: /home/stinky/Documents/ros2_ws/install/turtlesim/share/turtlesim/srv/Spawn.srv
[35.920s] -- Installing: /home/stinky/Documents/ros2_ws/install/turtlesim/share/turtlesim/srv/Spawn_Request.msg
[35.920s] -- Installing: /home/stinky/Documents/ros2_ws/install/turtlesim/share/turtlesim/srv/Spawn_Response.msg
[35.921s] -- Installing: /home/stinky/Documents/ros2_ws/install/turtlesim/share/turtlesim/srv/TeleportAbsolute.srv
[35.921s] -- Installing: /home/stinky/Documents/ros2_ws/install/turtlesim/share/turtlesim/srv/TeleportAbsolute_Request.msg
[35.921s] -- Installing: /home/stinky/Documents/ros2_ws/install/turtlesim/share/turtlesim/srv/TeleportAbsolute_Response.msg
[35.922s] -- Installing: /home/stinky/Documents/ros2_ws/install/turtlesim/share/turtlesim/srv/TeleportRelative.srv
[35.922s] -- Installing: /home/stinky/Documents/ros2_ws/install/turtlesim/share/turtlesim/srv/TeleportRelative_Request.msg
[35.922s] -- Installing: /home/stinky/Documents/ros2_ws/install/turtlesim/share/turtlesim/srv/TeleportRelative_Response.msg
[35.922s] -- Installing: /home/stinky/Documents/ros2_ws/install/turtlesim/lib/turtlesim/turtlesim_node
[35.937s] -- Set runtime path of "/home/stinky/Documents/ros2_ws/install/turtlesim/lib/turtlesim/turtlesim_node" to ""
[35.937s] -- Installing: /home/stinky/Documents/ros2_ws/install/turtlesim/lib/turtlesim/turtle_teleop_key
[35.941s] -- Set runtime path of "/home/stinky/Documents/ros2_ws/install/turtlesim/lib/turtlesim/turtle_teleop_key" to ""
[35.941s] -- Installing: /home/stinky/Documents/ros2_ws/install/turtlesim/lib/turtlesim/draw_square
[35.949s] -- Set runtime path of "/home/stinky/Documents/ros2_ws/install/turtlesim/lib/turtlesim/draw_square" to ""
[35.949s] -- Installing: /home/stinky/Documents/ros2_ws/install/turtlesim/lib/turtlesim/mimic
[35.956s] -- Set runtime path of "/home/stinky/Documents/ros2_ws/install/turtlesim/lib/turtlesim/mimic" to ""
[35.956s] -- Installing: /home/stinky/Documents/ros2_ws/install/turtlesim/share/turtlesim/images
[35.957s] -- Installing: /home/stinky/Documents/ros2_ws/install/turtlesim/share/turtlesim/images/ardent.png
[35.957s] -- Installing: /home/stinky/Documents/ros2_ws/install/turtlesim/share/turtlesim/images/galactic.png
[35.957s] -- Installing: /home/stinky/Documents/ros2_ws/install/turtlesim/share/turtlesim/images/crystal.png
[35.957s] -- Installing: /home/stinky/Documents/ros2_ws/install/turtlesim/share/turtlesim/images/rolling.png
[35.958s] -- Installing: /home/stinky/Documents/ros2_ws/install/turtlesim/share/turtlesim/images/foxy.png
[35.958s] -- Installing: /home/stinky/Documents/ros2_ws/install/turtlesim/share/turtlesim/images/humble.png
[35.958s] -- Installing: /home/stinky/Documents/ros2_ws/install/turtlesim/share/turtlesim/images/dashing.png
[35.959s] -- Installing: /home/stinky/Documents/ros2_ws/install/turtlesim/share/turtlesim/images/eloquent.png
[35.959s] -- Installing: /home/stinky/Documents/ros2_ws/install/turtlesim/share/turtlesim/images/bouncy.png
[35.960s] -- Installing: /home/stinky/Documents/ros2_ws/install/turtlesim/share/turtlesim/launch
[35.960s] -- Installing: /home/stinky/Documents/ros2_ws/install/turtlesim/share/turtlesim/launch/multisim.launch.py
[35.960s] -- Installing: /home/stinky/Documents/ros2_ws/install/turtlesim/share/ament_index/resource_index/package_run_dependencies/turtlesim
[35.961s] -- Installing: /home/stinky/Documents/ros2_ws/install/turtlesim/share/ament_index/resource_index/parent_prefix_path/turtlesim
[35.962s] -- Installing: /home/stinky/Documents/ros2_ws/install/turtlesim/share/turtlesim/environment/ament_prefix_path.sh
[35.963s] -- Installing: /home/stinky/Documents/ros2_ws/install/turtlesim/share/turtlesim/environment/ament_prefix_path.dsv
[35.963s] -- Installing: /home/stinky/Documents/ros2_ws/install/turtlesim/share/turtlesim/environment/path.sh
[35.963s] -- Installing: /home/stinky/Documents/ros2_ws/install/turtlesim/share/turtlesim/environment/path.dsv
[35.964s] -- Installing: /home/stinky/Documents/ros2_ws/install/turtlesim/share/turtlesim/local_setup.bash
[35.964s] -- Installing: /home/stinky/Documents/ros2_ws/install/turtlesim/share/turtlesim/local_setup.sh
[35.964s] -- Installing: /home/stinky/Documents/ros2_ws/install/turtlesim/share/turtlesim/local_setup.zsh
[35.965s] -- Installing: /home/stinky/Documents/ros2_ws/install/turtlesim/share/turtlesim/local_setup.dsv
[35.965s] -- Installing: /home/stinky/Documents/ros2_ws/install/turtlesim/share/turtlesim/package.dsv
[35.966s] -- Installing: /home/stinky/Documents/ros2_ws/install/turtlesim/share/ament_index/resource_index/packages/turtlesim
[35.966s] -- Installing: /home/stinky/Documents/ros2_ws/install/turtlesim/share/turtlesim/cmake/export_turtlesim__rosidl_generator_cExport.cmake
[35.966s] -- Installing: /home/stinky/Documents/ros2_ws/install/turtlesim/share/turtlesim/cmake/export_turtlesim__rosidl_generator_cExport-noconfig.cmake
[35.966s] -- Installing: /home/stinky/Documents/ros2_ws/install/turtlesim/share/turtlesim/cmake/export_turtlesim__rosidl_typesupport_fastrtps_cExport.cmake
[35.967s] -- Installing: /home/stinky/Documents/ros2_ws/install/turtlesim/share/turtlesim/cmake/export_turtlesim__rosidl_typesupport_fastrtps_cExport-noconfig.cmake
[35.967s] -- Installing: /home/stinky/Documents/ros2_ws/install/turtlesim/share/turtlesim/cmake/export_turtlesim__rosidl_generator_cppExport.cmake
[35.968s] -- Installing: /home/stinky/Documents/ros2_ws/install/turtlesim/share/turtlesim/cmake/export_turtlesim__rosidl_typesupport_fastrtps_cppExport.cmake
[35.968s] -- Installing: /home/stinky/Documents/ros2_ws/install/turtlesim/share/turtlesim/cmake/export_turtlesim__rosidl_typesupport_fastrtps_cppExport-noconfig.cmake
[35.968s] -- Installing: /home/stinky/Documents/ros2_ws/install/turtlesim/share/turtlesim/cmake/turtlesim__rosidl_typesupport_introspection_cExport.cmake
[35.969s] -- Installing: /home/stinky/Documents/ros2_ws/install/turtlesim/share/turtlesim/cmake/turtlesim__rosidl_typesupport_introspection_cExport-noconfig.cmake
[35.969s] -- Installing: /home/stinky/Documents/ros2_ws/install/turtlesim/share/turtlesim/cmake/turtlesim__rosidl_typesupport_cExport.cmake
[35.970s] -- Installing: /home/stinky/Documents/ros2_ws/install/turtlesim/share/turtlesim/cmake/turtlesim__rosidl_typesupport_cExport-noconfig.cmake
[35.970s] -- Installing: /home/stinky/Documents/ros2_ws/install/turtlesim/share/turtlesim/cmake/turtlesim__rosidl_typesupport_introspection_cppExport.cmake
[35.970s] -- Installing: /home/stinky/Documents/ros2_ws/install/turtlesim/share/turtlesim/cmake/turtlesim__rosidl_typesupport_introspection_cppExport-noconfig.cmake
[35.971s] -- Installing: /home/stinky/Documents/ros2_ws/install/turtlesim/share/turtlesim/cmake/turtlesim__rosidl_typesupport_cppExport.cmake
[35.971s] -- Installing: /home/stinky/Documents/ros2_ws/install/turtlesim/share/turtlesim/cmake/turtlesim__rosidl_typesupport_cppExport-noconfig.cmake
[35.971s] -- Installing: /home/stinky/Documents/ros2_ws/install/turtlesim/share/turtlesim/cmake/export_turtlesim__rosidl_generator_pyExport.cmake
[35.972s] -- Installing: /home/stinky/Documents/ros2_ws/install/turtlesim/share/turtlesim/cmake/export_turtlesim__rosidl_generator_pyExport-noconfig.cmake
[35.972s] -- Installing: /home/stinky/Documents/ros2_ws/install/turtlesim/share/turtlesim/cmake/rosidl_cmake-extras.cmake
[35.973s] -- Installing: /home/stinky/Documents/ros2_ws/install/turtlesim/share/turtlesim/cmake/ament_cmake_export_dependencies-extras.cmake
[35.973s] -- Installing: /home/stinky/Documents/ros2_ws/install/turtlesim/share/turtlesim/cmake/ament_cmake_export_include_directories-extras.cmake
[35.974s] -- Installing: /home/stinky/Documents/ros2_ws/install/turtlesim/share/turtlesim/cmake/ament_cmake_export_libraries-extras.cmake
[35.974s] -- Installing: /home/stinky/Documents/ros2_ws/install/turtlesim/share/turtlesim/cmake/ament_cmake_export_targets-extras.cmake
[35.975s] -- Installing: /home/stinky/Documents/ros2_ws/install/turtlesim/share/turtlesim/cmake/rosidl_cmake_export_typesupport_targets-extras.cmake
[35.975s] -- Installing: /home/stinky/Documents/ros2_ws/install/turtlesim/share/turtlesim/cmake/rosidl_cmake_export_typesupport_libraries-extras.cmake
[35.976s] -- Installing: /home/stinky/Documents/ros2_ws/install/turtlesim/share/turtlesim/cmake/turtlesimConfig.cmake
[35.976s] -- Installing: /home/stinky/Documents/ros2_ws/install/turtlesim/share/turtlesim/cmake/turtlesimConfig-version.cmake
[35.976s] -- Installing: /home/stinky/Documents/ros2_ws/install/turtlesim/share/turtlesim/package.xml
[35.986s] Invoked command in '/home/stinky/Documents/ros2_ws/build/turtlesim' returned '0': CMAKE_PREFIX_PATH=/opt/ros/humble /usr/bin/cmake --install /home/stinky/Documents/ros2_ws/build/turtlesim
