[0.018s] Invoking command in '/home/stinky/Documents/ros2_ws/build/more_interfaces': CMAKE_PREFIX_PATH=/opt/ros/humble /usr/bin/cmake /home/stinky/Documents/ros2_ws/src/more_interfaces -DCMAKE_INSTALL_PREFIX=/home/stinky/Documents/ros2_ws/install/more_interfaces
[0.030s] -- Found ament_cmake: 1.3.5 (/opt/ros/humble/share/ament_cmake/cmake)
[0.232s] -- Found rosidl_default_generators: 1.2.0 (/opt/ros/humble/share/rosidl_default_generators/cmake)
[0.236s] -- Using all available rosidl_typesupport_c: rosidl_typesupport_fastrtps_c;rosidl_typesupport_introspection_c
[0.244s] -- Found rosidl_adapter: 3.1.5 (/opt/ros/humble/share/rosidl_adapter/cmake)
[0.301s] -- Using all available rosidl_typesupport_cpp: rosidl_typesupport_fastrtps_cpp;rosidl_typesupport_introspection_cpp
[0.333s] -- Found rclcpp: 16.0.5 (/opt/ros/humble/share/rclcpp/cmake)
[0.413s] -- Found rmw_implementation_cmake: 6.1.1 (/opt/ros/humble/share/rmw_implementation_cmake/cmake)
[0.417s] -- Found rmw_fastrtps_cpp: 6.2.3 (/opt/ros/humble/share/rmw_fastrtps_cpp/cmake)
[0.603s] -- Using RMW implementation 'rmw_fastrtps_cpp' as default
[0.799s] [31mCMake Error at /opt/ros/humble/share/rosidl_cmake/cmake/rosidl_get_typesupport_target.cmake:29 (message):
[0.799s]   more_interfaces is not a CMake target.  Maybe rosidl_generate_interfaces
[0.800s]   was given a different target name?
[0.800s] Call Stack (most recent call first):
[0.800s]   CMakeLists.txt:16 (rosidl_get_typesupport_target)
[0.800s] 
[0.800s] [0m
[0.800s] -- Configuring incomplete, errors occurred!
[0.801s] See also "/home/stinky/Documents/ros2_ws/build/more_interfaces/CMakeFiles/CMakeOutput.log".
[0.806s] Invoked command in '/home/stinky/Documents/ros2_ws/build/more_interfaces' returned '1': CMAKE_PREFIX_PATH=/opt/ros/humble /usr/bin/cmake /home/stinky/Documents/ros2_ws/src/more_interfaces -DCMAKE_INSTALL_PREFIX=/home/stinky/Documents/ros2_ws/install/more_interfaces
