[0.057s] Invoking command in '/home/stinky/Documents/ros2_ws/build/cpp_parameters': CMAKE_PREFIX_PATH=${CMAKE_PREFIX_PATH}:/opt/ros/humble /usr/bin/cmake --build /home/stinky/Documents/ros2_ws/build/cpp_parameters -- -j8 -l8
[0.120s] -- Found ament_cmake: 1.3.5 (/opt/ros/humble/share/ament_cmake/cmake)
[0.644s] -- Found rclcpp: 16.0.5 (/opt/ros/humble/share/rclcpp/cmake)
[0.726s] -- Found rosidl_generator_c: 3.1.5 (/opt/ros/humble/share/rosidl_generator_c/cmake)
[0.735s] -- Found rosidl_adapter: 3.1.5 (/opt/ros/humble/share/rosidl_adapter/cmake)
[0.752s] -- Found rosidl_generator_cpp: 3.1.5 (/opt/ros/humble/share/rosidl_generator_cpp/cmake)
[0.797s] -- Using all available rosidl_typesupport_c: rosidl_typesupport_fastrtps_c;rosidl_typesupport_introspection_c
[0.853s] -- Using all available rosidl_typesupport_cpp: rosidl_typesupport_fastrtps_cpp;rosidl_typesupport_introspection_cpp
[1.145s] -- Found rmw_implementation_cmake: 6.1.1 (/opt/ros/humble/share/rmw_implementation_cmake/cmake)
[1.153s] -- Found rmw_fastrtps_cpp: 6.2.3 (/opt/ros/humble/share/rmw_fastrtps_cpp/cmake)
[1.505s] -- Using RMW implementation 'rmw_fastrtps_cpp' as default
[2.065s] -- Found ament_lint_auto: 0.12.7 (/opt/ros/humble/share/ament_lint_auto/cmake)
[2.316s] -- Added test 'cppcheck' to perform static code analysis on C / C++ code
[2.316s] -- Configured cppcheck include dirs: 
[2.317s] -- Configured cppcheck exclude dirs and/or files: 
[2.317s] -- Added test 'flake8' to check Python code syntax and style conventions
[2.318s] -- Added test 'lint_cmake' to check CMake code style
[2.320s] -- Added test 'pep257' to check Python code against some of the docstring style conventions in PEP 257
[2.321s] -- Added test 'uncrustify' to check C / C++ code style
[2.321s] -- Configured uncrustify additional arguments: 
[2.322s] -- Added test 'xmllint' to check XML markup files
[2.323s] -- Configuring done
[2.342s] -- Generating done
[2.346s] -- Build files have been written to: /home/stinky/Documents/ros2_ws/build/cpp_parameters
[2.415s] [35m[1mConsolidate compiler generated dependencies of target minimal_param_node[0m
[2.459s] [ 50%] [32mBuilding CXX object CMakeFiles/minimal_param_node.dir/src/cpp_parameters_node.cpp.o[0m
[10.610s] [100%] [32m[1mLinking CXX executable minimal_param_node[0m
[10.859s] [100%] Built target minimal_param_node
