[0.024s] Invoking command in '/home/stinky/Documents/ros2_ws/build/cpp_pubsub': CMAKE_PREFIX_PATH=/opt/ros/humble /usr/bin/cmake /home/stinky/Documents/ros2_ws/src/cpp_pubsub -DCMAKE_INSTALL_PREFIX=/home/stinky/Documents/ros2_ws/install/cpp_pubsub
[0.115s] -- The C compiler identification is GNU 11.4.0
[0.213s] -- The CXX compiler identification is GNU 11.4.0
[0.224s] -- Detecting C compiler ABI info
[0.328s] -- Detecting C compiler ABI info - done
[0.343s] -- Check for working C compiler: /usr/bin/cc - skipped
[0.344s] -- Detecting C compile features
[0.345s] -- Detecting C compile features - done
[0.356s] -- Detecting CXX compiler ABI info
[0.461s] -- Detecting CXX compiler ABI info - done
[0.473s] -- Check for working CXX compiler: /usr/bin/c++ - skipped
[0.473s] -- Detecting CXX compile features
[0.473s] -- Detecting CXX compile features - done
[0.483s] -- Found ament_cmake: 1.3.5 (/opt/ros/humble/share/ament_cmake/cmake)
[0.760s] -- Found Python3: /usr/bin/python3.10 (found version "3.10.12") found components: Interpreter 
[0.892s] -- Found rclcpp: 16.0.5 (/opt/ros/humble/share/rclcpp/cmake)
[0.952s] -- Found rosidl_generator_c: 3.1.5 (/opt/ros/humble/share/rosidl_generator_c/cmake)
[0.959s] -- Found rosidl_adapter: 3.1.5 (/opt/ros/humble/share/rosidl_adapter/cmake)
[0.971s] -- Found rosidl_generator_cpp: 3.1.5 (/opt/ros/humble/share/rosidl_generator_cpp/cmake)
[0.991s] -- Using all available rosidl_typesupport_c: rosidl_typesupport_fastrtps_c;rosidl_typesupport_introspection_c
[1.017s] -- Using all available rosidl_typesupport_cpp: rosidl_typesupport_fastrtps_cpp;rosidl_typesupport_introspection_cpp
[1.138s] -- Found rmw_implementation_cmake: 6.1.1 (/opt/ros/humble/share/rmw_implementation_cmake/cmake)
[1.144s] -- Found rmw_fastrtps_cpp: 6.2.3 (/opt/ros/humble/share/rmw_fastrtps_cpp/cmake)
[1.312s] -- Found OpenSSL: /usr/lib/x86_64-linux-gnu/libcrypto.so (found version "3.0.2")  
[1.351s] -- Found FastRTPS: /opt/ros/humble/include  
[1.408s] -- Using RMW implementation 'rmw_fastrtps_cpp' as default
[1.422s] -- Looking for pthread.h
[1.534s] -- Looking for pthread.h - found
[1.535s] -- Performing Test CMAKE_HAVE_LIBC_PTHREAD
[1.654s] -- Performing Test CMAKE_HAVE_LIBC_PTHREAD - Success
[1.656s] -- Found Threads: TRUE  
[2.012s] -- Configuring done
[2.032s] -- Generating done
[2.035s] -- Build files have been written to: /home/stinky/Documents/ros2_ws/build/cpp_pubsub
[2.050s] Invoked command in '/home/stinky/Documents/ros2_ws/build/cpp_pubsub' returned '0': CMAKE_PREFIX_PATH=/opt/ros/humble /usr/bin/cmake /home/stinky/Documents/ros2_ws/src/cpp_pubsub -DCMAKE_INSTALL_PREFIX=/home/stinky/Documents/ros2_ws/install/cpp_pubsub
[2.052s] Invoking command in '/home/stinky/Documents/ros2_ws/build/cpp_pubsub': CMAKE_PREFIX_PATH=/opt/ros/humble /usr/bin/cmake --build /home/stinky/Documents/ros2_ws/build/cpp_pubsub -- -j8 -l8
[2.121s] [ 25%] [32mBuilding CXX object CMakeFiles/talker.dir/src/publisher_member_function.cpp.o[0m
[2.127s] [ 50%] [32mBuilding CXX object CMakeFiles/listener.dir/src/subscriber_member_function.cpp.o[0m
[7.431s] [ 75%] [32m[1mLinking CXX executable talker[0m
[7.686s] [ 75%] Built target talker
[11.622s] [100%] [32m[1mLinking CXX executable listener[0m
[12.128s] [100%] Built target listener
[12.150s] Invoked command in '/home/stinky/Documents/ros2_ws/build/cpp_pubsub' returned '0': CMAKE_PREFIX_PATH=/opt/ros/humble /usr/bin/cmake --build /home/stinky/Documents/ros2_ws/build/cpp_pubsub -- -j8 -l8
[12.202s] Invoking command in '/home/stinky/Documents/ros2_ws/build/cpp_pubsub': CMAKE_PREFIX_PATH=/opt/ros/humble /usr/bin/cmake --install /home/stinky/Documents/ros2_ws/build/cpp_pubsub
[12.211s] -- Install configuration: ""
[12.212s] -- Installing: /home/stinky/Documents/ros2_ws/install/cpp_pubsub/lib/cpp_pubsub/talker
[12.213s] -- Set runtime path of "/home/stinky/Documents/ros2_ws/install/cpp_pubsub/lib/cpp_pubsub/talker" to ""
[12.214s] -- Installing: /home/stinky/Documents/ros2_ws/install/cpp_pubsub/lib/cpp_pubsub/listener
[12.219s] -- Set runtime path of "/home/stinky/Documents/ros2_ws/install/cpp_pubsub/lib/cpp_pubsub/listener" to ""
[12.219s] -- Installing: /home/stinky/Documents/ros2_ws/install/cpp_pubsub/share/ament_index/resource_index/package_run_dependencies/cpp_pubsub
[12.220s] -- Installing: /home/stinky/Documents/ros2_ws/install/cpp_pubsub/share/ament_index/resource_index/parent_prefix_path/cpp_pubsub
[12.220s] -- Installing: /home/stinky/Documents/ros2_ws/install/cpp_pubsub/share/cpp_pubsub/environment/ament_prefix_path.sh
[12.220s] -- Installing: /home/stinky/Documents/ros2_ws/install/cpp_pubsub/share/cpp_pubsub/environment/ament_prefix_path.dsv
[12.220s] -- Installing: /home/stinky/Documents/ros2_ws/install/cpp_pubsub/share/cpp_pubsub/environment/path.sh
[12.220s] -- Installing: /home/stinky/Documents/ros2_ws/install/cpp_pubsub/share/cpp_pubsub/environment/path.dsv
[12.220s] -- Installing: /home/stinky/Documents/ros2_ws/install/cpp_pubsub/share/cpp_pubsub/local_setup.bash
[12.220s] -- Installing: /home/stinky/Documents/ros2_ws/install/cpp_pubsub/share/cpp_pubsub/local_setup.sh
[12.220s] -- Installing: /home/stinky/Documents/ros2_ws/install/cpp_pubsub/share/cpp_pubsub/local_setup.zsh
[12.221s] -- Installing: /home/stinky/Documents/ros2_ws/install/cpp_pubsub/share/cpp_pubsub/local_setup.dsv
[12.221s] -- Installing: /home/stinky/Documents/ros2_ws/install/cpp_pubsub/share/cpp_pubsub/package.dsv
[12.221s] -- Installing: /home/stinky/Documents/ros2_ws/install/cpp_pubsub/share/ament_index/resource_index/packages/cpp_pubsub
[12.221s] -- Installing: /home/stinky/Documents/ros2_ws/install/cpp_pubsub/share/cpp_pubsub/cmake/cpp_pubsubConfig.cmake
[12.221s] -- Installing: /home/stinky/Documents/ros2_ws/install/cpp_pubsub/share/cpp_pubsub/cmake/cpp_pubsubConfig-version.cmake
[12.222s] -- Installing: /home/stinky/Documents/ros2_ws/install/cpp_pubsub/share/cpp_pubsub/package.xml
[12.225s] Invoked command in '/home/stinky/Documents/ros2_ws/build/cpp_pubsub' returned '0': CMAKE_PREFIX_PATH=/opt/ros/humble /usr/bin/cmake --install /home/stinky/Documents/ros2_ws/build/cpp_pubsub
