[0.024s] Invoking command in '/home/stinky/Documents/ros2_ws/build/cpp_pubsub': AMENT_PREFIX_PATH=/home/stinky/Documents/ros2_ws/install/tutorial_interfaces:${AMENT_PREFIX_PATH} CMAKE_PREFIX_PATH=/home/stinky/Documents/ros2_ws/install/tutorial_interfaces:/opt/ros/humble LD_LIBRARY_PATH=/home/stinky/Documents/ros2_ws/install/tutorial_interfaces/lib:${LD_LIBRARY_PATH} PYTHONPATH=/home/stinky/Documents/ros2_ws/install/tutorial_interfaces/local/lib/python3.10/dist-packages:${PYTHONPATH} /usr/bin/cmake --build /home/stinky/Documents/ros2_ws/build/cpp_pubsub -- -j8 -l8
[0.065s] -- Found ament_cmake: 1.3.5 (/opt/ros/humble/share/ament_cmake/cmake)
[0.319s] -- Found rclcpp: 16.0.5 (/opt/ros/humble/share/rclcpp/cmake)
[0.371s] -- Found rosidl_generator_c: 3.1.5 (/opt/ros/humble/share/rosidl_generator_c/cmake)
[0.375s] -- Found rosidl_adapter: 3.1.5 (/opt/ros/humble/share/rosidl_adapter/cmake)
[0.386s] -- Found rosidl_generator_cpp: 3.1.5 (/opt/ros/humble/share/rosidl_generator_cpp/cmake)
[0.405s] -- Using all available rosidl_typesupport_c: rosidl_typesupport_fastrtps_c;rosidl_typesupport_introspection_c
[0.432s] -- Using all available rosidl_typesupport_cpp: rosidl_typesupport_fastrtps_cpp;rosidl_typesupport_introspection_cpp
[0.546s] -- Found rmw_implementation_cmake: 6.1.1 (/opt/ros/humble/share/rmw_implementation_cmake/cmake)
[0.548s] -- Found rmw_fastrtps_cpp: 6.2.3 (/opt/ros/humble/share/rmw_fastrtps_cpp/cmake)
[0.736s] -- Using RMW implementation 'rmw_fastrtps_cpp' as default
[1.023s] -- Found tutorial_interfaces: 0.0.0 (/home/stinky/Documents/ros2_ws/install/tutorial_interfaces/share/tutorial_interfaces/cmake)
[1.333s] -- Configuring done
[1.354s] -- Generating done
[1.357s] -- Build files have been written to: /home/stinky/Documents/ros2_ws/build/cpp_pubsub
[1.398s] [35m[1mConsolidate compiler generated dependencies of target talker[0m
[1.401s] [35m[1mConsolidate compiler generated dependencies of target listener[0m
[1.424s] [ 25%] [32mBuilding CXX object CMakeFiles/talker.dir/src/publisher_member_function.cpp.o[0m
[1.428s] [ 50%] [32mBuilding CXX object CMakeFiles/listener.dir/src/subscriber_member_function.cpp.o[0m
[8.567s] [ 75%] [32m[1mLinking CXX executable talker[0m
[8.938s] [ 75%] Built target talker
[14.379s] [100%] [32m[1mLinking CXX executable listener[0m
[15.079s] [100%] Built target listener
[15.095s] Invoked command in '/home/stinky/Documents/ros2_ws/build/cpp_pubsub' returned '0': AMENT_PREFIX_PATH=/home/stinky/Documents/ros2_ws/install/tutorial_interfaces:${AMENT_PREFIX_PATH} CMAKE_PREFIX_PATH=/home/stinky/Documents/ros2_ws/install/tutorial_interfaces:/opt/ros/humble LD_LIBRARY_PATH=/home/stinky/Documents/ros2_ws/install/tutorial_interfaces/lib:${LD_LIBRARY_PATH} PYTHONPATH=/home/stinky/Documents/ros2_ws/install/tutorial_interfaces/local/lib/python3.10/dist-packages:${PYTHONPATH} /usr/bin/cmake --build /home/stinky/Documents/ros2_ws/build/cpp_pubsub -- -j8 -l8
[15.153s] Invoking command in '/home/stinky/Documents/ros2_ws/build/cpp_pubsub': AMENT_PREFIX_PATH=/home/stinky/Documents/ros2_ws/install/tutorial_interfaces:${AMENT_PREFIX_PATH} CMAKE_PREFIX_PATH=/home/stinky/Documents/ros2_ws/install/tutorial_interfaces:/opt/ros/humble LD_LIBRARY_PATH=/home/stinky/Documents/ros2_ws/install/tutorial_interfaces/lib:${LD_LIBRARY_PATH} PYTHONPATH=/home/stinky/Documents/ros2_ws/install/tutorial_interfaces/local/lib/python3.10/dist-packages:${PYTHONPATH} /usr/bin/cmake --install /home/stinky/Documents/ros2_ws/build/cpp_pubsub
[15.167s] -- Install configuration: ""
[15.167s] -- Installing: /home/stinky/Documents/ros2_ws/install/cpp_pubsub/lib/cpp_pubsub/talker
[15.170s] -- Set runtime path of "/home/stinky/Documents/ros2_ws/install/cpp_pubsub/lib/cpp_pubsub/talker" to ""
[15.170s] -- Installing: /home/stinky/Documents/ros2_ws/install/cpp_pubsub/lib/cpp_pubsub/listener
[15.179s] -- Set runtime path of "/home/stinky/Documents/ros2_ws/install/cpp_pubsub/lib/cpp_pubsub/listener" to ""
[15.179s] -- Installing: /home/stinky/Documents/ros2_ws/install/cpp_pubsub/share/ament_index/resource_index/package_run_dependencies/cpp_pubsub
[15.179s] -- Installing: /home/stinky/Documents/ros2_ws/install/cpp_pubsub/share/ament_index/resource_index/parent_prefix_path/cpp_pubsub
[15.179s] -- Up-to-date: /home/stinky/Documents/ros2_ws/install/cpp_pubsub/share/cpp_pubsub/environment/ament_prefix_path.sh
[15.179s] -- Installing: /home/stinky/Documents/ros2_ws/install/cpp_pubsub/share/cpp_pubsub/environment/ament_prefix_path.dsv
[15.180s] -- Up-to-date: /home/stinky/Documents/ros2_ws/install/cpp_pubsub/share/cpp_pubsub/environment/path.sh
[15.180s] -- Installing: /home/stinky/Documents/ros2_ws/install/cpp_pubsub/share/cpp_pubsub/environment/path.dsv
[15.180s] -- Up-to-date: /home/stinky/Documents/ros2_ws/install/cpp_pubsub/share/cpp_pubsub/local_setup.bash
[15.180s] -- Up-to-date: /home/stinky/Documents/ros2_ws/install/cpp_pubsub/share/cpp_pubsub/local_setup.sh
[15.180s] -- Up-to-date: /home/stinky/Documents/ros2_ws/install/cpp_pubsub/share/cpp_pubsub/local_setup.zsh
[15.180s] -- Installing: /home/stinky/Documents/ros2_ws/install/cpp_pubsub/share/cpp_pubsub/local_setup.dsv
[15.180s] -- Installing: /home/stinky/Documents/ros2_ws/install/cpp_pubsub/share/cpp_pubsub/package.dsv
[15.181s] -- Up-to-date: /home/stinky/Documents/ros2_ws/install/cpp_pubsub/share/ament_index/resource_index/packages/cpp_pubsub
[15.181s] -- Up-to-date: /home/stinky/Documents/ros2_ws/install/cpp_pubsub/share/cpp_pubsub/cmake/cpp_pubsubConfig.cmake
[15.181s] -- Up-to-date: /home/stinky/Documents/ros2_ws/install/cpp_pubsub/share/cpp_pubsub/cmake/cpp_pubsubConfig-version.cmake
[15.181s] -- Installing: /home/stinky/Documents/ros2_ws/install/cpp_pubsub/share/cpp_pubsub/package.xml
[15.185s] Invoked command in '/home/stinky/Documents/ros2_ws/build/cpp_pubsub' returned '0': AMENT_PREFIX_PATH=/home/stinky/Documents/ros2_ws/install/tutorial_interfaces:${AMENT_PREFIX_PATH} CMAKE_PREFIX_PATH=/home/stinky/Documents/ros2_ws/install/tutorial_interfaces:/opt/ros/humble LD_LIBRARY_PATH=/home/stinky/Documents/ros2_ws/install/tutorial_interfaces/lib:${LD_LIBRARY_PATH} PYTHONPATH=/home/stinky/Documents/ros2_ws/install/tutorial_interfaces/local/lib/python3.10/dist-packages:${PYTHONPATH} /usr/bin/cmake --install /home/stinky/Documents/ros2_ws/build/cpp_pubsub
