[0.055s] Invoking command in '/home/stinky/Documents/ros2_ws/build/more_interfaces': CMAKE_PREFIX_PATH=${CMAKE_PREFIX_PATH}:/opt/ros/humble /usr/bin/cmake /home/stinky/Documents/ros2_ws/src/more_interfaces -DCMAKE_INSTALL_PREFIX=/home/stinky/Documents/ros2_ws/install/more_interfaces
[0.081s] -- Found ament_cmake: 1.3.5 (/opt/ros/humble/share/ament_cmake/cmake)
[0.597s] -- Found rosidl_default_generators: 1.2.0 (/opt/ros/humble/share/rosidl_default_generators/cmake)
[0.608s] -- Using all available rosidl_typesupport_c: rosidl_typesupport_fastrtps_c;rosidl_typesupport_introspection_c
[0.618s] -- Found rosidl_adapter: 3.1.5 (/opt/ros/humble/share/rosidl_adapter/cmake)
[0.748s] -- Using all available rosidl_typesupport_cpp: rosidl_typesupport_fastrtps_cpp;rosidl_typesupport_introspection_cpp
[0.903s] -- Found rclcpp: 16.0.5 (/opt/ros/humble/share/rclcpp/cmake)
[1.142s] -- Found rmw_implementation_cmake: 6.1.1 (/opt/ros/humble/share/rmw_implementation_cmake/cmake)
[1.146s] -- Found rmw_fastrtps_cpp: 6.2.3 (/opt/ros/humble/share/rmw_fastrtps_cpp/cmake)
[1.476s] -- Using RMW implementation 'rmw_fastrtps_cpp' as default
[2.030s] [31mCMake Error at /opt/ros/humble/share/rosidl_cmake/cmake/rosidl_get_typesupport_target.cmake:29 (message):
[2.032s]   more_interfaces is not a CMake target.  Maybe rosidl_generate_interfaces
[2.033s]   was given a different target name?
[2.035s] Call Stack (most recent call first):
[2.036s]   CMakeLists.txt:16 (rosidl_get_typesupport_target)
[2.037s] 
[2.038s] [0m
[2.040s] -- Configuring incomplete, errors occurred!
[2.041s] See also "/home/stinky/Documents/ros2_ws/build/more_interfaces/CMakeFiles/CMakeOutput.log".
[2.062s] Invoked command in '/home/stinky/Documents/ros2_ws/build/more_interfaces' returned '1': CMAKE_PREFIX_PATH=${CMAKE_PREFIX_PATH}:/opt/ros/humble /usr/bin/cmake /home/stinky/Documents/ros2_ws/src/more_interfaces -DCMAKE_INSTALL_PREFIX=/home/stinky/Documents/ros2_ws/install/more_interfaces
