[0.019s] Invoking command in '/home/stinky/Documents/ros2_ws/build/cpp_parameters': CMAKE_PREFIX_PATH=/opt/ros/humble /usr/bin/cmake /home/stinky/Documents/ros2_ws/src/cpp_parameters -DCMAKE_INSTALL_PREFIX=/home/stinky/Documents/ros2_ws/install/cpp_parameters
[0.106s] -- The C compiler identification is GNU 11.4.0
[0.186s] -- The CXX compiler identification is GNU 11.4.0
[0.198s] -- Detecting C compiler ABI info
[0.297s] -- Detecting C compiler ABI info - done
[0.317s] -- Check for working C compiler: /usr/bin/cc - skipped
[0.317s] -- Detecting C compile features
[0.317s] -- Detecting C compile features - done
[0.324s] -- Detecting CXX compiler ABI info
[0.467s] -- Detecting CXX compiler ABI info - done
[0.481s] -- Check for working CXX compiler: /usr/bin/c++ - skipped
[0.481s] -- Detecting CXX compile features
[0.482s] -- Detecting CXX compile features - done
[0.485s] -- Found ament_cmake: 1.3.5 (/opt/ros/humble/share/ament_cmake/cmake)
[0.759s] -- Found Python3: /usr/bin/python3.10 (found version "3.10.12") found components: Interpreter 
[0.906s] -- Found rclcpp: 16.0.5 (/opt/ros/humble/share/rclcpp/cmake)
[0.982s] -- Found rosidl_generator_c: 3.1.5 (/opt/ros/humble/share/rosidl_generator_c/cmake)
[0.989s] -- Found rosidl_adapter: 3.1.5 (/opt/ros/humble/share/rosidl_adapter/cmake)
[1.001s] -- Found rosidl_generator_cpp: 3.1.5 (/opt/ros/humble/share/rosidl_generator_cpp/cmake)
[1.022s] -- Using all available rosidl_typesupport_c: rosidl_typesupport_fastrtps_c;rosidl_typesupport_introspection_c
[1.056s] -- Using all available rosidl_typesupport_cpp: rosidl_typesupport_fastrtps_cpp;rosidl_typesupport_introspection_cpp
[1.205s] -- Found rmw_implementation_cmake: 6.1.1 (/opt/ros/humble/share/rmw_implementation_cmake/cmake)
[1.213s] -- Found rmw_fastrtps_cpp: 6.2.3 (/opt/ros/humble/share/rmw_fastrtps_cpp/cmake)
[1.372s] -- Found OpenSSL: /usr/lib/x86_64-linux-gnu/libcrypto.so (found version "3.0.2")  
[1.410s] -- Found FastRTPS: /opt/ros/humble/include  
[1.481s] -- Using RMW implementation 'rmw_fastrtps_cpp' as default
[1.494s] -- Looking for pthread.h
[1.620s] -- Looking for pthread.h - found
[1.621s] -- Performing Test CMAKE_HAVE_LIBC_PTHREAD
[1.731s] -- Performing Test CMAKE_HAVE_LIBC_PTHREAD - Success
[1.733s] -- Found Threads: TRUE  
[2.020s] -- Found ament_lint_auto: 0.12.7 (/opt/ros/humble/share/ament_lint_auto/cmake)
[2.164s] -- Added test 'cppcheck' to perform static code analysis on C / C++ code
[2.164s] -- Configured cppcheck include dirs: 
[2.164s] -- Configured cppcheck exclude dirs and/or files: 
[2.166s] -- Added test 'lint_cmake' to check CMake code style
[2.169s] -- Added test 'uncrustify' to check C / C++ code style
[2.170s] -- Configured uncrustify additional arguments: 
[2.171s] -- Added test 'xmllint' to check XML markup files
[2.174s] -- Configuring done
[2.188s] -- Generating done
[2.190s] -- Build files have been written to: /home/stinky/Documents/ros2_ws/build/cpp_parameters
[2.203s] Invoked command in '/home/stinky/Documents/ros2_ws/build/cpp_parameters' returned '0': CMAKE_PREFIX_PATH=/opt/ros/humble /usr/bin/cmake /home/stinky/Documents/ros2_ws/src/cpp_parameters -DCMAKE_INSTALL_PREFIX=/home/stinky/Documents/ros2_ws/install/cpp_parameters
[2.205s] Invoking command in '/home/stinky/Documents/ros2_ws/build/cpp_parameters': CMAKE_PREFIX_PATH=/opt/ros/humble /usr/bin/cmake --build /home/stinky/Documents/ros2_ws/build/cpp_parameters -- -j8 -l8
[2.280s] [ 50%] [32mBuilding CXX object CMakeFiles/minimal_param_node.dir/src/cpp_parameters_node.cpp.o[0m
[7.317s] [100%] [32m[1mLinking CXX executable minimal_param_node[0m
[7.546s] [100%] Built target minimal_param_node
[7.565s] Invoked command in '/home/stinky/Documents/ros2_ws/build/cpp_parameters' returned '0': CMAKE_PREFIX_PATH=/opt/ros/humble /usr/bin/cmake --build /home/stinky/Documents/ros2_ws/build/cpp_parameters -- -j8 -l8
[7.610s] Invoking command in '/home/stinky/Documents/ros2_ws/build/cpp_parameters': CMAKE_PREFIX_PATH=/opt/ros/humble /usr/bin/cmake --install /home/stinky/Documents/ros2_ws/build/cpp_parameters
[7.622s] -- Install configuration: ""
[7.622s] -- Installing: /home/stinky/Documents/ros2_ws/install/cpp_parameters/lib/cpp_parameters/minimal_param_node
[7.622s] -- Set runtime path of "/home/stinky/Documents/ros2_ws/install/cpp_parameters/lib/cpp_parameters/minimal_param_node" to ""
[7.623s] -- Installing: /home/stinky/Documents/ros2_ws/install/cpp_parameters/share/ament_index/resource_index/package_run_dependencies/cpp_parameters
[7.623s] -- Installing: /home/stinky/Documents/ros2_ws/install/cpp_parameters/share/ament_index/resource_index/parent_prefix_path/cpp_parameters
[7.623s] -- Installing: /home/stinky/Documents/ros2_ws/install/cpp_parameters/share/cpp_parameters/environment/ament_prefix_path.sh
[7.623s] -- Installing: /home/stinky/Documents/ros2_ws/install/cpp_parameters/share/cpp_parameters/environment/ament_prefix_path.dsv
[7.623s] -- Installing: /home/stinky/Documents/ros2_ws/install/cpp_parameters/share/cpp_parameters/environment/path.sh
[7.624s] -- Installing: /home/stinky/Documents/ros2_ws/install/cpp_parameters/share/cpp_parameters/environment/path.dsv
[7.624s] -- Installing: /home/stinky/Documents/ros2_ws/install/cpp_parameters/share/cpp_parameters/local_setup.bash
[7.624s] -- Installing: /home/stinky/Documents/ros2_ws/install/cpp_parameters/share/cpp_parameters/local_setup.sh
[7.624s] -- Installing: /home/stinky/Documents/ros2_ws/install/cpp_parameters/share/cpp_parameters/local_setup.zsh
[7.625s] -- Installing: /home/stinky/Documents/ros2_ws/install/cpp_parameters/share/cpp_parameters/local_setup.dsv
[7.625s] -- Installing: /home/stinky/Documents/ros2_ws/install/cpp_parameters/share/cpp_parameters/package.dsv
[7.625s] -- Installing: /home/stinky/Documents/ros2_ws/install/cpp_parameters/share/ament_index/resource_index/packages/cpp_parameters
[7.625s] -- Installing: /home/stinky/Documents/ros2_ws/install/cpp_parameters/share/cpp_parameters/cmake/cpp_parametersConfig.cmake
[7.625s] -- Installing: /home/stinky/Documents/ros2_ws/install/cpp_parameters/share/cpp_parameters/cmake/cpp_parametersConfig-version.cmake
[7.626s] -- Installing: /home/stinky/Documents/ros2_ws/install/cpp_parameters/share/cpp_parameters/package.xml
[7.630s] Invoked command in '/home/stinky/Documents/ros2_ws/build/cpp_parameters' returned '0': CMAKE_PREFIX_PATH=/opt/ros/humble /usr/bin/cmake --install /home/stinky/Documents/ros2_ws/build/cpp_parameters
