[0.020s] Invoking command in '/home/stinky/Documents/ros2_ws/build/cpp_parameters': CMAKE_PREFIX_PATH=/opt/ros/humble /usr/bin/cmake --build /home/stinky/Documents/ros2_ws/build/cpp_parameters -- -j8 -l8
[0.057s] -- Found ament_cmake: 1.3.5 (/opt/ros/humble/share/ament_cmake/cmake)
[0.292s] -- Found rclcpp: 16.0.5 (/opt/ros/humble/share/rclcpp/cmake)
[0.352s] -- Found rosidl_generator_c: 3.1.5 (/opt/ros/humble/share/rosidl_generator_c/cmake)
[0.358s] -- Found rosidl_adapter: 3.1.5 (/opt/ros/humble/share/rosidl_adapter/cmake)
[0.368s] -- Found rosidl_generator_cpp: 3.1.5 (/opt/ros/humble/share/rosidl_generator_cpp/cmake)
[0.388s] -- Using all available rosidl_typesupport_c: rosidl_typesupport_fastrtps_c;rosidl_typesupport_introspection_c
[0.418s] -- Using all available rosidl_typesupport_cpp: rosidl_typesupport_fastrtps_cpp;rosidl_typesupport_introspection_cpp
[0.529s] -- Found rmw_implementation_cmake: 6.1.1 (/opt/ros/humble/share/rmw_implementation_cmake/cmake)
[0.531s] -- Found rmw_fastrtps_cpp: 6.2.3 (/opt/ros/humble/share/rmw_fastrtps_cpp/cmake)
[0.732s] -- Using RMW implementation 'rmw_fastrtps_cpp' as default
[1.021s] -- Found ament_lint_auto: 0.12.7 (/opt/ros/humble/share/ament_lint_auto/cmake)
[1.145s] -- Added test 'cppcheck' to perform static code analysis on C / C++ code
[1.145s] -- Configured cppcheck include dirs: 
[1.145s] -- Configured cppcheck exclude dirs and/or files: 
[1.145s] -- Added test 'flake8' to check Python code syntax and style conventions
[1.146s] -- Added test 'lint_cmake' to check CMake code style
[1.147s] -- Added test 'pep257' to check Python code against some of the docstring style conventions in PEP 257
[1.148s] -- Added test 'uncrustify' to check C / C++ code style
[1.148s] -- Configured uncrustify additional arguments: 
[1.149s] -- Added test 'xmllint' to check XML markup files
[1.150s] -- Configuring done
[1.164s] -- Generating done
[1.167s] -- Build files have been written to: /home/stinky/Documents/ros2_ws/build/cpp_parameters
[1.212s] [35m[1mConsolidate compiler generated dependencies of target minimal_param_node[0m
[1.243s] [100%] Built target minimal_param_node
[1.259s] Invoked command in '/home/stinky/Documents/ros2_ws/build/cpp_parameters' returned '0': CMAKE_PREFIX_PATH=/opt/ros/humble /usr/bin/cmake --build /home/stinky/Documents/ros2_ws/build/cpp_parameters -- -j8 -l8
[1.314s] Invoking command in '/home/stinky/Documents/ros2_ws/build/cpp_parameters': CMAKE_PREFIX_PATH=/opt/ros/humble /usr/bin/cmake --install /home/stinky/Documents/ros2_ws/build/cpp_parameters
[1.325s] -- Install configuration: ""
[1.325s] -- Up-to-date: /home/stinky/Documents/ros2_ws/install/cpp_parameters/lib/cpp_parameters/minimal_param_node
[1.326s] -- Installing: /home/stinky/Documents/ros2_ws/install/cpp_parameters/share/cpp_parameters/launch
[1.326s] -- Installing: /home/stinky/Documents/ros2_ws/install/cpp_parameters/share/cpp_parameters/launch/cpp_parameters_launch.py
[1.326s] -- Up-to-date: /home/stinky/Documents/ros2_ws/install/cpp_parameters/share/ament_index/resource_index/package_run_dependencies/cpp_parameters
[1.326s] -- Up-to-date: /home/stinky/Documents/ros2_ws/install/cpp_parameters/share/ament_index/resource_index/parent_prefix_path/cpp_parameters
[1.326s] -- Up-to-date: /home/stinky/Documents/ros2_ws/install/cpp_parameters/share/cpp_parameters/environment/ament_prefix_path.sh
[1.327s] -- Installing: /home/stinky/Documents/ros2_ws/install/cpp_parameters/share/cpp_parameters/environment/ament_prefix_path.dsv
[1.327s] -- Up-to-date: /home/stinky/Documents/ros2_ws/install/cpp_parameters/share/cpp_parameters/environment/path.sh
[1.327s] -- Installing: /home/stinky/Documents/ros2_ws/install/cpp_parameters/share/cpp_parameters/environment/path.dsv
[1.327s] -- Up-to-date: /home/stinky/Documents/ros2_ws/install/cpp_parameters/share/cpp_parameters/local_setup.bash
[1.328s] -- Up-to-date: /home/stinky/Documents/ros2_ws/install/cpp_parameters/share/cpp_parameters/local_setup.sh
[1.328s] -- Up-to-date: /home/stinky/Documents/ros2_ws/install/cpp_parameters/share/cpp_parameters/local_setup.zsh
[1.328s] -- Installing: /home/stinky/Documents/ros2_ws/install/cpp_parameters/share/cpp_parameters/local_setup.dsv
[1.328s] -- Installing: /home/stinky/Documents/ros2_ws/install/cpp_parameters/share/cpp_parameters/package.dsv
[1.328s] -- Up-to-date: /home/stinky/Documents/ros2_ws/install/cpp_parameters/share/ament_index/resource_index/packages/cpp_parameters
[1.329s] -- Up-to-date: /home/stinky/Documents/ros2_ws/install/cpp_parameters/share/cpp_parameters/cmake/cpp_parametersConfig.cmake
[1.329s] -- Up-to-date: /home/stinky/Documents/ros2_ws/install/cpp_parameters/share/cpp_parameters/cmake/cpp_parametersConfig-version.cmake
[1.329s] -- Up-to-date: /home/stinky/Documents/ros2_ws/install/cpp_parameters/share/cpp_parameters/package.xml
[1.331s] Invoked command in '/home/stinky/Documents/ros2_ws/build/cpp_parameters' returned '0': CMAKE_PREFIX_PATH=/opt/ros/humble /usr/bin/cmake --install /home/stinky/Documents/ros2_ws/build/cpp_parameters
